Mon, 14 Sep 2020 20:10:36 copy_tool.py[line:98] ERROR [WinError 10054] 远程主机强迫关闭了一个现有的连接。
Mon, 14 Sep 2020 21:07:49 copy_tool.py[line:45] INFO ---ftp init---
Mon, 14 Sep 2020 21:07:49 copy_tool.py[line:76] INFO start ftp connect
Mon, 14 Sep 2020 21:08:30 copy_tool.py[line:45] INFO ---ftp init---
Mon, 14 Sep 2020 21:08:30 copy_tool.py[line:76] INFO start ftp connect
Mon, 14 Sep 2020 21:10:12 copy_tool.py[line:45] INFO ---ftp init---
Mon, 14 Sep 2020 21:10:12 copy_tool.py[line:76] INFO start ftp connect
Mon, 14 Sep 2020 21:10:15 copy_tool.py[line:98] INFO 正在下载文件VDI/hj/temp/msg_between_extranet_and_intranet.txt到D:/Downloads/msg_between_extranet_and_intranet.txt
Mon, 14 Sep 2020 21:10:53 copy_tool.py[line:98] INFO 正在下载文件VDI/hj/temp/msg_between_extranet_and_intranet.txt到D:/Downloads/msg_between_extranet_and_intranet.txt
Mon, 14 Sep 2020 21:13:56 copy_tool.py[line:45] INFO ---ftp init---
Mon, 14 Sep 2020 21:13:56 copy_tool.py[line:76] INFO start ftp connect
Mon, 14 Sep 2020 21:13:58 copy_tool.py[line:98] INFO 正在下载文件VDI/hj/temp/msg_between_extranet_and_intranet.txt到D:/Downloads/msg_between_extranet_and_intranet.txt
Mon, 14 Sep 2020 21:13:58 copy_tool.py[line:582] INFO 正在读取D:/Downloads/msg_between_extranet_and_intranet.txt
Mon, 14 Sep 2020 21:14:03 copy_tool.py[line:98] INFO 正在下载文件VDI/hj/temp/msg_between_extranet_and_intranet.txt到D:/Downloads/msg_between_extranet_and_intranet.txt
Mon, 14 Sep 2020 21:14:13 copy_tool.py[line:104] ERROR [WinError 10054] 远程主机强迫关闭了一个现有的连接。
Mon, 14 Sep 2020 21:14:13 copy_tool.py[line:76] INFO start ftp connect
Mon, 14 Sep 2020 21:14:13 copy_tool.py[line:582] INFO 正在读取D:/Downloads/msg_between_extranet_and_intranet.txt
Wed, 16 Sep 2020 19:13:56 copy_tool.py[line:45] INFO ---ftp init---
Wed, 16 Sep 2020 19:13:56 copy_tool.py[line:102] INFO start ftp connect
Wed, 16 Sep 2020 19:18:39 copy_tool.py[line:45] INFO ---ftp init---
Wed, 16 Sep 2020 19:18:39 copy_tool.py[line:102] INFO start ftp connect
Wed, 16 Sep 2020 19:21:12 copy_tool.py[line:45] INFO ---ftp init---
Wed, 16 Sep 2020 19:21:12 copy_tool.py[line:102] INFO start ftp connect
Wed, 16 Sep 2020 19:21:28 copy_tool.py[line:187] INFO ---ftp quit---
Wed, 16 Sep 2020 19:25:12 copy_tool.py[line:45] INFO ---ftp init---
Wed, 16 Sep 2020 19:25:12 copy_tool.py[line:102] INFO start ftp connect
Wed, 16 Sep 2020 19:25:40 copy_tool.py[line:187] INFO ---ftp quit---
Wed, 16 Sep 2020 19:25:44 copy_tool.py[line:45] INFO ---ftp init---
Wed, 16 Sep 2020 19:25:44 copy_tool.py[line:102] INFO start ftp connect
Wed, 16 Sep 2020 19:28:54 copy_tool.py[line:45] INFO ---ftp init---
Wed, 16 Sep 2020 19:28:54 copy_tool.py[line:103] INFO start ftp connect
Wed, 16 Sep 2020 19:36:34 copy_tool.py[line:45] INFO ---ftp init---
Wed, 16 Sep 2020 19:36:34 copy_tool.py[line:103] INFO start ftp connect
Wed, 16 Sep 2020 19:36:47 copy_tool.py[line:188] INFO ---ftp quit---
Wed, 16 Sep 2020 19:36:52 copy_tool.py[line:45] INFO ---ftp init---
Wed, 16 Sep 2020 19:36:52 copy_tool.py[line:103] INFO start ftp connect
Wed, 16 Sep 2020 19:37:28 copy_tool.py[line:188] INFO ---ftp quit---
Wed, 16 Sep 2020 19:37:29 copy_tool.py[line:45] INFO ---ftp init---
Wed, 16 Sep 2020 19:37:29 copy_tool.py[line:103] INFO start ftp connect
Wed, 16 Sep 2020 19:40:20 copy_tool.py[line:45] INFO ---ftp init---
Wed, 16 Sep 2020 19:40:20 copy_tool.py[line:103] INFO start ftp connect
Wed, 16 Sep 2020 19:40:32 copy_tool.py[line:188] INFO ---ftp quit---
Wed, 16 Sep 2020 19:43:14 copy_tool.py[line:45] INFO ---ftp init---
Wed, 16 Sep 2020 19:43:14 copy_tool.py[line:103] INFO start ftp connect
Thu, 17 Sep 2020 09:18:20 copy_tool.py[line:45] INFO ---ftp init---
Thu, 17 Sep 2020 09:18:20 copy_tool.py[line:103] INFO start ftp connect
Thu, 17 Sep 2020 09:20:06 copy_tool.py[line:188] INFO ---ftp quit---
Thu, 17 Sep 2020 09:21:22 copy_tool.py[line:45] INFO ---ftp init---
Thu, 17 Sep 2020 09:21:22 copy_tool.py[line:103] INFO start ftp connect
Thu, 17 Sep 2020 09:25:12 copy_tool.py[line:45] INFO ---ftp init---
Thu, 17 Sep 2020 09:25:12 copy_tool.py[line:103] INFO start ftp connect
Thu, 17 Sep 2020 09:26:04 copy_tool.py[line:188] INFO ---ftp quit---
Thu, 17 Sep 2020 09:26:06 copy_tool.py[line:45] INFO ---ftp init---
Thu, 17 Sep 2020 09:26:06 copy_tool.py[line:103] INFO start ftp connect
Thu, 17 Sep 2020 09:28:07 copy_tool.py[line:188] INFO ---ftp quit---
Thu, 17 Sep 2020 09:28:08 copy_tool.py[line:45] INFO ---ftp init---
Thu, 17 Sep 2020 09:28:08 copy_tool.py[line:104] INFO start ftp connect
Thu, 17 Sep 2020 09:30:52 copy_tool.py[line:45] INFO ---ftp init---
Thu, 17 Sep 2020 09:30:52 copy_tool.py[line:106] INFO start ftp connect
Thu, 17 Sep 2020 09:32:16 copy_tool.py[line:191] INFO ---ftp quit---
Thu, 17 Sep 2020 09:32:17 copy_tool.py[line:45] INFO ---ftp init---
Thu, 17 Sep 2020 09:32:17 copy_tool.py[line:106] INFO start ftp connect
Thu, 17 Sep 2020 09:33:19 copy_tool.py[line:191] INFO ---ftp quit---
Thu, 17 Sep 2020 09:33:40 copy_tool.py[line:45] INFO ---ftp init---
Thu, 17 Sep 2020 09:33:40 copy_tool.py[line:110] INFO start ftp connect
Thu, 17 Sep 2020 09:33:43 copy_tool.py[line:73] ERROR 550 The system cannot find the path specified. 
Thu, 17 Sep 2020 13:33:42 copy_tool.py[line:45] INFO ---ftp init---
Thu, 17 Sep 2020 13:33:42 copy_tool.py[line:110] INFO start ftp connect
Thu, 17 Sep 2020 13:34:23 copy_tool.py[line:73] ERROR 550 The system cannot find the path specified. 
Thu, 17 Sep 2020 13:37:45 copy_tool.py[line:45] INFO ---ftp init---
Thu, 17 Sep 2020 13:37:45 copy_tool.py[line:111] INFO start ftp connect
Thu, 17 Sep 2020 13:38:10 copy_tool.py[line:73] ERROR 550 The system cannot find the path specified. 
Thu, 17 Sep 2020 13:39:38 copy_tool.py[line:196] INFO ---ftp quit---
Thu, 17 Sep 2020 13:39:41 copy_tool.py[line:45] INFO ---ftp init---
Thu, 17 Sep 2020 13:39:41 copy_tool.py[line:111] INFO start ftp connect
Thu, 17 Sep 2020 13:40:13 copy_tool.py[line:196] INFO ---ftp quit---
Thu, 17 Sep 2020 13:40:49 copy_tool.py[line:45] INFO ---ftp init---
Thu, 17 Sep 2020 13:40:49 copy_tool.py[line:111] INFO start ftp connect
Thu, 17 Sep 2020 13:51:03 copy_tool.py[line:45] INFO ---ftp init---
Thu, 17 Sep 2020 13:51:03 copy_tool.py[line:80] INFO start ftp connect
Thu, 17 Sep 2020 13:51:29 copy_tool.py[line:73] INFO 删除FTP目录/VDI/hj/temp/下存在的文件:202005210535-外设信息收集表.docx
Thu, 17 Sep 2020 13:51:29 copy_tool.py[line:73] INFO 删除FTP目录/VDI/hj/temp/下存在的文件:PCHunter_free
Thu, 17 Sep 2020 13:53:27 copy_tool.py[line:165] INFO ---ftp quit---
Thu, 17 Sep 2020 13:53:30 copy_tool.py[line:45] INFO ---ftp init---
Thu, 17 Sep 2020 13:53:30 copy_tool.py[line:80] INFO start ftp connect
Thu, 17 Sep 2020 13:53:34 copy_tool.py[line:59] INFO 开始删除PCHunter_free文件夹
Thu, 17 Sep 2020 13:53:34 copy_tool.py[line:59] INFO 开始删除PCHunter_free文件夹
Thu, 17 Sep 2020 13:53:34 copy_tool.py[line:73] INFO 删除FTP目录/VDI/hj/temp/PCHunter_free/PCHunter_free下存在的文件:PCHunter32.exe
Thu, 17 Sep 2020 13:53:34 copy_tool.py[line:73] INFO 删除FTP目录/VDI/hj/temp/PCHunter_free/PCHunter_free下存在的文件:PCHunter64.exe
Thu, 17 Sep 2020 13:53:34 copy_tool.py[line:73] INFO 删除FTP目录/VDI/hj/temp/PCHunter_free/PCHunter_free下存在的文件:readme.txt
Thu, 17 Sep 2020 13:53:34 copy_tool.py[line:73] INFO 删除FTP目录/VDI/hj/temp/PCHunter_free/PCHunter_free下存在的文件:说明.txt
Thu, 17 Sep 2020 13:53:34 copy_tool.py[line:65] INFO 删除空文件夹/VDI/hj/temp/PCHunter_free/PCHunter_free
Thu, 17 Sep 2020 13:53:34 copy_tool.py[line:65] INFO 删除空文件夹/VDI/hj/temp/PCHunter_free
Thu, 17 Sep 2020 13:54:52 copy_tool.py[line:73] INFO 删除FTP目录/VDI/hj/temp/下存在的文件:202005210535-外设信息收集表.docx
Thu, 17 Sep 2020 13:54:52 copy_tool.py[line:73] INFO 删除FTP目录/VDI/hj/temp/下存在的文件:PCHunter_free
Thu, 17 Sep 2020 13:55:26 copy_tool.py[line:165] INFO ---ftp quit---
Thu, 17 Sep 2020 13:55:50 copy_tool.py[line:45] INFO ---ftp init---
Thu, 17 Sep 2020 13:55:50 copy_tool.py[line:80] INFO start ftp connect
Thu, 17 Sep 2020 13:56:05 copy_tool.py[line:73] INFO 删除FTP目录/VDI/hj/temp/下存在的文件:202005210535-外设信息收集表.docx
Thu, 17 Sep 2020 13:56:05 copy_tool.py[line:73] INFO 删除FTP目录/VDI/hj/temp/下存在的文件:PCHunter_free
Thu, 17 Sep 2020 13:58:22 copy_tool.py[line:45] INFO ---ftp init---
Thu, 17 Sep 2020 13:58:22 copy_tool.py[line:81] INFO start ftp connect
Thu, 17 Sep 2020 13:58:24 copy_tool.py[line:59] INFO 开始删除PCHunter_free文件夹
Thu, 17 Sep 2020 13:58:24 copy_tool.py[line:59] INFO 开始删除PCHunter_free文件夹
Thu, 17 Sep 2020 13:58:24 copy_tool.py[line:74] INFO 删除FTP目录/VDI/hj/temp/PCHunter_free/PCHunter_free下存在的文件:PCHunter32.exe
Thu, 17 Sep 2020 13:58:24 copy_tool.py[line:74] INFO 删除FTP目录/VDI/hj/temp/PCHunter_free/PCHunter_free下存在的文件:PCHunter64.exe
Thu, 17 Sep 2020 13:58:24 copy_tool.py[line:74] INFO 删除FTP目录/VDI/hj/temp/PCHunter_free/PCHunter_free下存在的文件:readme.txt
Thu, 17 Sep 2020 13:58:24 copy_tool.py[line:74] INFO 删除FTP目录/VDI/hj/temp/PCHunter_free/PCHunter_free下存在的文件:说明.txt
Thu, 17 Sep 2020 13:58:24 copy_tool.py[line:65] INFO 删除空文件夹/VDI/hj/temp/PCHunter_free/PCHunter_free
Thu, 17 Sep 2020 13:58:24 copy_tool.py[line:65] INFO 删除空文件夹/VDI/hj/temp/PCHunter_free
Thu, 17 Sep 2020 13:58:42 copy_tool.py[line:74] INFO 删除FTP目录/VDI/hj/temp/下存在的文件:202005210535-外设信息收集表.docx
Thu, 17 Sep 2020 13:58:42 copy_tool.py[line:74] INFO 删除FTP目录/VDI/hj/temp/下存在的文件:PCHunter_free
Thu, 17 Sep 2020 14:04:03 copy_tool.py[line:45] INFO ---ftp init---
Thu, 17 Sep 2020 14:04:03 copy_tool.py[line:79] INFO start ftp connect
Thu, 17 Sep 2020 14:04:18 copy_tool.py[line:72] INFO 删除FTP目录/VDI/hj/temp/下存在的文件:202005210535-外设信息收集表.docx
Thu, 17 Sep 2020 14:04:18 copy_tool.py[line:59] INFO 开始删除PCHunter_free文件夹
Thu, 17 Sep 2020 14:04:18 copy_tool.py[line:59] INFO 开始删除PCHunter_free文件夹
Thu, 17 Sep 2020 14:04:18 copy_tool.py[line:72] INFO 删除FTP目录/VDI/hj/temp/PCHunter_free/PCHunter_free下存在的文件:PCHunter32.exe
Thu, 17 Sep 2020 14:04:18 copy_tool.py[line:72] INFO 删除FTP目录/VDI/hj/temp/PCHunter_free/PCHunter_free下存在的文件:PCHunter64.exe
Thu, 17 Sep 2020 14:04:18 copy_tool.py[line:72] INFO 删除FTP目录/VDI/hj/temp/PCHunter_free/PCHunter_free下存在的文件:readme.txt
Thu, 17 Sep 2020 14:04:18 copy_tool.py[line:72] INFO 删除FTP目录/VDI/hj/temp/PCHunter_free/PCHunter_free下存在的文件:说明.txt
Thu, 17 Sep 2020 14:04:18 copy_tool.py[line:65] INFO 删除空文件夹/VDI/hj/temp/PCHunter_free/PCHunter_free
Thu, 17 Sep 2020 14:04:18 copy_tool.py[line:65] INFO 删除空文件夹/VDI/hj/temp/PCHunter_free
Thu, 17 Sep 2020 14:09:22 copy_tool.py[line:45] INFO ---ftp init---
Thu, 17 Sep 2020 14:09:22 copy_tool.py[line:79] INFO start ftp connect
Thu, 17 Sep 2020 14:09:29 copy_tool.py[line:163] INFO ---ftp quit---
Thu, 06 May 2021 18:57:13 copy_tool.py[line:45] INFO ---ftp init---
Thu, 06 May 2021 18:57:13 copy_tool.py[line:79] INFO start ftp connect
Thu, 06 May 2021 19:20:59 copy_tool.py[line:163] INFO ---ftp quit---
Thu, 06 May 2021 19:20:59 copy_tool.py[line:167] WARNING [WinError 10054] 远程主机强迫关闭了一个现有的连接。
Thu, 06 May 2021 21:17:07 copy_tool.py[line:45] INFO ---ftp init---
Thu, 06 May 2021 21:17:07 copy_tool.py[line:79] INFO start ftp connect
Thu, 06 May 2021 21:17:59 copy_tool.py[line:163] INFO ---ftp quit---
Thu, 06 May 2021 21:18:46 copy_tool.py[line:45] INFO ---ftp init---
Thu, 06 May 2021 21:18:46 copy_tool.py[line:79] INFO start ftp connect
Thu, 06 May 2021 21:22:32 copy_tool.py[line:163] INFO ---ftp quit---
Thu, 06 May 2021 21:22:32 copy_tool.py[line:167] WARNING [WinError 10054] 远程主机强迫关闭了一个现有的连接。
Thu, 06 May 2021 21:22:35 copy_tool.py[line:45] INFO ---ftp init---
Thu, 06 May 2021 21:22:35 copy_tool.py[line:79] INFO start ftp connect
Thu, 06 May 2021 21:23:26 copy_tool.py[line:163] INFO ---ftp quit---
Thu, 06 May 2021 21:24:11 copy_tool.py[line:45] INFO ---ftp init---
Thu, 06 May 2021 21:24:11 copy_tool.py[line:79] INFO start ftp connect
Thu, 06 May 2021 21:25:05 copy_tool.py[line:547] INFO mouse position is x=373, y=15
Thu, 06 May 2021 21:25:18 copy_tool.py[line:101] INFO 正在下载文件/VDI/hj/temp/1709到D:/Downloads/1709
Thu, 06 May 2021 21:25:18 copy_tool.py[line:107] WARNING 550 Access is denied. 
Thu, 06 May 2021 21:25:18 copy_tool.py[line:79] INFO start ftp connect
Thu, 06 May 2021 21:26:43 copy_tool.py[line:539] INFO download_ftp.py
Thu, 06 May 2021 21:26:43 copy_tool.py[line:150] INFO 正在上传文件/VDI/hj/temp/download_ftp.py到D:/Github/Storage/python/libary/download_ftp.py
Thu, 06 May 2021 21:27:08 copy_tool.py[line:150] INFO 正在上传文件/VDI/hj/temp/download_ftp.py到D:/Github/Storage/python/libary/download_ftp.py
Thu, 06 May 2021 21:27:11 copy_tool.py[line:101] INFO 正在下载文件/VDI/hj/temp/download_ftp.py到D:/Github/Storage/python/libary/download_ftp.py
Thu, 06 May 2021 21:29:13 copy_tool.py[line:163] INFO ---ftp quit---
Thu, 06 May 2021 21:29:16 copy_tool.py[line:45] INFO ---ftp init---
Thu, 06 May 2021 21:29:16 copy_tool.py[line:79] INFO start ftp connect
Thu, 06 May 2021 21:29:24 copy_tool.py[line:163] INFO ---ftp quit---
Fri, 07 May 2021 08:58:41 copy_tool.py[line:45] INFO ---ftp init---
Fri, 07 May 2021 08:58:41 copy_tool.py[line:79] INFO start ftp connect
Fri, 07 May 2021 09:10:55 copy_tool.py[line:163] INFO ---ftp quit---
Fri, 07 May 2021 09:10:55 copy_tool.py[line:167] WARNING [WinError 10054] 远程主机强迫关闭了一个现有的连接。
Fri, 04 Jun 2021 13:59:46 copy_tool.py[line:45] INFO ---ftp init---
Fri, 04 Jun 2021 13:59:46 copy_tool.py[line:79] INFO start ftp connect
Fri, 04 Jun 2021 14:00:06 copy_tool.py[line:163] INFO ---ftp quit---
Mon, 30 Aug 2021 20:22:14 copy_tool.py[line:55] INFO ---ftp init---
Mon, 30 Aug 2021 20:22:14 copy_tool.py[line:89] INFO start ftp connect
Mon, 30 Aug 2021 20:23:32 copy_tool.py[line:55] INFO ---ftp init---
Mon, 30 Aug 2021 20:23:32 copy_tool.py[line:89] INFO start ftp connect
Mon, 30 Aug 2021 20:24:01 copy_tool.py[line:55] INFO ---ftp init---
Mon, 30 Aug 2021 20:25:13 copy_tool.py[line:127] WARNING 'MyFTP' object has no attribute 'ftp'
Mon, 30 Aug 2021 20:25:13 copy_tool.py[line:89] INFO start ftp connect
Mon, 30 Aug 2021 20:25:34 copy_tool.py[line:111] INFO 正在下载文件/VDI/hj/temp/transfer_msg.txt到D:/Downloads/transfer_msg.txt
Mon, 30 Aug 2021 20:25:34 copy_tool.py[line:117] WARNING 530 Please log in with USER and PASS first.
Mon, 30 Aug 2021 20:25:34 copy_tool.py[line:89] INFO start ftp connect
Mon, 30 Aug 2021 20:25:35 copy_tool.py[line:595] INFO 正在写入D:/Downloads/transfer_msg.txt
Mon, 30 Aug 2021 20:25:35 copy_tool.py[line:160] INFO 正在上传文件/VDI/hj/temp/transfer_msg.txt到D:/Downloads/transfer_msg.txt
Mon, 30 Aug 2021 20:25:35 copy_tool.py[line:166] WARNING 530 Please log in with USER and PASS first.
Mon, 30 Aug 2021 20:25:35 copy_tool.py[line:89] INFO start ftp connect
Mon, 30 Aug 2021 20:25:36 copy_tool.py[line:639] INFO 
Mon, 30 Aug 2021 20:25:38 copy_tool.py[line:562] INFO mouse position is x=375, y=11
Mon, 30 Aug 2021 20:35:34 copy_tool.py[line:173] INFO ---ftp quit---
Mon, 30 Aug 2021 20:35:34 copy_tool.py[line:177] WARNING [WinError 10053] 您的主机中的软件中止了一个已建立的连接。
Mon, 30 Aug 2021 20:53:22 copy_tool.py[line:58] INFO ---ftp init---
Mon, 30 Aug 2021 20:53:46 copy_tool.py[line:176] INFO ---ftp quit---
Mon, 30 Aug 2021 20:53:46 copy_tool.py[line:180] WARNING 'MyFTP' object has no attribute 'ftp'
Mon, 30 Aug 2021 20:53:54 copy_tool.py[line:58] INFO ---ftp init---
Mon, 30 Aug 2021 20:53:59 copy_tool.py[line:176] INFO ---ftp quit---
Mon, 30 Aug 2021 20:53:59 copy_tool.py[line:180] WARNING 'MyFTP' object has no attribute 'ftp'
Mon, 30 Aug 2021 20:55:25 copy_tool.py[line:58] INFO ---ftp init---
Mon, 30 Aug 2021 20:55:52 copy_tool.py[line:176] INFO ---ftp quit---
Mon, 30 Aug 2021 20:55:52 copy_tool.py[line:180] WARNING 'MyFTP' object has no attribute 'ftp'
Mon, 30 Aug 2021 20:57:00 copy_tool.py[line:58] INFO ---ftp init---
Mon, 30 Aug 2021 20:57:08 copy_tool.py[line:176] INFO ---ftp quit---
Mon, 30 Aug 2021 20:57:08 copy_tool.py[line:180] WARNING 'MyFTP' object has no attribute 'ftp'
Tue, 31 Aug 2021 09:40:01 copy_tool.py[line:58] INFO ---ftp init---
Tue, 31 Aug 2021 09:48:33 copy_tool.py[line:58] INFO ---ftp init---
Tue, 31 Aug 2021 09:49:57 copy_tool.py[line:58] INFO ---ftp init---
Tue, 31 Aug 2021 09:50:50 copy_tool.py[line:176] INFO ---ftp quit---
Tue, 31 Aug 2021 09:50:50 copy_tool.py[line:180] WARNING 'MyFTP' object has no attribute 'ftp'
Tue, 31 Aug 2021 09:50:52 copy_tool.py[line:58] INFO ---ftp init---
Tue, 31 Aug 2021 09:51:42 copy_tool.py[line:58] INFO ---ftp init---
Tue, 31 Aug 2021 09:52:18 copy_tool.py[line:176] INFO ---ftp quit---
Tue, 31 Aug 2021 09:52:18 copy_tool.py[line:180] WARNING 'MyFTP' object has no attribute 'ftp'
Tue, 31 Aug 2021 09:52:29 copy_tool.py[line:58] INFO ---ftp init---
Tue, 31 Aug 2021 09:53:20 copy_tool.py[line:176] INFO ---ftp quit---
Tue, 31 Aug 2021 09:53:20 copy_tool.py[line:180] WARNING 'MyFTP' object has no attribute 'ftp'
Tue, 31 Aug 2021 09:53:27 copy_tool.py[line:58] INFO ---ftp init---
Tue, 31 Aug 2021 09:56:51 copy_tool.py[line:176] INFO ---ftp quit---
Tue, 31 Aug 2021 09:56:51 copy_tool.py[line:180] WARNING 'MyFTP' object has no attribute 'ftp'
Tue, 31 Aug 2021 09:57:01 copy_tool.py[line:58] INFO ---ftp init---
Tue, 31 Aug 2021 10:57:46 copy_tool.py[line:176] INFO ---ftp quit---
Tue, 31 Aug 2021 10:57:46 copy_tool.py[line:180] WARNING 'MyFTP' object has no attribute 'ftp'
Tue, 31 Aug 2021 10:57:48 copy_tool.py[line:58] INFO ---ftp init---
Tue, 31 Aug 2021 10:58:00 copy_tool.py[line:176] INFO ---ftp quit---
Tue, 31 Aug 2021 10:58:00 copy_tool.py[line:180] WARNING 'MyFTP' object has no attribute 'ftp'
Tue, 31 Aug 2021 10:59:11 copy_tool.py[line:58] INFO ---ftp init---
Tue, 31 Aug 2021 11:02:01 copy_tool.py[line:176] INFO ---ftp quit---
Tue, 31 Aug 2021 11:02:01 copy_tool.py[line:180] WARNING 'MyFTP' object has no attribute 'ftp'
Tue, 31 Aug 2021 11:02:04 copy_tool.py[line:58] INFO ---ftp init---
Tue, 31 Aug 2021 11:02:21 copy_tool.py[line:176] INFO ---ftp quit---
Tue, 31 Aug 2021 11:02:21 copy_tool.py[line:180] WARNING 'MyFTP' object has no attribute 'ftp'
Tue, 31 Aug 2021 11:03:10 copy_tool.py[line:58] INFO ---ftp init---
Tue, 31 Aug 2021 11:03:41 copy_tool.py[line:176] INFO ---ftp quit---
Tue, 31 Aug 2021 11:03:41 copy_tool.py[line:180] WARNING 'MyFTP' object has no attribute 'ftp'
Tue, 31 Aug 2021 11:04:40 copy_tool.py[line:58] INFO ---ftp init---
Tue, 31 Aug 2021 11:04:55 copy_tool.py[line:176] INFO ---ftp quit---
Tue, 31 Aug 2021 11:04:55 copy_tool.py[line:180] WARNING 'MyFTP' object has no attribute 'ftp'
Tue, 31 Aug 2021 11:05:22 copy_tool.py[line:58] INFO ---ftp init---
Tue, 31 Aug 2021 11:05:34 copy_tool.py[line:176] INFO ---ftp quit---
Tue, 31 Aug 2021 11:05:34 copy_tool.py[line:180] WARNING 'MyFTP' object has no attribute 'ftp'
Tue, 31 Aug 2021 11:05:45 copy_tool.py[line:58] INFO ---ftp init---
Tue, 31 Aug 2021 11:05:55 copy_tool.py[line:176] INFO ---ftp quit---
Tue, 31 Aug 2021 11:05:55 copy_tool.py[line:180] WARNING 'MyFTP' object has no attribute 'ftp'
Tue, 31 Aug 2021 11:06:43 copy_tool.py[line:58] INFO ---ftp init---
Tue, 31 Aug 2021 11:07:21 copy_tool.py[line:176] INFO ---ftp quit---
Tue, 31 Aug 2021 11:07:21 copy_tool.py[line:180] WARNING 'MyFTP' object has no attribute 'ftp'
Tue, 31 Aug 2021 11:08:10 copy_tool.py[line:58] INFO ---ftp init---
Tue, 31 Aug 2021 11:08:30 copy_tool.py[line:176] INFO ---ftp quit---
Tue, 31 Aug 2021 11:08:30 copy_tool.py[line:180] WARNING 'MyFTP' object has no attribute 'ftp'
Tue, 31 Aug 2021 11:12:17 copy_tool.py[line:58] INFO ---ftp init---
Tue, 31 Aug 2021 11:16:56 copy_tool.py[line:58] INFO ---ftp init---
Tue, 31 Aug 2021 11:17:25 copy_tool.py[line:176] INFO ---ftp quit---
Tue, 31 Aug 2021 11:17:25 copy_tool.py[line:180] WARNING 'MyFTP' object has no attribute 'ftp'
Tue, 31 Aug 2021 11:18:04 copy_tool.py[line:58] INFO ---ftp init---
Tue, 31 Aug 2021 11:20:31 copy_tool.py[line:176] INFO ---ftp quit---
Tue, 31 Aug 2021 11:20:31 copy_tool.py[line:180] WARNING 'MyFTP' object has no attribute 'ftp'
Tue, 31 Aug 2021 11:21:24 copy_tool.py[line:58] INFO ---ftp init---
Tue, 31 Aug 2021 11:21:55 copy_tool.py[line:176] INFO ---ftp quit---
Tue, 31 Aug 2021 11:21:55 copy_tool.py[line:180] WARNING 'MyFTP' object has no attribute 'ftp'
Tue, 31 Aug 2021 11:22:34 copy_tool.py[line:58] INFO ---ftp init---
Tue, 31 Aug 2021 11:22:48 copy_tool.py[line:176] INFO ---ftp quit---
Tue, 31 Aug 2021 11:22:48 copy_tool.py[line:180] WARNING 'MyFTP' object has no attribute 'ftp'
Tue, 31 Aug 2021 11:23:17 copy_tool.py[line:58] INFO ---ftp init---
Tue, 31 Aug 2021 11:23:35 copy_tool.py[line:58] INFO ---ftp init---
Tue, 31 Aug 2021 11:24:11 copy_tool.py[line:176] INFO ---ftp quit---
Tue, 31 Aug 2021 11:24:11 copy_tool.py[line:180] WARNING 'MyFTP' object has no attribute 'ftp'
Tue, 31 Aug 2021 11:24:54 copy_tool.py[line:58] INFO ---ftp init---
Tue, 31 Aug 2021 11:25:04 copy_tool.py[line:176] INFO ---ftp quit---
Tue, 31 Aug 2021 11:25:04 copy_tool.py[line:180] WARNING 'MyFTP' object has no attribute 'ftp'
Tue, 31 Aug 2021 11:47:27 copy_tool.py[line:58] INFO ---ftp init---
Tue, 31 Aug 2021 11:47:52 copy_tool.py[line:176] INFO ---ftp quit---
Tue, 31 Aug 2021 11:47:52 copy_tool.py[line:180] WARNING 'MyFTP' object has no attribute 'ftp'
Tue, 31 Aug 2021 11:49:31 copy_tool.py[line:58] INFO ---ftp init---
Tue, 31 Aug 2021 11:49:40 copy_tool.py[line:176] INFO ---ftp quit---
Tue, 31 Aug 2021 11:49:40 copy_tool.py[line:180] WARNING 'MyFTP' object has no attribute 'ftp'
Tue, 31 Aug 2021 11:49:51 copy_tool.py[line:58] INFO ---ftp init---
Tue, 31 Aug 2021 11:50:03 copy_tool.py[line:176] INFO ---ftp quit---
Tue, 31 Aug 2021 11:50:03 copy_tool.py[line:180] WARNING 'MyFTP' object has no attribute 'ftp'
Tue, 31 Aug 2021 11:50:27 copy_tool.py[line:58] INFO ---ftp init---
Tue, 31 Aug 2021 11:50:35 copy_tool.py[line:176] INFO ---ftp quit---
Tue, 31 Aug 2021 11:50:35 copy_tool.py[line:180] WARNING 'MyFTP' object has no attribute 'ftp'
Tue, 31 Aug 2021 11:50:43 copy_tool.py[line:58] INFO ---ftp init---
Tue, 31 Aug 2021 11:50:54 copy_tool.py[line:176] INFO ---ftp quit---
Tue, 31 Aug 2021 11:50:54 copy_tool.py[line:180] WARNING 'MyFTP' object has no attribute 'ftp'
Tue, 31 Aug 2021 14:26:10 copy_tool.py[line:58] INFO ---ftp init---
Tue, 31 Aug 2021 14:26:58 copy_tool.py[line:176] INFO ---ftp quit---
Tue, 31 Aug 2021 14:26:58 copy_tool.py[line:180] WARNING 'MyFTP' object has no attribute 'ftp'
Tue, 31 Aug 2021 14:28:47 copy_tool.py[line:58] INFO ---ftp init---
Tue, 31 Aug 2021 14:29:12 copy_tool.py[line:176] INFO ---ftp quit---
Tue, 31 Aug 2021 14:29:12 copy_tool.py[line:180] WARNING 'MyFTP' object has no attribute 'ftp'
Tue, 31 Aug 2021 14:29:19 copy_tool.py[line:58] INFO ---ftp init---
Tue, 31 Aug 2021 14:29:34 copy_tool.py[line:176] INFO ---ftp quit---
Tue, 31 Aug 2021 14:29:34 copy_tool.py[line:180] WARNING 'MyFTP' object has no attribute 'ftp'
Tue, 31 Aug 2021 14:29:59 copy_tool.py[line:58] INFO ---ftp init---
Tue, 31 Aug 2021 14:31:52 copy_tool.py[line:58] INFO ---ftp init---
Tue, 31 Aug 2021 14:32:44 copy_tool.py[line:176] INFO ---ftp quit---
Tue, 31 Aug 2021 14:32:44 copy_tool.py[line:180] WARNING 'MyFTP' object has no attribute 'ftp'
Tue, 31 Aug 2021 14:32:46 copy_tool.py[line:58] INFO ---ftp init---
Tue, 31 Aug 2021 14:33:21 copy_tool.py[line:176] INFO ---ftp quit---
Tue, 31 Aug 2021 14:33:21 copy_tool.py[line:180] WARNING 'MyFTP' object has no attribute 'ftp'
Tue, 31 Aug 2021 14:33:30 copy_tool.py[line:58] INFO ---ftp init---
Tue, 31 Aug 2021 14:33:43 copy_tool.py[line:176] INFO ---ftp quit---
Tue, 31 Aug 2021 14:33:43 copy_tool.py[line:180] WARNING 'MyFTP' object has no attribute 'ftp'
Tue, 31 Aug 2021 14:33:54 copy_tool.py[line:58] INFO ---ftp init---
Tue, 31 Aug 2021 14:34:03 copy_tool.py[line:176] INFO ---ftp quit---
Tue, 31 Aug 2021 14:34:03 copy_tool.py[line:180] WARNING 'MyFTP' object has no attribute 'ftp'
Tue, 31 Aug 2021 14:34:23 copy_tool.py[line:58] INFO ---ftp init---
Tue, 31 Aug 2021 14:34:41 copy_tool.py[line:176] INFO ---ftp quit---
Tue, 31 Aug 2021 14:34:41 copy_tool.py[line:180] WARNING 'MyFTP' object has no attribute 'ftp'
Tue, 31 Aug 2021 14:34:50 copy_tool.py[line:58] INFO ---ftp init---
Tue, 31 Aug 2021 14:35:05 copy_tool.py[line:176] INFO ---ftp quit---
Tue, 31 Aug 2021 14:35:05 copy_tool.py[line:180] WARNING 'MyFTP' object has no attribute 'ftp'
Tue, 31 Aug 2021 14:35:11 copy_tool.py[line:58] INFO ---ftp init---
Tue, 31 Aug 2021 14:35:34 copy_tool.py[line:176] INFO ---ftp quit---
Tue, 31 Aug 2021 14:35:34 copy_tool.py[line:180] WARNING 'MyFTP' object has no attribute 'ftp'
Tue, 31 Aug 2021 21:21:04 copy_tool.py[line:58] INFO ---ftp init---
Tue, 31 Aug 2021 21:21:18 copy_tool.py[line:176] INFO ---ftp quit---
Tue, 31 Aug 2021 21:21:18 copy_tool.py[line:180] WARNING 'MyFTP' object has no attribute 'ftp'
Tue, 31 Aug 2021 21:22:04 copy_tool.py[line:58] INFO ---ftp init---
Tue, 31 Aug 2021 21:22:04 copy_tool.py[line:92] INFO start ftp connect
Tue, 31 Aug 2021 21:25:00 copy_tool.py[line:58] INFO ---ftp init---
Tue, 31 Aug 2021 21:25:00 copy_tool.py[line:92] INFO start ftp connect
Tue, 31 Aug 2021 21:25:01 copy_tool.py[line:100] ERROR 登录ftp服务器失败, [WinError 10061] 由于目标计算机积极拒绝，无法连接。
Tue, 31 Aug 2021 21:25:11 copy_tool.py[line:179] INFO ---ftp quit---
Tue, 31 Aug 2021 21:25:11 copy_tool.py[line:183] WARNING 'NoneType' object has no attribute 'sendall'
Wed, 01 Sep 2021 10:50:16 copy_tool.py[line:58] INFO ---ftp init---
Wed, 01 Sep 2021 10:50:16 copy_tool.py[line:92] INFO start ftp connect
Wed, 01 Sep 2021 10:50:17 copy_tool.py[line:100] ERROR 登录ftp服务器失败, [WinError 10061] 由于目标计算机积极拒绝，无法连接。
Wed, 01 Sep 2021 10:50:23 copy_tool.py[line:179] INFO ---ftp quit---
Wed, 01 Sep 2021 10:50:23 copy_tool.py[line:183] WARNING 'NoneType' object has no attribute 'sendall'
