2023-02-23 17:33:37 udev_detect.py[<module>:89] INFO: ******** starting ********
2023-02-23 17:33:37 udev_detect.py[main:67] INFO: <COMObject winmgmts:>
2023-02-23 17:33:37 udev_detect.py[main:70] INFO: there are 10 hub and usb devices now
2023-02-23 17:33:48 udev_detect.py[main:80] WARNING: there are 1 usb devices which are hogplug in
2023-02-23 17:33:48 udev_detect.py[print_hotplug_udev_info:52] INFO: =============== Hotplug USB Device ===============
2023-02-23 17:33:48 udev_detect.py[print_udev_info:21] INFO: usb.USBVersion: None
2023-02-23 17:33:48 udev_detect.py[print_udev_info:21] INFO: usb.ProtocolCode: None
2023-02-23 17:33:48 udev_detect.py[print_udev_info:21] INFO: usb.SubclassCode: None
2023-02-23 17:33:48 udev_detect.py[print_udev_info:21] INFO: usb.Availability: None
2023-02-23 17:33:48 udev_detect.py[print_udev_info:21] INFO: usb.NumberOfConfigs: None
2023-02-23 17:33:48 udev_detect.py[print_udev_info:21] INFO: usb.Name: USB Composite Device
2023-02-23 17:33:48 udev_detect.py[print_udev_info:21] INFO: usb.DeviceID: USB\VID_0AC8&PID_3500\MI1320_SOC
2023-02-23 17:33:48 udev_detect.py[print_udev_info:21] INFO: usb.Status: OK
2023-02-23 17:33:48 udev_detect.py[print_udev_info:21] INFO: usb.StatusInfo: None
2023-02-23 17:33:48 udev_detect.py[print_udev_info:21] INFO: usb.PNPDeviceID: USB\VID_0AC8&PID_3500\MI1320_SOC
2023-02-23 17:33:48 udev_detect.py[print_udev_info:21] INFO: usb.ClassCode: None
2023-02-23 17:33:48 udev_detect.py[print_udev_info:21] INFO: usb.SystemName: WINEDR-VDI0027
2023-02-23 17:33:48 udev_detect.py[print_udev_info:21] INFO: usb.Caption: USB Composite Device
2023-02-23 17:33:48 udev_detect.py[print_udev_info:21] INFO: usb.CreationClassName: Win32_USBHub
2023-02-23 17:33:48 udev_detect.py[print_udev_info:21] INFO: usb.CurrentConfigValue: None
2023-02-23 17:33:48 udev_detect.py[print_udev_info:21] INFO: usb.Description: USB Composite Device
2023-02-23 17:33:48 udev_detect.py[print_hotplug_udev_info:59] INFO: =============== Hotplug USB Device ===============
2023-02-23 17:34:05 udev_detect.py[main:80] WARNING: there are 1 usb devices which are hogplug out
2023-02-23 17:34:05 udev_detect.py[print_hotplug_udev_info:52] INFO: =============== Hotplug USB Device ===============
2023-02-23 17:34:05 udev_detect.py[print_udev_info:21] INFO: usb.USBVersion: None
2023-02-23 17:34:05 udev_detect.py[print_udev_info:21] INFO: usb.ProtocolCode: None
2023-02-23 17:34:05 udev_detect.py[print_udev_info:21] INFO: usb.SubclassCode: None
2023-02-23 17:34:05 udev_detect.py[print_udev_info:21] INFO: usb.Availability: None
2023-02-23 17:34:05 udev_detect.py[print_udev_info:21] INFO: usb.NumberOfConfigs: None
2023-02-23 17:34:05 udev_detect.py[print_udev_info:21] INFO: usb.Name: USB Composite Device
2023-02-23 17:34:05 udev_detect.py[print_udev_info:21] INFO: usb.DeviceID: USB\VID_0AC8&PID_3500\MI1320_SOC
2023-02-23 17:34:05 udev_detect.py[print_udev_info:21] INFO: usb.Status: OK
2023-02-23 17:34:05 udev_detect.py[print_udev_info:21] INFO: usb.StatusInfo: None
2023-02-23 17:34:05 udev_detect.py[print_udev_info:21] INFO: usb.PNPDeviceID: USB\VID_0AC8&PID_3500\MI1320_SOC
2023-02-23 17:34:05 udev_detect.py[print_udev_info:21] INFO: usb.ClassCode: None
2023-02-23 17:34:05 udev_detect.py[print_udev_info:21] INFO: usb.SystemName: WINEDR-VDI0027
2023-02-23 17:34:05 udev_detect.py[print_udev_info:21] INFO: usb.Caption: USB Composite Device
2023-02-23 17:34:05 udev_detect.py[print_udev_info:21] INFO: usb.CreationClassName: Win32_USBHub
2023-02-23 17:34:05 udev_detect.py[print_udev_info:21] INFO: usb.CurrentConfigValue: None
2023-02-23 17:34:05 udev_detect.py[print_udev_info:21] INFO: usb.Description: USB Composite Device
2023-02-23 17:34:05 udev_detect.py[print_hotplug_udev_info:59] INFO: =============== Hotplug USB Device ===============
2023-02-23 17:35:08 udev_detect.py[<module>:88] INFO: ******** starting ********
2023-02-23 17:35:08 udev_detect.py[main:66] INFO: <COMObject winmgmts:>
2023-02-23 17:35:08 udev_detect.py[main:69] INFO: there are 10 hub and usb devices now
2023-02-23 17:36:28 udev_detect.py[<module>:88] INFO: ******** starting ********
2023-02-23 17:36:28 udev_detect.py[main:66] INFO: <COMObject winmgmts:>
2023-02-23 17:36:28 udev_detect.py[main:69] INFO: there are 10 hub and usb devices now
