2022-04-25 10:21:52 upan_auto_copy.py[line:250] ERROR 数据文件夹 ./data/ 没有 .txt 类型的文件
2022-04-25 10:23:20 upan_auto_copy.py[line:250] ERROR 数据文件夹 ./data/ 没有 .txt 类型的文件
2022-04-25 10:23:41 upan_auto_copy.py[line:250] ERROR 数据文件夹 ./data/ 没有 .txt 类型的文件
2022-04-25 10:23:47 upan_auto_copy.py[line:250] ERROR 数据文件夹 ./data/ 没有 .txt 类型的文件
2022-04-25 10:25:00 upan_auto_copy.py[line:329] INFO ------拷贝开始------
2022-04-25 10:25:00 upan_auto_copy.py[line:250] ERROR 数据文件夹 ./data/ 没有 .txt 类型的文件
2022-04-25 10:25:00 upan_auto_copy.py[line:331] INFO ------拷贝结束------
2022-04-25 10:25:57 upan_auto_copy.py[line:327] INFO ------U盘自动拷贝程序开始------
2022-04-25 10:25:57 upan_auto_copy.py[line:250] ERROR 数据文件夹 ./data/ 没有 .txt 类型的文件
2022-04-25 10:25:57 upan_auto_copy.py[line:329] INFO ------U盘自动拷贝程序结束------
2022-04-25 10:26:27 upan_auto_copy.py[line:327] INFO ------U盘自动拷贝程序开始------
2022-04-25 10:26:29 upan_auto_copy.py[line:261] ERROR 生成临时文件失败, cmd: copy /Y ./data/新建文本文档.txt .\1.txttemp
2022-04-25 10:26:29 upan_auto_copy.py[line:329] INFO ------U盘自动拷贝程序结束------
2022-04-25 10:28:01 upan_auto_copy.py[line:328] INFO ------U盘自动拷贝程序开始------
2022-04-25 10:30:41 upan_auto_copy.py[line:328] INFO ------U盘自动拷贝程序开始------
2022-04-25 10:37:19 upan_auto_copy.py[line:332] INFO ------U盘自动拷贝程序开始------
2022-04-25 10:37:26 upan_auto_copy.py[line:337] INFO ------U盘自动拷贝程序结束------
2022-04-25 10:38:52 upan_auto_copy.py[line:332] INFO ------U盘自动拷贝程序开始------
2022-04-25 10:39:23 upan_auto_copy.py[line:332] INFO ------U盘自动拷贝程序开始------
2022-04-25 10:39:34 upan_auto_copy.py[line:332] INFO ------U盘自动拷贝程序开始------
2022-04-25 10:40:36 upan_auto_copy.py[line:332] INFO ------U盘自动拷贝程序开始------
2022-04-25 10:40:44 upan_auto_copy.py[line:337] INFO ------U盘自动拷贝程序结束------
2022-04-25 10:40:54 upan_auto_copy.py[line:332] INFO ------U盘自动拷贝程序开始------
2022-04-25 10:41:10 upan_auto_copy.py[line:337] INFO ------U盘自动拷贝程序结束------
2022-04-25 10:42:11 upan_auto_copy.py[line:332] INFO ------U盘自动拷贝程序开始------
2022-04-25 10:42:17 upan_auto_copy.py[line:339] INFO ------U盘自动拷贝程序结束------
2022-04-25 10:42:18 upan_auto_copy.py[line:332] INFO ------U盘自动拷贝程序开始------
2022-04-25 10:42:28 upan_auto_copy.py[line:339] INFO ------U盘自动拷贝程序结束------
2022-04-25 10:44:10 upan_auto_copy.py[line:332] INFO ------U盘自动拷贝程序开始------
2022-04-25 10:44:22 upan_auto_copy.py[line:340] INFO ------U盘自动拷贝程序结束------
2022-04-25 10:44:56 upan_auto_copy.py[line:332] INFO ------U盘自动拷贝程序开始------
2022-04-25 10:45:10 upan_auto_copy.py[line:341] INFO ------U盘自动拷贝程序结束------
2022-04-25 10:47:30 upan_auto_copy.py[line:332] INFO ------U盘自动拷贝程序开始------
2022-04-25 10:47:38 upan_auto_copy.py[line:338] WARNING 捕获到KeyboardInterrupt异常
2022-04-25 10:47:38 upan_auto_copy.py[line:342] INFO ------U盘自动拷贝程序结束------
2022-04-25 10:47:48 upan_auto_copy.py[line:332] INFO ------U盘自动拷贝程序开始------
2022-04-25 10:48:12 upan_auto_copy.py[line:338] WARNING 捕获到KeyboardInterrupt异常
2022-04-25 10:48:12 upan_auto_copy.py[line:342] INFO ------U盘自动拷贝程序结束------
