Wed, 08 Jul 2020 19:29:34 client.py[line:26] INFO das 发送成功
Wed, 08 Jul 2020 19:30:26 client.py[line:26] INFO dsa 发送成功
Wed, 08 Jul 2020 19:30:33 client.py[line:26] INFO da 发送成功
Wed, 08 Jul 2020 19:30:38 client.py[line:26] INFO d 发送成功
Wed, 08 Jul 2020 19:30:42 client.py[line:26] INFO s 发送成功
Wed, 08 Jul 2020 19:30:43 client.py[line:26] INFO a 发送成功
Wed, 08 Jul 2020 19:30:48 client.py[line:26] INFO lo 发送成功
Wed, 08 Jul 2020 19:30:51 client.py[line:26] INFO notify 发送成功
Wed, 08 Jul 2020 19:30:58 client.py[line:26] INFO close 发送成功
Wed, 08 Jul 2020 19:30:58 client.py[line:28] INFO 断开连接
Wed, 08 Jul 2020 19:30:58 client.py[line:32] INFO 关闭连接成功
Wed, 08 Jul 2020 19:40:41 client.py[line:26] INFO 发送消息 das 成功
Wed, 08 Jul 2020 19:40:43 client.py[line:26] INFO 发送消息 sa 成功
Wed, 08 Jul 2020 19:40:45 client.py[line:26] INFO 发送消息 vcccx 成功
Wed, 08 Jul 2020 19:40:47 client.py[line:26] INFO 发送消息 3432 成功
Wed, 08 Jul 2020 19:40:48 client.py[line:26] INFO 发送消息 wqe 成功
Wed, 08 Jul 2020 19:40:50 client.py[line:26] INFO 发送消息 sda 成功
Wed, 08 Jul 2020 19:40:52 client.py[line:26] INFO 发送消息 qwe 成功
Wed, 08 Jul 2020 19:40:53 client.py[line:26] INFO 发送消息 sad 成功
Wed, 08 Jul 2020 19:40:55 client.py[line:26] INFO 发送消息 asd 成功
Wed, 08 Jul 2020 19:40:57 client.py[line:26] INFO 发送消息 asd 成功
Wed, 08 Jul 2020 19:40:59 client.py[line:26] INFO 发送消息 szc 成功
Wed, 08 Jul 2020 19:41:05 client.py[line:26] INFO 发送消息 notify 成功
Wed, 08 Jul 2020 19:41:19 client.py[line:26] INFO 发送消息 close 成功
Wed, 08 Jul 2020 19:41:19 client.py[line:28] INFO 断开连接
Wed, 08 Jul 2020 19:41:19 client.py[line:32] INFO 关闭连接成功
Thu, 09 Jul 2020 00:21:42 client.py[line:117] INFO 发送消息 1916,sa 成功
Thu, 09 Jul 2020 00:21:50 client.py[line:117] INFO 发送消息 1916,close 成功
Thu, 09 Jul 2020 00:21:50 client.py[line:122] INFO 关闭连接成功
Thu, 09 Jul 2020 00:23:50 client.py[line:117] INFO 发送消息 12992,er 成功
Thu, 09 Jul 2020 00:23:53 client.py[line:117] INFO 发送消息 12992,dasda 成功
Thu, 09 Jul 2020 00:23:56 client.py[line:117] INFO 发送消息 12992,vbcvbgr 成功
Thu, 09 Jul 2020 00:23:58 client.py[line:117] INFO 发送消息 12992,asdasd 成功
Thu, 09 Jul 2020 00:24:01 client.py[line:117] INFO 发送消息 12992,close 成功
Thu, 09 Jul 2020 00:24:01 client.py[line:122] INFO 关闭连接成功
Thu, 09 Jul 2020 00:24:21 client.py[line:117] INFO 发送消息 18220,fd 成功
Thu, 09 Jul 2020 00:24:23 client.py[line:117] INFO 发送消息 18220,sxc 成功
Thu, 09 Jul 2020 00:24:31 client.py[line:117] INFO 发送消息 18220,close 成功
Thu, 09 Jul 2020 00:24:31 client.py[line:122] INFO 关闭连接成功
Thu, 09 Jul 2020 00:27:48 client.py[line:117] INFO 发送消息 8660,fsdf 成功
Thu, 09 Jul 2020 00:27:51 client.py[line:117] INFO 发送消息 8660,dsa 成功
Thu, 09 Jul 2020 00:27:52 client.py[line:117] INFO 发送消息 8660,eqw 成功
Thu, 09 Jul 2020 00:27:55 client.py[line:117] INFO 发送消息 8660,notify 成功
Thu, 09 Jul 2020 00:28:03 client.py[line:117] INFO 发送消息 8660,close 成功
Thu, 09 Jul 2020 00:28:03 client.py[line:122] INFO 关闭连接成功
Thu, 09 Jul 2020 00:55:24 client.py[line:117] INFO 发送消息 9756,dsad 成功
Thu, 09 Jul 2020 00:55:27 client.py[line:117] INFO 发送消息 9756,jk 成功
Thu, 09 Jul 2020 00:55:37 client.py[line:117] INFO 发送消息 9756,connect 成功
Thu, 09 Jul 2020 00:55:43 client.py[line:117] INFO 发送消息 9756,close 成功
Thu, 09 Jul 2020 00:55:43 client.py[line:122] INFO 关闭连接成功
Thu, 09 Jul 2020 01:03:51 client.py[line:117] INFO 发送消息 5708,ds 成功
Thu, 09 Jul 2020 01:03:56 client.py[line:117] INFO 发送消息 5708,ggv 成功
Thu, 09 Jul 2020 01:04:00 client.py[line:117] INFO 发送消息 5708,connect 成功
Thu, 09 Jul 2020 01:04:34 client.py[line:117] INFO 发送消息 5708,close 成功
Thu, 09 Jul 2020 01:04:34 client.py[line:122] INFO 关闭连接成功
Thu, 09 Jul 2020 01:05:35 client.py[line:117] INFO 发送消息 12152,dsad 成功
Thu, 09 Jul 2020 01:05:40 client.py[line:117] INFO 发送消息 12152,connect 成功
Thu, 09 Jul 2020 01:05:46 client.py[line:117] INFO 发送消息 12152,jk 成功
Thu, 09 Jul 2020 01:05:49 client.py[line:117] INFO 发送消息 12152,oj 成功
Thu, 09 Jul 2020 01:05:53 client.py[line:117] INFO 发送消息 12152,connect 成功
Thu, 09 Jul 2020 01:06:50 client.py[line:117] INFO 发送消息 12152,close 成功
Thu, 09 Jul 2020 01:06:50 client.py[line:122] INFO 关闭连接成功
Thu, 09 Jul 2020 01:06:59 client.py[line:117] INFO 发送消息 5956,connect 成功
Thu, 09 Jul 2020 01:07:01 client.py[line:117] INFO 发送消息 5956,dsa 成功
Thu, 09 Jul 2020 01:07:02 client.py[line:117] INFO 发送消息 5956,dsa 成功
Thu, 09 Jul 2020 01:07:05 client.py[line:117] INFO 发送消息 5956,connect 成功
Thu, 09 Jul 2020 01:07:08 client.py[line:117] INFO 发送消息 5956,connect 成功
Thu, 09 Jul 2020 01:07:09 client.py[line:117] INFO 发送消息 5956,connect 成功
Thu, 09 Jul 2020 01:09:40 client.py[line:117] INFO 发送消息 5956,close 成功
Thu, 09 Jul 2020 01:09:40 client.py[line:122] INFO 关闭连接成功
Thu, 09 Jul 2020 01:10:15 client.py[line:117] INFO 发送消息 17928,vfgdg 成功
Thu, 09 Jul 2020 01:10:16 client.py[line:117] INFO 发送消息 17928,ert 成功
Thu, 09 Jul 2020 01:10:17 client.py[line:117] INFO 发送消息 17928,fsdf 成功
Thu, 09 Jul 2020 01:10:21 client.py[line:117] INFO 发送消息 17928,connect 成功
Thu, 09 Jul 2020 01:10:45 client.py[line:117] INFO 发送消息 18844,dsa 成功
Thu, 09 Jul 2020 01:10:46 client.py[line:117] INFO 发送消息 18844,qe 成功
Thu, 09 Jul 2020 01:10:47 client.py[line:117] INFO 发送消息 18844,das 成功
Thu, 09 Jul 2020 01:10:52 client.py[line:117] INFO 发送消息 18844,connect 成功
Thu, 09 Jul 2020 01:10:58 client.py[line:117] INFO 发送消息 18844,connect 成功
Thu, 09 Jul 2020 01:10:59 client.py[line:117] INFO 发送消息 18844,connect 成功
Thu, 09 Jul 2020 01:11:21 client.py[line:117] INFO 发送消息 18844,close 成功
Thu, 09 Jul 2020 01:11:21 client.py[line:122] INFO 关闭连接成功
Thu, 09 Jul 2020 01:13:57 client.py[line:117] INFO 发送消息 12536,ds 成功
Thu, 09 Jul 2020 01:14:01 client.py[line:117] INFO 发送消息 12536,idoweqw 成功
Thu, 09 Jul 2020 01:14:04 client.py[line:117] INFO 发送消息 12536,sdasdjl 成功
Thu, 09 Jul 2020 01:14:07 client.py[line:117] INFO 发送消息 12536,connect 成功
Thu, 09 Jul 2020 01:14:47 client.py[line:117] INFO 发送消息 3184,dsa 成功
Thu, 09 Jul 2020 01:14:51 client.py[line:117] INFO 发送消息 3184,ew 成功
Thu, 09 Jul 2020 01:14:53 client.py[line:117] INFO 发送消息 3184,dasd 成功
Thu, 09 Jul 2020 01:15:01 client.py[line:117] INFO 发送消息 12536,dsd 成功
Thu, 09 Jul 2020 01:15:03 client.py[line:113] ERROR 输入了空的消息
Thu, 09 Jul 2020 01:15:05 client.py[line:117] INFO 发送消息 12536,dsad 成功
Thu, 09 Jul 2020 01:15:07 client.py[line:117] INFO 发送消息 12536,xc 成功
Thu, 09 Jul 2020 01:15:17 client.py[line:117] INFO 发送消息 3184,dsdas 成功
Thu, 09 Jul 2020 01:15:18 client.py[line:117] INFO 发送消息 3184,dsad 成功
Thu, 09 Jul 2020 01:15:47 client.py[line:117] INFO 发送消息 12536,close 成功
Thu, 09 Jul 2020 01:15:47 client.py[line:122] INFO 关闭连接成功
Thu, 09 Jul 2020 01:15:57 client.py[line:117] INFO 发送消息 5992,ds 成功
Thu, 09 Jul 2020 01:16:00 client.py[line:117] INFO 发送消息 5992,asd 成功
Thu, 09 Jul 2020 01:16:05 client.py[line:117] INFO 发送消息 14420,dsaaadc 成功
Thu, 09 Jul 2020 01:16:09 client.py[line:117] INFO 发送消息 14420,werrt 成功
Thu, 09 Jul 2020 01:26:09 client.py[line:117] INFO 发送消息 5992,close 成功
Thu, 09 Jul 2020 01:26:09 client.py[line:122] INFO 关闭连接成功
Thu, 09 Jul 2020 01:26:23 client.py[line:117] INFO 发送消息 7464,das 成功
Thu, 09 Jul 2020 01:26:26 client.py[line:117] INFO 发送消息 7464,aw 成功
Thu, 09 Jul 2020 01:26:32 client.py[line:117] INFO 发送消息 7772,rq 成功
Thu, 09 Jul 2020 01:26:35 client.py[line:117] INFO 发送消息 7772,sfv 成功
Thu, 09 Jul 2020 01:26:37 client.py[line:117] INFO 发送消息 7772,bnh 成功
Thu, 09 Jul 2020 01:26:40 client.py[line:117] INFO 发送消息 7464,olk 成功
Thu, 09 Jul 2020 01:26:42 client.py[line:117] INFO 发送消息 7464,dsad 成功
Thu, 09 Jul 2020 01:26:47 client.py[line:117] INFO 发送消息 7772,pdaodk 成功
Thu, 09 Jul 2020 01:26:50 client.py[line:117] INFO 发送消息 7772,lhn 成功
Thu, 09 Jul 2020 01:26:54 client.py[line:117] INFO 发送消息 7772,close 成功
Thu, 09 Jul 2020 01:26:54 client.py[line:122] INFO 关闭连接成功
Thu, 09 Jul 2020 01:26:58 client.py[line:117] INFO 发送消息 7464,close 成功
Thu, 09 Jul 2020 01:26:58 client.py[line:122] INFO 关闭连接成功
Thu, 09 Jul 2020 01:27:09 client.py[line:117] INFO 发送消息 14580,da 成功
Thu, 09 Jul 2020 01:27:11 client.py[line:117] INFO 发送消息 14580,we 成功
Thu, 09 Jul 2020 01:27:22 client.py[line:117] INFO 发送消息 2492,da 成功
Thu, 09 Jul 2020 01:27:23 client.py[line:117] INFO 发送消息 2492,sd 成功
Thu, 09 Jul 2020 01:27:27 client.py[line:117] INFO 发送消息 14580,close 成功
Thu, 09 Jul 2020 01:27:27 client.py[line:122] INFO 关闭连接成功
Thu, 09 Jul 2020 01:32:49 client.py[line:117] INFO 发送消息 18636,notify 成功
Thu, 09 Jul 2020 01:32:52 client.py[line:117] INFO 发送消息 18636,close 成功
Thu, 09 Jul 2020 01:32:52 client.py[line:122] INFO 关闭连接成功
Thu, 09 Jul 2020 01:33:00 client.py[line:117] INFO 发送消息 8012,dsadasd 成功
Thu, 09 Jul 2020 01:33:03 client.py[line:117] INFO 发送消息 8012,eqweqwe 成功
Thu, 09 Jul 2020 01:34:06 client.py[line:117] INFO 发送消息 17696,dsa 成功
Thu, 09 Jul 2020 01:34:12 client.py[line:117] INFO 发送消息 17696,notify 成功
Thu, 09 Jul 2020 01:34:22 client.py[line:117] INFO 发送消息 14892,notify 成功
Thu, 09 Jul 2020 01:34:25 client.py[line:117] INFO 发送消息 14892,close 成功
Thu, 09 Jul 2020 01:34:25 client.py[line:122] INFO 关闭连接成功
Thu, 09 Jul 2020 01:34:31 client.py[line:117] INFO 发送消息 15912,dsa 成功
Thu, 09 Jul 2020 01:34:33 client.py[line:117] INFO 发送消息 15912,sada 成功
Thu, 09 Jul 2020 01:34:35 client.py[line:117] INFO 发送消息 15912,wqe 成功
Thu, 09 Jul 2020 01:34:37 client.py[line:117] INFO 发送消息 15912,dsad 成功
Thu, 09 Jul 2020 01:34:39 client.py[line:117] INFO 发送消息 15912,close 成功
Thu, 09 Jul 2020 01:34:39 client.py[line:122] INFO 关闭连接成功
Thu, 09 Jul 2020 01:34:46 client.py[line:117] INFO 发送消息 9148,notify 成功
Thu, 09 Jul 2020 01:40:16 client.py[line:117] INFO 发送消息 6528,ds 成功
Thu, 09 Jul 2020 01:40:19 client.py[line:117] INFO 发送消息 6528,we 成功
Thu, 09 Jul 2020 01:40:21 client.py[line:117] INFO 发送消息 6528,fxczx 成功
Thu, 09 Jul 2020 01:40:27 client.py[line:117] INFO 发送消息 9976,casd 成功
Thu, 09 Jul 2020 01:40:29 client.py[line:117] INFO 发送消息 9976,wewe 成功
Thu, 09 Jul 2020 01:40:32 client.py[line:117] INFO 发送消息 6528,eqwe 成功
Thu, 09 Jul 2020 01:40:34 client.py[line:117] INFO 发送消息 6528,eqweeqwe 成功
Thu, 09 Jul 2020 01:43:14 client.py[line:117] INFO 发送消息 9976,close 成功
Thu, 09 Jul 2020 01:43:14 client.py[line:122] INFO 关闭连接成功
Thu, 09 Jul 2020 01:43:20 client.py[line:119] INFO 发送消息 13420,notify 成功
Thu, 09 Jul 2020 01:43:20 client.py[line:125] INFO 关闭连接成功
Thu, 09 Jul 2020 01:43:34 client.py[line:119] INFO 发送消息 18336,dsad 成功
Thu, 09 Jul 2020 01:43:34 client.py[line:125] INFO 关闭连接成功
Thu, 09 Jul 2020 01:43:38 client.py[line:119] INFO 发送消息 18336,eqwe 成功
Thu, 09 Jul 2020 01:43:38 client.py[line:125] INFO 关闭连接成功
Thu, 09 Jul 2020 01:43:45 client.py[line:119] INFO 发送消息 18336,dksad 成功
Thu, 09 Jul 2020 01:43:45 client.py[line:125] INFO 关闭连接成功
Thu, 09 Jul 2020 01:43:47 client.py[line:119] INFO 发送消息 18336,erwer 成功
Thu, 09 Jul 2020 01:43:47 client.py[line:125] INFO 关闭连接成功
Thu, 09 Jul 2020 01:43:50 client.py[line:119] INFO 发送消息 18336,connect 成功
Thu, 09 Jul 2020 01:43:50 client.py[line:125] INFO 关闭连接成功
Thu, 09 Jul 2020 01:43:52 client.py[line:119] INFO 发送消息 18336,asdas 成功
Thu, 09 Jul 2020 01:43:52 client.py[line:125] INFO 关闭连接成功
Thu, 09 Jul 2020 01:44:01 client.py[line:119] INFO 发送消息 992,das 成功
Thu, 09 Jul 2020 01:44:01 client.py[line:125] INFO 关闭连接成功
Thu, 09 Jul 2020 01:44:03 client.py[line:119] INFO 发送消息 992,ewqe 成功
Thu, 09 Jul 2020 01:44:03 client.py[line:125] INFO 关闭连接成功
Thu, 09 Jul 2020 01:44:05 client.py[line:119] INFO 发送消息 992,sfsd 成功
Thu, 09 Jul 2020 01:44:05 client.py[line:125] INFO 关闭连接成功
Thu, 09 Jul 2020 01:44:07 client.py[line:119] INFO 发送消息 992,httyrt 成功
Thu, 09 Jul 2020 01:44:07 client.py[line:125] INFO 关闭连接成功
Thu, 09 Jul 2020 01:44:14 client.py[line:119] INFO 发送消息 18336,fdf 成功
Thu, 09 Jul 2020 01:44:14 client.py[line:125] INFO 关闭连接成功
Thu, 09 Jul 2020 01:44:16 client.py[line:119] INFO 发送消息 18336,sad 成功
Thu, 09 Jul 2020 01:44:16 client.py[line:125] INFO 关闭连接成功
Thu, 09 Jul 2020 01:44:18 client.py[line:119] INFO 发送消息 18336,da 成功
Thu, 09 Jul 2020 01:44:18 client.py[line:125] INFO 关闭连接成功
Thu, 09 Jul 2020 01:44:20 client.py[line:119] INFO 发送消息 992,dsa 成功
Thu, 09 Jul 2020 01:44:20 client.py[line:125] INFO 关闭连接成功
Thu, 09 Jul 2020 01:45:12 client.py[line:119] INFO 发送消息 992,close 成功
Thu, 09 Jul 2020 01:45:12 client.py[line:125] INFO 关闭连接成功
Thu, 09 Jul 2020 01:45:23 client.py[line:119] INFO 发送消息 2896,ds 成功
Thu, 09 Jul 2020 01:45:23 client.py[line:125] INFO 关闭连接成功
Thu, 09 Jul 2020 01:45:25 client.py[line:119] INFO 发送消息 2896,ad 成功
Thu, 09 Jul 2020 01:45:25 client.py[line:125] INFO 关闭连接成功
Thu, 09 Jul 2020 01:45:27 client.py[line:119] INFO 发送消息 2896,close 成功
Thu, 09 Jul 2020 01:45:27 client.py[line:125] INFO 关闭连接成功
Thu, 09 Jul 2020 01:45:40 client.py[line:119] INFO 发送消息 18336,notify 成功
Thu, 09 Jul 2020 01:45:40 client.py[line:125] INFO 关闭连接成功
Thu, 09 Jul 2020 01:45:46 client.py[line:119] INFO 发送消息 18336,notify 成功
Thu, 09 Jul 2020 01:45:46 client.py[line:125] INFO 关闭连接成功
Thu, 09 Jul 2020 01:45:56 client.py[line:119] INFO 发送消息 12904,dsa 成功
Thu, 09 Jul 2020 01:45:56 client.py[line:125] INFO 关闭连接成功
Thu, 09 Jul 2020 01:46:01 client.py[line:119] INFO 发送消息 12904,czx 成功
Thu, 09 Jul 2020 01:46:01 client.py[line:125] INFO 关闭连接成功
Thu, 09 Jul 2020 01:53:18 client.py[line:119] INFO 发送消息 12904,close 成功
Thu, 09 Jul 2020 01:53:18 client.py[line:125] INFO 关闭连接成功
Thu, 09 Jul 2020 01:57:07 client.py[line:119] INFO 发送消息 11928,dsad 成功
Thu, 09 Jul 2020 01:57:07 client.py[line:125] INFO 关闭连接成功
Thu, 09 Jul 2020 01:57:09 client.py[line:119] INFO 发送消息 11928,ewe 成功
Thu, 09 Jul 2020 01:57:09 client.py[line:125] INFO 关闭连接成功
Thu, 09 Jul 2020 01:57:12 client.py[line:119] INFO 发送消息 11928,ytyjy 成功
Thu, 09 Jul 2020 01:57:12 client.py[line:125] INFO 关闭连接成功
Thu, 09 Jul 2020 01:57:20 client.py[line:119] INFO 发送消息 11928,dw 成功
Thu, 09 Jul 2020 01:57:20 client.py[line:125] INFO 关闭连接成功
Thu, 09 Jul 2020 01:57:39 client.py[line:119] INFO 发送消息 11928,close 成功
Thu, 09 Jul 2020 01:57:39 client.py[line:125] INFO 关闭连接成功
Thu, 09 Jul 2020 01:59:28 client.py[line:121] INFO 发送消息 14592,xaasd 成功
Thu, 09 Jul 2020 01:59:28 client.py[line:127] INFO 关闭连接成功
Thu, 09 Jul 2020 01:59:29 client.py[line:121] INFO 发送消息 14592,das 成功
Thu, 09 Jul 2020 01:59:29 client.py[line:127] INFO 关闭连接成功
Thu, 09 Jul 2020 01:59:34 client.py[line:121] INFO 发送消息 14592,d 成功
Thu, 09 Jul 2020 01:59:34 client.py[line:127] INFO 关闭连接成功
Thu, 09 Jul 2020 01:59:35 client.py[line:121] INFO 发送消息 14592,ewq 成功
Thu, 09 Jul 2020 01:59:35 client.py[line:127] INFO 关闭连接成功
Thu, 09 Jul 2020 01:59:38 client.py[line:121] INFO 发送消息 14592,notify 成功
Thu, 09 Jul 2020 01:59:38 client.py[line:127] INFO 关闭连接成功
Thu, 09 Jul 2020 02:00:45 client.py[line:121] INFO 发送消息 4996,das 成功
Thu, 09 Jul 2020 02:00:45 client.py[line:127] INFO 关闭连接成功
Thu, 09 Jul 2020 02:00:47 client.py[line:121] INFO 发送消息 4996,weq 成功
Thu, 09 Jul 2020 02:00:47 client.py[line:127] INFO 关闭连接成功
Thu, 09 Jul 2020 02:00:48 client.py[line:121] INFO 发送消息 4996,close 成功
Thu, 09 Jul 2020 02:00:48 client.py[line:127] INFO 关闭连接成功
Thu, 09 Jul 2020 02:02:14 client.py[line:121] INFO 发送消息 12680,notify 成功
Thu, 09 Jul 2020 02:02:14 client.py[line:127] INFO 关闭连接成功
Thu, 09 Jul 2020 02:03:13 client.py[line:121] INFO 发送消息 7600,dsa 成功
Thu, 09 Jul 2020 02:03:13 client.py[line:127] INFO 关闭连接成功
Thu, 09 Jul 2020 02:03:15 client.py[line:121] INFO 发送消息 7600,close 成功
Thu, 09 Jul 2020 02:03:15 client.py[line:127] INFO 关闭连接成功
Thu, 09 Jul 2020 02:04:19 client.py[line:121] INFO 发送消息 10784,dsa 成功
Thu, 09 Jul 2020 02:04:19 client.py[line:127] INFO 关闭连接成功
Thu, 09 Jul 2020 02:04:20 client.py[line:121] INFO 发送消息 10784,dsa 成功
Thu, 09 Jul 2020 02:04:20 client.py[line:127] INFO 关闭连接成功
Thu, 09 Jul 2020 02:04:25 client.py[line:121] INFO 发送消息 10784,notify 成功
Thu, 09 Jul 2020 02:04:25 client.py[line:127] INFO 关闭连接成功
Thu, 09 Jul 2020 02:04:28 client.py[line:121] INFO 发送消息 10784,close 成功
Thu, 09 Jul 2020 02:04:28 client.py[line:127] INFO 关闭连接成功
Thu, 09 Jul 2020 02:05:35 client.py[line:121] INFO 发送消息 2248,dsa 成功
Thu, 09 Jul 2020 02:05:35 client.py[line:127] INFO 关闭连接成功
Thu, 09 Jul 2020 02:05:39 client.py[line:121] INFO 发送消息 2248,notify 成功
Thu, 09 Jul 2020 02:05:39 client.py[line:127] INFO 关闭连接成功
Thu, 09 Jul 2020 02:05:41 client.py[line:121] INFO 发送消息 2248,close 成功
Thu, 09 Jul 2020 02:05:41 client.py[line:127] INFO 关闭连接成功
Thu, 09 Jul 2020 02:07:07 client.py[line:121] INFO 发送消息 18448,cd 成功
Thu, 09 Jul 2020 02:07:07 client.py[line:127] INFO 关闭连接成功
Thu, 09 Jul 2020 02:07:08 client.py[line:121] INFO 发送消息 18448,dsa 成功
Thu, 09 Jul 2020 02:07:08 client.py[line:127] INFO 关闭连接成功
Thu, 09 Jul 2020 02:07:09 client.py[line:121] INFO 发送消息 18448,weqe 成功
Thu, 09 Jul 2020 02:07:09 client.py[line:127] INFO 关闭连接成功
Thu, 09 Jul 2020 02:07:12 client.py[line:121] INFO 发送消息 18448,close 成功
Thu, 09 Jul 2020 02:07:12 client.py[line:127] INFO 关闭连接成功
Thu, 09 Jul 2020 02:09:29 client.py[line:121] INFO 发送消息 5384,sda 成功
Thu, 09 Jul 2020 02:09:29 client.py[line:127] INFO 关闭连接成功
Thu, 09 Jul 2020 02:09:31 client.py[line:121] INFO 发送消息 5384,dsad 成功
Thu, 09 Jul 2020 02:09:31 client.py[line:127] INFO 关闭连接成功
Thu, 09 Jul 2020 02:09:31 client.py[line:121] INFO 发送消息 5384,cxzc 成功
Thu, 09 Jul 2020 02:09:31 client.py[line:127] INFO 关闭连接成功
Thu, 09 Jul 2020 02:09:34 client.py[line:121] INFO 发送消息 5384,notify 成功
Thu, 09 Jul 2020 02:09:34 client.py[line:127] INFO 关闭连接成功
Thu, 09 Jul 2020 02:09:37 client.py[line:121] INFO 发送消息 5384,close 成功
Thu, 09 Jul 2020 02:09:37 client.py[line:127] INFO 关闭连接成功
Thu, 09 Jul 2020 12:31:17 client.py[line:121] INFO 发送消息 9308,dasd 成功
Thu, 09 Jul 2020 12:31:17 client.py[line:127] INFO 关闭连接成功
Thu, 09 Jul 2020 12:31:30 client.py[line:121] INFO 发送消息 9308,dsadaaaa123 成功
Thu, 09 Jul 2020 12:31:30 client.py[line:127] INFO 关闭连接成功
Thu, 09 Jul 2020 12:32:41 client.py[line:121] INFO 发送消息 8500,ds 成功
Thu, 09 Jul 2020 12:32:41 client.py[line:127] INFO 关闭连接成功
Thu, 09 Jul 2020 12:32:54 client.py[line:121] INFO 发送消息 8500,daaaaaaaaaaaa 成功
Thu, 09 Jul 2020 12:32:54 client.py[line:127] INFO 关闭连接成功
Thu, 09 Jul 2020 12:33:55 client.py[line:121] INFO 发送消息 8500,clsoe 成功
Thu, 09 Jul 2020 12:33:55 client.py[line:127] INFO 关闭连接成功
Thu, 09 Jul 2020 12:33:58 client.py[line:121] INFO 发送消息 8500,close 成功
Thu, 09 Jul 2020 12:33:58 client.py[line:127] INFO 关闭连接成功
Thu, 09 Jul 2020 12:34:03 client.py[line:121] INFO 发送消息 10008,dsad 成功
Thu, 09 Jul 2020 12:34:03 client.py[line:127] INFO 关闭连接成功
Thu, 09 Jul 2020 12:34:04 client.py[line:121] INFO 发送消息 10008,weqw 成功
Thu, 09 Jul 2020 12:34:04 client.py[line:127] INFO 关闭连接成功
Thu, 09 Jul 2020 12:34:05 client.py[line:121] INFO 发送消息 10008,123 成功
Thu, 09 Jul 2020 12:34:05 client.py[line:127] INFO 关闭连接成功
Thu, 09 Jul 2020 12:34:51 client.py[line:121] INFO 发送消息 9020,43342 成功
Thu, 09 Jul 2020 12:34:51 client.py[line:127] INFO 关闭连接成功
Thu, 09 Jul 2020 12:34:53 client.py[line:121] INFO 发送消息 9020,123 成功
Thu, 09 Jul 2020 12:34:53 client.py[line:127] INFO 关闭连接成功
Thu, 09 Jul 2020 12:38:41 client.py[line:121] INFO 发送消息 9020,close 成功
Thu, 09 Jul 2020 12:38:41 client.py[line:127] INFO 关闭连接成功
Thu, 09 Jul 2020 12:38:46 client.py[line:121] INFO 发送消息 9308,34123 成功
Thu, 09 Jul 2020 12:38:46 client.py[line:127] INFO 关闭连接成功
Thu, 09 Jul 2020 12:38:47 client.py[line:121] INFO 发送消息 9308,4231 成功
Thu, 09 Jul 2020 12:38:47 client.py[line:127] INFO 关闭连接成功
Thu, 09 Jul 2020 12:38:48 client.py[line:121] INFO 发送消息 9308,31232 成功
Thu, 09 Jul 2020 12:38:48 client.py[line:127] INFO 关闭连接成功
Thu, 09 Jul 2020 12:39:18 client.py[line:121] INFO 发送消息 9308,close 成功
Thu, 09 Jul 2020 12:39:18 client.py[line:127] INFO 关闭连接成功
Thu, 09 Jul 2020 12:39:21 client.py[line:121] INFO 发送消息 10104,dsad 成功
Thu, 09 Jul 2020 12:39:21 client.py[line:127] INFO 关闭连接成功
Thu, 09 Jul 2020 12:39:22 client.py[line:121] INFO 发送消息 10104,23 成功
Thu, 09 Jul 2020 12:39:22 client.py[line:127] INFO 关闭连接成功
Thu, 09 Jul 2020 12:39:22 client.py[line:121] INFO 发送消息 10104,123 成功
Thu, 09 Jul 2020 12:39:22 client.py[line:127] INFO 关闭连接成功
Thu, 09 Jul 2020 12:39:50 client.py[line:121] INFO 发送消息 10800,das 成功
Thu, 09 Jul 2020 12:39:50 client.py[line:127] INFO 关闭连接成功
Thu, 09 Jul 2020 12:39:50 client.py[line:121] INFO 发送消息 10800,23 成功
Thu, 09 Jul 2020 12:39:50 client.py[line:127] INFO 关闭连接成功
Thu, 09 Jul 2020 12:39:52 client.py[line:121] INFO 发送消息 10800,123 成功
Thu, 09 Jul 2020 12:39:52 client.py[line:127] INFO 关闭连接成功
Thu, 09 Jul 2020 12:40:12 client.py[line:121] INFO 发送消息 10800,close 成功
Thu, 09 Jul 2020 12:40:12 client.py[line:127] INFO 关闭连接成功
Thu, 09 Jul 2020 12:53:28 client.py[line:125] INFO 发送消息 8736,23 成功
Thu, 09 Jul 2020 12:53:28 client.py[line:128] INFO 关闭连接成功
Thu, 09 Jul 2020 12:53:30 client.py[line:125] INFO 发送消息 8736,4124 成功
Thu, 09 Jul 2020 12:53:30 client.py[line:128] INFO 关闭连接成功
Thu, 09 Jul 2020 12:53:32 client.py[line:125] INFO 发送消息 8736,123456 成功
Thu, 09 Jul 2020 12:53:32 client.py[line:128] INFO 关闭连接成功
Thu, 09 Jul 2020 13:10:21 client.py[line:125] INFO 发送消息 8736,dsa 成功
Thu, 09 Jul 2020 13:10:21 client.py[line:128] INFO 关闭连接成功
Thu, 09 Jul 2020 13:10:22 client.py[line:125] INFO 发送消息 8736,dwqe 成功
Thu, 09 Jul 2020 13:10:22 client.py[line:128] INFO 关闭连接成功
Thu, 09 Jul 2020 13:10:35 client.py[line:125] INFO 发送消息 8736,ddd 成功
Thu, 09 Jul 2020 13:10:35 client.py[line:128] INFO 关闭连接成功
Thu, 09 Jul 2020 13:10:45 client.py[line:125] INFO 发送消息 8736,close 成功
Thu, 09 Jul 2020 13:10:45 client.py[line:128] INFO 关闭连接成功
Thu, 09 Jul 2020 13:10:48 client.py[line:125] INFO 发送消息 10412,ds 成功
Thu, 09 Jul 2020 13:10:48 client.py[line:128] INFO 关闭连接成功
Thu, 09 Jul 2020 13:10:50 client.py[line:125] INFO 发送消息 10412,aaa 成功
Thu, 09 Jul 2020 13:10:50 client.py[line:128] INFO 关闭连接成功
Thu, 09 Jul 2020 13:12:19 client.py[line:125] INFO 发送消息 10080,ddd 成功
Thu, 09 Jul 2020 13:12:19 client.py[line:128] INFO 关闭连接成功
Thu, 09 Jul 2020 13:13:38 client.py[line:125] INFO 发送消息 932,323 成功
Thu, 09 Jul 2020 13:13:38 client.py[line:128] INFO 关闭连接成功
Thu, 09 Jul 2020 13:15:13 client.py[line:125] INFO 发送消息 932,clsoe 成功
Thu, 09 Jul 2020 13:15:13 client.py[line:128] INFO 关闭连接成功
Thu, 09 Jul 2020 13:16:37 client.py[line:125] INFO 发送消息 11024,23 成功
Thu, 09 Jul 2020 13:16:37 client.py[line:128] INFO 关闭连接成功
Thu, 09 Jul 2020 13:16:39 client.py[line:125] INFO 发送消息 11024,12 成功
Thu, 09 Jul 2020 13:16:39 client.py[line:128] INFO 关闭连接成功
Thu, 09 Jul 2020 13:16:42 client.py[line:125] INFO 发送消息 11024,134 成功
Thu, 09 Jul 2020 13:16:42 client.py[line:128] INFO 关闭连接成功
Thu, 09 Jul 2020 13:16:44 client.py[line:125] INFO 发送消息 11024,close 成功
Thu, 09 Jul 2020 13:16:44 client.py[line:128] INFO 关闭连接成功
Thu, 09 Jul 2020 13:17:36 client.py[line:125] INFO 发送消息 9716,2333 成功
Thu, 09 Jul 2020 13:17:36 client.py[line:128] INFO 关闭连接成功
Thu, 09 Jul 2020 13:17:38 client.py[line:125] INFO 发送消息 9716,112 成功
Thu, 09 Jul 2020 13:17:38 client.py[line:128] INFO 关闭连接成功
Thu, 09 Jul 2020 13:17:41 client.py[line:125] INFO 发送消息 9716,32134533 成功
Thu, 09 Jul 2020 13:17:41 client.py[line:128] INFO 关闭连接成功
Thu, 09 Jul 2020 13:17:44 client.py[line:125] INFO 发送消息 9716,123344 成功
Thu, 09 Jul 2020 13:17:44 client.py[line:128] INFO 关闭连接成功
Thu, 09 Jul 2020 13:17:51 client.py[line:125] INFO 发送消息 9716,1w 成功
Thu, 09 Jul 2020 13:17:51 client.py[line:128] INFO 关闭连接成功
Thu, 09 Jul 2020 13:17:52 client.py[line:125] INFO 发送消息 9716,eq 成功
Thu, 09 Jul 2020 13:17:52 client.py[line:128] INFO 关闭连接成功
Thu, 09 Jul 2020 13:17:55 client.py[line:125] INFO 发送消息 9716,close 成功
Thu, 09 Jul 2020 13:17:55 client.py[line:128] INFO 关闭连接成功
Thu, 09 Jul 2020 13:18:54 client.py[line:125] INFO 发送消息 4340,sd 成功
Thu, 09 Jul 2020 13:18:54 client.py[line:128] INFO 关闭连接成功
Thu, 09 Jul 2020 13:19:06 client.py[line:125] INFO 发送消息 11016,we 成功
Thu, 09 Jul 2020 13:19:06 client.py[line:128] INFO 关闭连接成功
Thu, 09 Jul 2020 13:19:07 client.py[line:125] INFO 发送消息 11016,23 成功
Thu, 09 Jul 2020 13:19:07 client.py[line:128] INFO 关闭连接成功
Thu, 09 Jul 2020 13:19:08 client.py[line:125] INFO 发送消息 11016,dfgg 成功
Thu, 09 Jul 2020 13:19:08 client.py[line:128] INFO 关闭连接成功
Thu, 09 Jul 2020 13:19:09 client.py[line:125] INFO 发送消息 11016,ss 成功
Thu, 09 Jul 2020 13:19:09 client.py[line:128] INFO 关闭连接成功
Thu, 09 Jul 2020 13:19:10 client.py[line:125] INFO 发送消息 11016,close 成功
Thu, 09 Jul 2020 13:19:10 client.py[line:128] INFO 关闭连接成功
Thu, 09 Jul 2020 13:20:10 client.py[line:125] INFO 发送消息 9648,ew 成功
Thu, 09 Jul 2020 13:20:10 client.py[line:128] INFO 关闭连接成功
Thu, 09 Jul 2020 13:20:12 client.py[line:125] INFO 发送消息 9648,2321 成功
Thu, 09 Jul 2020 13:20:12 client.py[line:128] INFO 关闭连接成功
Thu, 09 Jul 2020 13:20:13 client.py[line:125] INFO 发送消息 9648,close 成功
Thu, 09 Jul 2020 13:20:13 client.py[line:128] INFO 关闭连接成功
Thu, 09 Jul 2020 13:20:21 client.py[line:125] INFO 发送消息 7844,e2 成功
Thu, 09 Jul 2020 13:20:21 client.py[line:128] INFO 关闭连接成功
Thu, 09 Jul 2020 13:20:33 client.py[line:125] INFO 发送消息 9624,close 成功
Thu, 09 Jul 2020 13:20:33 client.py[line:128] INFO 关闭连接成功
Thu, 09 Jul 2020 13:21:25 client.py[line:125] INFO 发送消息 1884,ds 成功
Thu, 09 Jul 2020 13:21:25 client.py[line:128] INFO 关闭连接成功
Thu, 09 Jul 2020 13:21:26 client.py[line:125] INFO 发送消息 1884,sa 成功
Thu, 09 Jul 2020 13:21:26 client.py[line:128] INFO 关闭连接成功
Thu, 09 Jul 2020 13:21:27 client.py[line:125] INFO 发送消息 1884,sadasd 成功
Thu, 09 Jul 2020 13:21:27 client.py[line:128] INFO 关闭连接成功
Thu, 09 Jul 2020 13:21:27 client.py[line:125] INFO 发送消息 1884,wqeqw 成功
Thu, 09 Jul 2020 13:21:27 client.py[line:128] INFO 关闭连接成功
Thu, 09 Jul 2020 13:21:28 client.py[line:125] INFO 发送消息 1884,easd 成功
Thu, 09 Jul 2020 13:21:28 client.py[line:128] INFO 关闭连接成功
Thu, 09 Jul 2020 13:21:28 client.py[line:125] INFO 发送消息 1884,d 成功
Thu, 09 Jul 2020 13:21:28 client.py[line:128] INFO 关闭连接成功
Thu, 09 Jul 2020 13:21:28 client.py[line:125] INFO 发送消息 1884,asd 成功
Thu, 09 Jul 2020 13:21:28 client.py[line:128] INFO 关闭连接成功
Thu, 09 Jul 2020 13:21:28 client.py[line:125] INFO 发送消息 1884,as 成功
Thu, 09 Jul 2020 13:21:28 client.py[line:128] INFO 关闭连接成功
Thu, 09 Jul 2020 13:21:29 client.py[line:125] INFO 发送消息 1884,da 成功
Thu, 09 Jul 2020 13:21:29 client.py[line:128] INFO 关闭连接成功
Thu, 09 Jul 2020 13:21:29 client.py[line:125] INFO 发送消息 1884,sd 成功
Thu, 09 Jul 2020 13:21:29 client.py[line:128] INFO 关闭连接成功
Thu, 09 Jul 2020 13:21:29 client.py[line:125] INFO 发送消息 1884,as 成功
Thu, 09 Jul 2020 13:21:29 client.py[line:128] INFO 关闭连接成功
Thu, 09 Jul 2020 13:21:29 client.py[line:125] INFO 发送消息 1884,d 成功
Thu, 09 Jul 2020 13:21:29 client.py[line:128] INFO 关闭连接成功
Thu, 09 Jul 2020 13:21:29 client.py[line:125] INFO 发送消息 1884,asd 成功
Thu, 09 Jul 2020 13:21:29 client.py[line:128] INFO 关闭连接成功
Thu, 09 Jul 2020 13:21:29 client.py[line:125] INFO 发送消息 1884,as 成功
Thu, 09 Jul 2020 13:21:29 client.py[line:128] INFO 关闭连接成功
Thu, 09 Jul 2020 13:21:30 client.py[line:125] INFO 发送消息 1884,da 成功
Thu, 09 Jul 2020 13:21:30 client.py[line:128] INFO 关闭连接成功
Thu, 09 Jul 2020 13:21:30 client.py[line:125] INFO 发送消息 1884,s 成功
Thu, 09 Jul 2020 13:21:30 client.py[line:128] INFO 关闭连接成功
Thu, 09 Jul 2020 13:21:30 client.py[line:120] ERROR 输入了空的消息
Thu, 09 Jul 2020 13:21:41 client.py[line:125] INFO 发送消息 932,ds 成功
Thu, 09 Jul 2020 13:21:41 client.py[line:128] INFO 关闭连接成功
Thu, 09 Jul 2020 13:21:43 client.py[line:125] INFO 发送消息 932,close 成功
Thu, 09 Jul 2020 13:21:43 client.py[line:128] INFO 关闭连接成功
Thu, 09 Jul 2020 13:26:52 client.py[line:125] INFO 发送消息 2696,sd 成功
Thu, 09 Jul 2020 13:26:52 client.py[line:128] INFO 关闭连接成功
Thu, 09 Jul 2020 13:26:53 client.py[line:125] INFO 发送消息 2696,321 成功
Thu, 09 Jul 2020 13:26:53 client.py[line:128] INFO 关闭连接成功
Thu, 09 Jul 2020 13:26:54 client.py[line:125] INFO 发送消息 2696,421 成功
Thu, 09 Jul 2020 13:26:54 client.py[line:128] INFO 关闭连接成功
Thu, 09 Jul 2020 13:26:55 client.py[line:125] INFO 发送消息 2696,22 成功
Thu, 09 Jul 2020 13:26:55 client.py[line:128] INFO 关闭连接成功
Thu, 09 Jul 2020 13:26:56 client.py[line:125] INFO 发送消息 2696,3312 成功
Thu, 09 Jul 2020 13:26:56 client.py[line:128] INFO 关闭连接成功
Thu, 09 Jul 2020 13:26:57 client.py[line:125] INFO 发送消息 2696,close 成功
Thu, 09 Jul 2020 13:26:57 client.py[line:128] INFO 关闭连接成功
Thu, 09 Jul 2020 13:27:28 client.py[line:125] INFO 发送消息 9460,ds 成功
Thu, 09 Jul 2020 13:27:28 client.py[line:128] INFO 关闭连接成功
Thu, 09 Jul 2020 13:27:29 client.py[line:125] INFO 发送消息 9460,asd 成功
Thu, 09 Jul 2020 13:27:29 client.py[line:128] INFO 关闭连接成功
Thu, 09 Jul 2020 13:27:31 client.py[line:125] INFO 发送消息 9460,close 成功
Thu, 09 Jul 2020 13:27:31 client.py[line:128] INFO 关闭连接成功
Thu, 09 Jul 2020 13:30:50 configure_data_share_storage.py[line:73] INFO open log sucess.
Thu, 09 Jul 2020 13:30:50 configure_data_share_storage.py[line:178] INFO connect databases - confdatashare.db.
Thu, 09 Jul 2020 13:30:50 configure_data_share_storage.py[line:151] INFO if not exists create table - employees
Thu, 09 Jul 2020 13:30:50 configure_data_share_storage.py[line:162] INFO if not exists create table - svnAccounts
Thu, 09 Jul 2020 13:30:50 configure_data_share_storage.py[line:171] INFO create all tables sucess.
Thu, 09 Jul 2020 13:31:22 client.py[line:129] INFO 发送消息 10780,query 成功
Thu, 09 Jul 2020 13:31:22 client.py[line:132] INFO 关闭连接成功
Thu, 09 Jul 2020 13:31:22 configure_data_share_storage.py[line:141] INFO query configure data result: [(22200, "'hj'", 4321), (100000, 'Bill', 20000), (100001, 'George', 250), (100002, 'Thomas', 30000), (222002, "'1hj'", 4321)]
Thu, 09 Jul 2020 13:31:40 client.py[line:129] INFO 发送消息 10780,close 成功
Thu, 09 Jul 2020 13:31:40 client.py[line:132] INFO 关闭连接成功
Thu, 09 Jul 2020 13:31:40 configure_data_share_storage.py[line:190] INFO close databases sucess.
Thu, 09 Jul 2020 13:31:40 configure_data_share_storage.py[line:82] INFO close log.
Thu, 09 Jul 2020 13:32:08 configure_data_share_storage.py[line:73] INFO open log sucess.
Thu, 09 Jul 2020 13:32:08 configure_data_share_storage.py[line:178] INFO connect databases - confdatashare.db.
Thu, 09 Jul 2020 13:32:08 configure_data_share_storage.py[line:151] INFO if not exists create table - employees
Thu, 09 Jul 2020 13:32:08 configure_data_share_storage.py[line:162] INFO if not exists create table - svnAccounts
Thu, 09 Jul 2020 13:32:08 configure_data_share_storage.py[line:171] INFO create all tables sucess.
Thu, 09 Jul 2020 13:32:15 client.py[line:129] INFO 发送消息 7900,query 成功
Thu, 09 Jul 2020 13:32:15 client.py[line:132] INFO 关闭连接成功
Thu, 09 Jul 2020 13:32:15 configure_data_share_storage.py[line:141] INFO query configure data result: [(22200, "'hj'", 4321), (100000, 'Bill', 20000), (100001, 'George', 250), (100002, 'Thomas', 30000), (222002, "'1hj'", 4321)]
Thu, 09 Jul 2020 13:32:23 client.py[line:129] INFO 发送消息 7900,close 成功
Thu, 09 Jul 2020 13:32:23 client.py[line:132] INFO 关闭连接成功
Thu, 09 Jul 2020 13:32:23 configure_data_share_storage.py[line:190] INFO close databases sucess.
Thu, 09 Jul 2020 13:32:23 configure_data_share_storage.py[line:82] INFO close log.
Thu, 09 Jul 2020 13:32:33 configure_data_share_storage.py[line:73] INFO open log sucess.
Thu, 09 Jul 2020 13:32:33 configure_data_share_storage.py[line:178] INFO connect databases - confdatashare.db.
Thu, 09 Jul 2020 13:32:33 configure_data_share_storage.py[line:151] INFO if not exists create table - employees
Thu, 09 Jul 2020 13:32:33 configure_data_share_storage.py[line:162] INFO if not exists create table - svnAccounts
Thu, 09 Jul 2020 13:32:33 configure_data_share_storage.py[line:171] INFO create all tables sucess.
Thu, 09 Jul 2020 13:32:36 client.py[line:129] INFO 发送消息 10744,query 成功
Thu, 09 Jul 2020 13:32:36 client.py[line:132] INFO 关闭连接成功
Thu, 09 Jul 2020 13:32:36 configure_data_share_storage.py[line:141] INFO query configure data result: [(22200, "'hj'", 4321), (100000, 'Bill', 20000), (100001, 'George', 250), (100002, 'Thomas', 30000), (222002, "'1hj'", 4321)]
Thu, 09 Jul 2020 13:32:42 client.py[line:129] INFO 发送消息 10744,close 成功
Thu, 09 Jul 2020 13:32:42 client.py[line:132] INFO 关闭连接成功
Thu, 09 Jul 2020 13:32:42 configure_data_share_storage.py[line:190] INFO close databases sucess.
Thu, 09 Jul 2020 13:32:42 configure_data_share_storage.py[line:82] INFO close log.
Thu, 09 Jul 2020 13:35:19 configure_data_share_storage.py[line:73] INFO open log sucess.
Thu, 09 Jul 2020 13:35:19 configure_data_share_storage.py[line:178] INFO connect databases - confdatashare.db.
Thu, 09 Jul 2020 13:35:19 configure_data_share_storage.py[line:151] INFO if not exists create table - employees
Thu, 09 Jul 2020 13:35:19 configure_data_share_storage.py[line:162] INFO if not exists create table - svnAccounts
Thu, 09 Jul 2020 13:35:19 configure_data_share_storage.py[line:171] INFO create all tables sucess.
Thu, 09 Jul 2020 13:35:22 client.py[line:131] INFO 发送消息 8036,notify 成功
Thu, 09 Jul 2020 13:35:22 client.py[line:134] INFO 关闭连接成功
Thu, 09 Jul 2020 13:35:22 client.py[line:131] INFO 发送消息 8036,close 成功
Thu, 09 Jul 2020 13:35:22 client.py[line:134] INFO 关闭连接成功
Thu, 09 Jul 2020 13:35:22 configure_data_share_storage.py[line:190] INFO close databases sucess.
Thu, 09 Jul 2020 13:35:22 configure_data_share_storage.py[line:82] INFO close log.
Thu, 09 Jul 2020 13:35:42 configure_data_share_storage.py[line:73] INFO open log sucess.
Thu, 09 Jul 2020 13:35:42 configure_data_share_storage.py[line:178] INFO connect databases - confdatashare.db.
Thu, 09 Jul 2020 13:35:42 configure_data_share_storage.py[line:151] INFO if not exists create table - employees
Thu, 09 Jul 2020 13:35:42 configure_data_share_storage.py[line:162] INFO if not exists create table - svnAccounts
Thu, 09 Jul 2020 13:35:42 configure_data_share_storage.py[line:171] INFO create all tables sucess.
Thu, 09 Jul 2020 13:35:44 client.py[line:131] INFO 发送消息 6780,query 成功
Thu, 09 Jul 2020 13:35:44 client.py[line:134] INFO 关闭连接成功
Thu, 09 Jul 2020 13:35:44 configure_data_share_storage.py[line:141] INFO query configure data result: [(22200, "'hj'", 4321), (100000, 'Bill', 20000), (100001, 'George', 250), (100002, 'Thomas', 30000), (222002, "'1hj'", 4321)]
Thu, 09 Jul 2020 13:35:47 client.py[line:131] INFO 发送消息 6780,query 成功
Thu, 09 Jul 2020 13:35:47 client.py[line:134] INFO 关闭连接成功
Thu, 09 Jul 2020 13:35:47 configure_data_share_storage.py[line:141] INFO query configure data result: [(22200, "'hj'", 4321), (100000, 'Bill', 20000), (100001, 'George', 250), (100002, 'Thomas', 30000), (222002, "'1hj'", 4321)]
Thu, 09 Jul 2020 13:35:52 client.py[line:131] INFO 发送消息 6780,closeserver 成功
Thu, 09 Jul 2020 13:35:52 client.py[line:134] INFO 关闭连接成功
Thu, 09 Jul 2020 13:37:32 configure_data_share_storage.py[line:73] INFO open log sucess.
Thu, 09 Jul 2020 13:37:32 configure_data_share_storage.py[line:178] INFO connect databases - confdatashare.db.
Thu, 09 Jul 2020 13:37:32 configure_data_share_storage.py[line:151] INFO if not exists create table - employees
Thu, 09 Jul 2020 13:37:32 configure_data_share_storage.py[line:162] INFO if not exists create table - svnAccounts
Thu, 09 Jul 2020 13:37:32 configure_data_share_storage.py[line:171] INFO create all tables sucess.
Thu, 09 Jul 2020 13:37:34 client.py[line:131] INFO 发送消息 5092,closeserver 成功
Thu, 09 Jul 2020 13:37:34 client.py[line:134] INFO 关闭连接成功
Thu, 09 Jul 2020 13:38:04 configure_data_share_storage.py[line:73] INFO open log sucess.
Thu, 09 Jul 2020 13:38:04 configure_data_share_storage.py[line:178] INFO connect databases - confdatashare.db.
Thu, 09 Jul 2020 13:38:04 configure_data_share_storage.py[line:151] INFO if not exists create table - employees
Thu, 09 Jul 2020 13:38:04 configure_data_share_storage.py[line:162] INFO if not exists create table - svnAccounts
Thu, 09 Jul 2020 13:38:04 configure_data_share_storage.py[line:171] INFO create all tables sucess.
Thu, 09 Jul 2020 13:38:05 client.py[line:130] INFO 发送消息 8892,closeserver 成功
Thu, 09 Jul 2020 13:38:05 client.py[line:133] INFO 关闭连接成功
Thu, 09 Jul 2020 13:38:09 configure_data_share_storage.py[line:190] INFO close databases sucess.
Thu, 09 Jul 2020 13:38:09 configure_data_share_storage.py[line:82] INFO close log.
Thu, 09 Jul 2020 13:38:17 configure_data_share_storage.py[line:73] INFO open log sucess.
Thu, 09 Jul 2020 13:38:17 configure_data_share_storage.py[line:178] INFO connect databases - confdatashare.db.
Thu, 09 Jul 2020 13:38:17 configure_data_share_storage.py[line:151] INFO if not exists create table - employees
Thu, 09 Jul 2020 13:38:17 configure_data_share_storage.py[line:162] INFO if not exists create table - svnAccounts
Thu, 09 Jul 2020 13:38:17 configure_data_share_storage.py[line:171] INFO create all tables sucess.
Thu, 09 Jul 2020 13:38:20 client.py[line:130] INFO 发送消息 6780,query 成功
Thu, 09 Jul 2020 13:38:20 client.py[line:133] INFO 关闭连接成功
Thu, 09 Jul 2020 13:38:20 configure_data_share_storage.py[line:141] INFO query configure data result: [(22200, "'hj'", 4321), (100000, 'Bill', 20000), (100001, 'George', 250), (100002, 'Thomas', 30000), (222002, "'1hj'", 4321)]
Thu, 09 Jul 2020 13:38:21 client.py[line:130] INFO 发送消息 6780,query 成功
Thu, 09 Jul 2020 13:38:21 client.py[line:133] INFO 关闭连接成功
Thu, 09 Jul 2020 13:38:21 configure_data_share_storage.py[line:141] INFO query configure data result: [(22200, "'hj'", 4321), (100000, 'Bill', 20000), (100001, 'George', 250), (100002, 'Thomas', 30000), (222002, "'1hj'", 4321)]
Thu, 09 Jul 2020 13:39:14 configure_data_share_storage.py[line:73] INFO open log sucess.
Thu, 09 Jul 2020 13:39:14 configure_data_share_storage.py[line:178] INFO connect databases - confdatashare.db.
Thu, 09 Jul 2020 13:39:14 configure_data_share_storage.py[line:151] INFO if not exists create table - employees
Thu, 09 Jul 2020 13:39:14 configure_data_share_storage.py[line:162] INFO if not exists create table - svnAccounts
Thu, 09 Jul 2020 13:39:14 configure_data_share_storage.py[line:171] INFO create all tables sucess.
Thu, 09 Jul 2020 13:39:30 client.py[line:130] INFO 发送消息 4880,query 成功
Thu, 09 Jul 2020 13:39:30 client.py[line:133] INFO 关闭连接成功
Thu, 09 Jul 2020 13:39:30 configure_data_share_storage.py[line:141] INFO query configure data result: [(22200, "'hj'", 4321), (100000, 'Bill', 20000), (100001, 'George', 250), (100002, 'Thomas', 30000), (222002, "'1hj'", 4321)]
Thu, 09 Jul 2020 13:39:35 client.py[line:130] INFO 发送消息 4880,query 成功
Thu, 09 Jul 2020 13:39:35 client.py[line:133] INFO 关闭连接成功
Thu, 09 Jul 2020 13:39:35 configure_data_share_storage.py[line:141] INFO query configure data result: [(22200, "'hj'", 4321), (100000, 'Bill', 20000), (100001, 'George', 250), (100002, 'Thomas', 30000), (222002, "'1hj'", 4321)]
Thu, 09 Jul 2020 13:39:40 client.py[line:130] INFO 发送消息 6780,query 成功
Thu, 09 Jul 2020 13:39:40 client.py[line:133] INFO 关闭连接成功
Thu, 09 Jul 2020 13:39:40 configure_data_share_storage.py[line:141] INFO query configure data result: [(22200, "'hj'", 4321), (100000, 'Bill', 20000), (100001, 'George', 250), (100002, 'Thomas', 30000), (222002, "'1hj'", 4321)]
Thu, 09 Jul 2020 13:39:44 client.py[line:130] INFO 发送消息 6780,closeserver 成功
Thu, 09 Jul 2020 13:39:44 client.py[line:133] INFO 关闭连接成功
Thu, 09 Jul 2020 13:39:46 configure_data_share_storage.py[line:190] INFO close databases sucess.
Thu, 09 Jul 2020 13:39:46 configure_data_share_storage.py[line:82] INFO close log.
Thu, 09 Jul 2020 13:39:48 configure_data_share_storage.py[line:190] INFO close databases sucess.
Thu, 09 Jul 2020 13:39:48 configure_data_share_storage.py[line:82] INFO close log.
Thu, 09 Jul 2020 13:51:15 configure_data_share_storage.py[line:73] INFO open log sucess.
Thu, 09 Jul 2020 13:51:15 configure_data_share_storage.py[line:182] INFO connect databases - confdatashare.db.
Thu, 09 Jul 2020 13:51:15 configure_data_share_storage.py[line:155] INFO if not exists create table - employees
Thu, 09 Jul 2020 13:51:15 configure_data_share_storage.py[line:166] INFO if not exists create table - svnAccounts
Thu, 09 Jul 2020 13:51:15 configure_data_share_storage.py[line:175] INFO create all tables sucess.
Thu, 09 Jul 2020 13:51:30 client.py[line:130] INFO 发送消息 9308,query 成功
Thu, 09 Jul 2020 13:51:30 client.py[line:133] INFO 关闭连接成功
Thu, 09 Jul 2020 13:51:30 configure_data_share_storage.py[line:145] INFO query configure data result: {"jobNumber": [22200, "'hj'", 4321], "firstName": [100000, "Bill", 20000], "salary": [100001, "George", 250]}
Thu, 09 Jul 2020 13:53:26 client.py[line:130] INFO 发送消息 9308,query 成功
Thu, 09 Jul 2020 13:53:26 client.py[line:133] INFO 关闭连接成功
Thu, 09 Jul 2020 13:53:26 configure_data_share_storage.py[line:145] INFO query configure data result: {"jobNumber": [22200, "'hj'", 4321], "firstName": [100000, "Bill", 20000], "salary": [100001, "George", 250]}
Thu, 09 Jul 2020 13:53:34 client.py[line:130] INFO 发送消息 9308,query 成功
Thu, 09 Jul 2020 13:53:34 client.py[line:133] INFO 关闭连接成功
Thu, 09 Jul 2020 13:53:34 configure_data_share_storage.py[line:145] INFO query configure data result: {"jobNumber": [22200, "'hj'", 4321], "firstName": [100000, "Bill", 20000], "salary": [100001, "George", 250]}
Thu, 09 Jul 2020 13:53:45 client.py[line:130] INFO 发送消息 9308,closeserver 成功
Thu, 09 Jul 2020 13:53:45 client.py[line:133] INFO 关闭连接成功
Thu, 09 Jul 2020 13:53:46 configure_data_share_storage.py[line:194] INFO close databases sucess.
Thu, 09 Jul 2020 13:53:46 configure_data_share_storage.py[line:82] INFO close log.
Thu, 09 Jul 2020 13:53:52 configure_data_share_storage.py[line:73] INFO open log sucess.
Thu, 09 Jul 2020 13:53:52 configure_data_share_storage.py[line:185] INFO connect databases - confdatashare.db.
Thu, 09 Jul 2020 13:53:52 configure_data_share_storage.py[line:158] INFO if not exists create table - employees
Thu, 09 Jul 2020 13:53:52 configure_data_share_storage.py[line:169] INFO if not exists create table - svnAccounts
Thu, 09 Jul 2020 13:53:52 configure_data_share_storage.py[line:178] INFO create all tables sucess.
Thu, 09 Jul 2020 13:53:55 client.py[line:130] INFO 发送消息 10560,query 成功
Thu, 09 Jul 2020 13:53:55 client.py[line:133] INFO 关闭连接成功
Thu, 09 Jul 2020 13:53:55 configure_data_share_storage.py[line:148] INFO query configure data result: ['{"jobNumber": 22200, "firstName": "\'hj\'", "salary": 4321}', '{"jobNumber": 100000, "firstName": "Bill", "salary": 20000}', '{"jobNumber": 100001, "firstName": "George", "salary": 250}', '{"jobNumber": 100002, "firstName": "Thomas", "salary": 30000}', '{"jobNumber": 222002, "firstName": "\'1hj\'", "salary": 4321}']
Thu, 09 Jul 2020 14:09:46 client.py[line:130] INFO 发送消息 10560,closeserver 成功
Thu, 09 Jul 2020 14:09:46 client.py[line:133] INFO 关闭连接成功
Thu, 09 Jul 2020 14:09:48 configure_data_share_storage.py[line:197] INFO close databases sucess.
Thu, 09 Jul 2020 14:09:48 configure_data_share_storage.py[line:82] INFO close log.
Thu, 09 Jul 2020 21:52:24 configure_data_share_storage.py[line:73] INFO open log sucess.
Thu, 09 Jul 2020 21:52:24 configure_data_share_storage.py[line:185] INFO connect databases - confdatashare.db.
Thu, 09 Jul 2020 21:52:24 configure_data_share_storage.py[line:158] INFO if not exists create table - employees
Thu, 09 Jul 2020 21:52:24 configure_data_share_storage.py[line:169] INFO if not exists create table - svnAccounts
Thu, 09 Jul 2020 21:52:24 configure_data_share_storage.py[line:178] INFO create all tables sucess.
Thu, 09 Jul 2020 21:52:35 configure_data_share_storage.py[line:73] INFO open log sucess.
Thu, 09 Jul 2020 21:52:35 configure_data_share_storage.py[line:185] INFO connect databases - confdatashare.db.
Thu, 09 Jul 2020 21:52:35 configure_data_share_storage.py[line:158] INFO if not exists create table - employees
Thu, 09 Jul 2020 21:52:35 configure_data_share_storage.py[line:169] INFO if not exists create table - svnAccounts
Thu, 09 Jul 2020 21:52:35 configure_data_share_storage.py[line:178] INFO create all tables sucess.
Thu, 09 Jul 2020 21:53:01 client.py[line:130] INFO 发送消息 10744,query 成功
Thu, 09 Jul 2020 21:53:01 client.py[line:133] INFO 关闭连接成功
Thu, 09 Jul 2020 21:53:01 configure_data_share_storage.py[line:148] INFO query configure data result: ['{"jobNumber": 22200, "firstName": "\'hj\'", "salary": 4321}', '{"jobNumber": 100000, "firstName": "Bill", "salary": 20000}', '{"jobNumber": 100001, "firstName": "George", "salary": 250}', '{"jobNumber": 100002, "firstName": "Thomas", "salary": 30000}', '{"jobNumber": 222002, "firstName": "\'1hj\'", "salary": 4321}']
Thu, 09 Jul 2020 21:53:02 client.py[line:130] INFO 发送消息 10744,query 成功
Thu, 09 Jul 2020 21:53:02 client.py[line:133] INFO 关闭连接成功
Thu, 09 Jul 2020 21:53:02 configure_data_share_storage.py[line:148] INFO query configure data result: ['{"jobNumber": 22200, "firstName": "\'hj\'", "salary": 4321}', '{"jobNumber": 100000, "firstName": "Bill", "salary": 20000}', '{"jobNumber": 100001, "firstName": "George", "salary": 250}', '{"jobNumber": 100002, "firstName": "Thomas", "salary": 30000}', '{"jobNumber": 222002, "firstName": "\'1hj\'", "salary": 4321}']
Thu, 09 Jul 2020 21:53:03 client.py[line:130] INFO 发送消息 10744,query 成功
Thu, 09 Jul 2020 21:53:03 client.py[line:133] INFO 关闭连接成功
Thu, 09 Jul 2020 21:53:03 configure_data_share_storage.py[line:148] INFO query configure data result: ['{"jobNumber": 22200, "firstName": "\'hj\'", "salary": 4321}', '{"jobNumber": 100000, "firstName": "Bill", "salary": 20000}', '{"jobNumber": 100001, "firstName": "George", "salary": 250}', '{"jobNumber": 100002, "firstName": "Thomas", "salary": 30000}', '{"jobNumber": 222002, "firstName": "\'1hj\'", "salary": 4321}']
Thu, 09 Jul 2020 21:53:08 client.py[line:130] INFO 发送消息 11284,query 成功
Thu, 09 Jul 2020 21:53:08 client.py[line:133] INFO 关闭连接成功
Thu, 09 Jul 2020 21:53:08 configure_data_share_storage.py[line:148] INFO query configure data result: ['{"jobNumber": 22200, "firstName": "\'hj\'", "salary": 4321}', '{"jobNumber": 100000, "firstName": "Bill", "salary": 20000}', '{"jobNumber": 100001, "firstName": "George", "salary": 250}', '{"jobNumber": 100002, "firstName": "Thomas", "salary": 30000}', '{"jobNumber": 222002, "firstName": "\'1hj\'", "salary": 4321}']
Thu, 09 Jul 2020 21:53:09 client.py[line:130] INFO 发送消息 11284,query 成功
Thu, 09 Jul 2020 21:53:09 client.py[line:133] INFO 关闭连接成功
Thu, 09 Jul 2020 21:53:09 configure_data_share_storage.py[line:148] INFO query configure data result: ['{"jobNumber": 22200, "firstName": "\'hj\'", "salary": 4321}', '{"jobNumber": 100000, "firstName": "Bill", "salary": 20000}', '{"jobNumber": 100001, "firstName": "George", "salary": 250}', '{"jobNumber": 100002, "firstName": "Thomas", "salary": 30000}', '{"jobNumber": 222002, "firstName": "\'1hj\'", "salary": 4321}']
Thu, 09 Jul 2020 21:53:13 configure_data_share_storage.py[line:197] INFO close databases sucess.
Thu, 09 Jul 2020 21:53:13 configure_data_share_storage.py[line:82] INFO close log.
Thu, 09 Jul 2020 21:53:15 client.py[line:130] INFO 发送消息 10744,query 成功
Thu, 09 Jul 2020 21:53:15 client.py[line:133] INFO 关闭连接成功
Thu, 09 Jul 2020 21:53:15 configure_data_share_storage.py[line:148] INFO query configure data result: ['{"jobNumber": 22200, "firstName": "\'hj\'", "salary": 4321}', '{"jobNumber": 100000, "firstName": "Bill", "salary": 20000}', '{"jobNumber": 100001, "firstName": "George", "salary": 250}', '{"jobNumber": 100002, "firstName": "Thomas", "salary": 30000}', '{"jobNumber": 222002, "firstName": "\'1hj\'", "salary": 4321}']
Thu, 09 Jul 2020 21:53:16 client.py[line:130] INFO 发送消息 10744,query 成功
Thu, 09 Jul 2020 21:53:16 client.py[line:133] INFO 关闭连接成功
Thu, 09 Jul 2020 21:53:16 configure_data_share_storage.py[line:148] INFO query configure data result: ['{"jobNumber": 22200, "firstName": "\'hj\'", "salary": 4321}', '{"jobNumber": 100000, "firstName": "Bill", "salary": 20000}', '{"jobNumber": 100001, "firstName": "George", "salary": 250}', '{"jobNumber": 100002, "firstName": "Thomas", "salary": 30000}', '{"jobNumber": 222002, "firstName": "\'1hj\'", "salary": 4321}']
Thu, 09 Jul 2020 21:53:18 client.py[line:130] INFO 发送消息 10744,closeserver 成功
Thu, 09 Jul 2020 21:53:18 client.py[line:133] INFO 关闭连接成功
Thu, 09 Jul 2020 21:53:19 configure_data_share_storage.py[line:197] INFO close databases sucess.
Thu, 09 Jul 2020 21:53:20 configure_data_share_storage.py[line:82] INFO close log.
Thu, 09 Jul 2020 23:31:33 configure_data_share_storage.py[line:73] INFO open log sucess.
Thu, 09 Jul 2020 23:31:33 configure_data_share_storage.py[line:185] INFO connect databases - confdatashare.db.
Thu, 09 Jul 2020 23:31:33 configure_data_share_storage.py[line:158] INFO if not exists create table - employees
Thu, 09 Jul 2020 23:31:33 configure_data_share_storage.py[line:169] INFO if not exists create table - svnAccounts
Thu, 09 Jul 2020 23:31:33 configure_data_share_storage.py[line:178] INFO create all tables sucess.
Thu, 09 Jul 2020 23:31:54 client.py[line:130] INFO 发送消息 13484,query 成功
Thu, 09 Jul 2020 23:31:54 client.py[line:133] INFO 关闭连接成功
Thu, 09 Jul 2020 23:31:54 configure_data_share_storage.py[line:148] INFO query configure data result: 
 ['{"jobNumber": 22200, "firstName": "\'hj\'", "salary": 4321}', '{"jobNumber": 100000, "firstName": "Bill", "salary": 20000}', '{"jobNumber": 100001, "firstName": "George", "salary": 250}', '{"jobNumber": 100002, "firstName": "Thomas", "salary": 30000}', '{"jobNumber": 222002, "firstName": "\'1hj\'", "salary": 4321}']
Thu, 09 Jul 2020 23:33:08 client.py[line:130] INFO 发送消息 13484,closeserver 成功
Thu, 09 Jul 2020 23:33:08 client.py[line:133] INFO 关闭连接成功
Thu, 09 Jul 2020 23:33:10 configure_data_share_storage.py[line:197] INFO close databases sucess.
Thu, 09 Jul 2020 23:33:10 configure_data_share_storage.py[line:82] INFO close log.
Fri, 10 Jul 2020 01:13:57 configure_data_share_storage.py[line:73] INFO open log sucess.
Fri, 10 Jul 2020 01:13:57 configure_data_share_storage.py[line:185] INFO connect databases - confdatashare.db.
Fri, 10 Jul 2020 01:13:57 configure_data_share_storage.py[line:158] INFO if not exists create table - employees
Fri, 10 Jul 2020 01:13:57 configure_data_share_storage.py[line:169] INFO if not exists create table - svnAccounts
Fri, 10 Jul 2020 01:13:57 configure_data_share_storage.py[line:178] INFO create all tables sucess.
Fri, 10 Jul 2020 01:14:16 configure_data_share_storage.py[line:73] INFO open log sucess.
Fri, 10 Jul 2020 01:14:16 configure_data_share_storage.py[line:185] INFO connect databases - confdatashare.db.
Fri, 10 Jul 2020 01:14:16 configure_data_share_storage.py[line:158] INFO if not exists create table - employees
Fri, 10 Jul 2020 01:14:16 configure_data_share_storage.py[line:169] INFO if not exists create table - svnAccounts
Fri, 10 Jul 2020 01:14:16 configure_data_share_storage.py[line:178] INFO create all tables sucess.
Fri, 10 Jul 2020 01:14:24 client.py[line:152] INFO 发送消息 6816,notify 成功
Fri, 10 Jul 2020 01:14:24 client.py[line:155] INFO 关闭连接成功
Fri, 10 Jul 2020 01:14:39 client.py[line:152] INFO 发送消息 6816,closeserver 成功
Fri, 10 Jul 2020 01:14:39 client.py[line:155] INFO 关闭连接成功
Fri, 10 Jul 2020 01:14:42 configure_data_share_storage.py[line:197] INFO close databases sucess.
Fri, 10 Jul 2020 01:14:42 configure_data_share_storage.py[line:82] INFO close log.
Fri, 10 Jul 2020 01:26:47 configure_data_share_storage.py[line:73] INFO open log sucess.
Fri, 10 Jul 2020 01:26:47 configure_data_share_storage.py[line:185] INFO connect databases - confdatashare.db.
Fri, 10 Jul 2020 01:26:47 configure_data_share_storage.py[line:158] INFO if not exists create table - employees
Fri, 10 Jul 2020 01:26:47 configure_data_share_storage.py[line:169] INFO if not exists create table - svnAccounts
Fri, 10 Jul 2020 01:26:47 configure_data_share_storage.py[line:178] INFO create all tables sucess.
Fri, 10 Jul 2020 01:27:31 configure_data_share_storage.py[line:73] INFO open log sucess.
Fri, 10 Jul 2020 01:27:31 configure_data_share_storage.py[line:185] INFO connect databases - confdatashare.db.
Fri, 10 Jul 2020 01:27:31 configure_data_share_storage.py[line:158] INFO if not exists create table - employees
Fri, 10 Jul 2020 01:27:31 configure_data_share_storage.py[line:169] INFO if not exists create table - svnAccounts
Fri, 10 Jul 2020 01:27:31 configure_data_share_storage.py[line:178] INFO create all tables sucess.
Fri, 10 Jul 2020 01:27:33 client.py[line:152] INFO 发送消息 8780,notify 成功
Fri, 10 Jul 2020 01:27:33 client.py[line:155] INFO 关闭连接成功
Fri, 10 Jul 2020 01:29:30 client.py[line:152] INFO 发送消息 8780,closeserver 成功
Fri, 10 Jul 2020 01:29:30 client.py[line:155] INFO 关闭连接成功
Fri, 10 Jul 2020 01:29:31 configure_data_share_storage.py[line:197] INFO close databases sucess.
Fri, 10 Jul 2020 01:29:31 configure_data_share_storage.py[line:82] INFO close log.
Fri, 10 Jul 2020 01:29:36 configure_data_share_storage.py[line:73] INFO open log sucess.
Fri, 10 Jul 2020 01:29:36 configure_data_share_storage.py[line:185] INFO connect databases - confdatashare.db.
Fri, 10 Jul 2020 01:29:36 configure_data_share_storage.py[line:158] INFO if not exists create table - employees
Fri, 10 Jul 2020 01:29:36 configure_data_share_storage.py[line:169] INFO if not exists create table - svnAccounts
Fri, 10 Jul 2020 01:29:36 configure_data_share_storage.py[line:178] INFO create all tables sucess.
Fri, 10 Jul 2020 01:29:38 client.py[line:152] INFO 发送消息 12856,notify 成功
Fri, 10 Jul 2020 01:29:38 client.py[line:155] INFO 关闭连接成功
Fri, 10 Jul 2020 01:30:23 configure_data_share_storage.py[line:197] INFO close databases sucess.
Fri, 10 Jul 2020 01:30:23 configure_data_share_storage.py[line:82] INFO close log.
Fri, 10 Jul 2020 01:30:25 configure_data_share_storage.py[line:73] INFO open log sucess.
Fri, 10 Jul 2020 01:30:25 configure_data_share_storage.py[line:185] INFO connect databases - confdatashare.db.
Fri, 10 Jul 2020 01:30:25 configure_data_share_storage.py[line:158] INFO if not exists create table - employees
Fri, 10 Jul 2020 01:30:25 configure_data_share_storage.py[line:169] INFO if not exists create table - svnAccounts
Fri, 10 Jul 2020 01:30:25 configure_data_share_storage.py[line:178] INFO create all tables sucess.
Fri, 10 Jul 2020 01:30:28 client.py[line:152] INFO 发送消息 8932,closeserver 成功
Fri, 10 Jul 2020 01:30:28 client.py[line:155] INFO 关闭连接成功
Fri, 10 Jul 2020 01:30:29 configure_data_share_storage.py[line:197] INFO close databases sucess.
Fri, 10 Jul 2020 01:30:29 configure_data_share_storage.py[line:82] INFO close log.
Fri, 10 Jul 2020 01:30:41 configure_data_share_storage.py[line:73] INFO open log sucess.
Fri, 10 Jul 2020 01:30:41 configure_data_share_storage.py[line:185] INFO connect databases - confdatashare.db.
Fri, 10 Jul 2020 01:30:41 configure_data_share_storage.py[line:158] INFO if not exists create table - employees
Fri, 10 Jul 2020 01:30:42 configure_data_share_storage.py[line:169] INFO if not exists create table - svnAccounts
Fri, 10 Jul 2020 01:30:42 configure_data_share_storage.py[line:178] INFO create all tables sucess.
Fri, 10 Jul 2020 01:30:43 client.py[line:152] INFO 发送消息 17700,closeserver 成功
Fri, 10 Jul 2020 01:30:43 client.py[line:155] INFO 关闭连接成功
Fri, 10 Jul 2020 01:30:44 configure_data_share_storage.py[line:197] INFO close databases sucess.
Fri, 10 Jul 2020 01:30:44 configure_data_share_storage.py[line:82] INFO close log.
Fri, 10 Jul 2020 01:31:24 configure_data_share_storage.py[line:73] INFO open log sucess.
Fri, 10 Jul 2020 01:31:24 configure_data_share_storage.py[line:185] INFO connect databases - confdatashare.db.
Fri, 10 Jul 2020 01:31:24 configure_data_share_storage.py[line:158] INFO if not exists create table - employees
Fri, 10 Jul 2020 01:31:24 configure_data_share_storage.py[line:169] INFO if not exists create table - svnAccounts
Fri, 10 Jul 2020 01:31:24 configure_data_share_storage.py[line:178] INFO create all tables sucess.
Fri, 10 Jul 2020 01:31:27 client.py[line:152] INFO 发送消息 224,notify 成功
Fri, 10 Jul 2020 01:31:27 client.py[line:155] INFO 关闭连接成功
Fri, 10 Jul 2020 01:32:35 client.py[line:152] INFO 发送消息 224,closeserver 成功
Fri, 10 Jul 2020 01:32:35 client.py[line:155] INFO 关闭连接成功
Fri, 10 Jul 2020 01:32:36 configure_data_share_storage.py[line:197] INFO close databases sucess.
Fri, 10 Jul 2020 01:32:36 configure_data_share_storage.py[line:82] INFO close log.
Fri, 10 Jul 2020 01:33:06 configure_data_share_storage.py[line:73] INFO open log sucess.
Fri, 10 Jul 2020 01:33:06 configure_data_share_storage.py[line:185] INFO connect databases - confdatashare.db.
Fri, 10 Jul 2020 01:33:06 configure_data_share_storage.py[line:158] INFO if not exists create table - employees
Fri, 10 Jul 2020 01:33:06 configure_data_share_storage.py[line:169] INFO if not exists create table - svnAccounts
Fri, 10 Jul 2020 01:33:06 configure_data_share_storage.py[line:178] INFO create all tables sucess.
Fri, 10 Jul 2020 01:33:08 client.py[line:152] INFO 发送消息 6292,notify 成功
Fri, 10 Jul 2020 01:33:08 client.py[line:155] INFO 关闭连接成功
Fri, 10 Jul 2020 01:37:22 client.py[line:152] INFO 发送消息 6292,closeserver 成功
Fri, 10 Jul 2020 01:37:22 client.py[line:155] INFO 关闭连接成功
Fri, 10 Jul 2020 01:37:22 configure_data_share_storage.py[line:197] INFO close databases sucess.
Fri, 10 Jul 2020 01:37:22 configure_data_share_storage.py[line:82] INFO close log.
Fri, 10 Jul 2020 01:37:28 configure_data_share_storage.py[line:73] INFO open log sucess.
Fri, 10 Jul 2020 01:37:28 configure_data_share_storage.py[line:185] INFO connect databases - confdatashare.db.
Fri, 10 Jul 2020 01:37:28 configure_data_share_storage.py[line:158] INFO if not exists create table - employees
Fri, 10 Jul 2020 01:37:28 configure_data_share_storage.py[line:169] INFO if not exists create table - svnAccounts
Fri, 10 Jul 2020 01:37:28 configure_data_share_storage.py[line:178] INFO create all tables sucess.
Fri, 10 Jul 2020 01:37:28 client.py[line:152] INFO 发送消息 16660,11504,connect 成功
Fri, 10 Jul 2020 01:37:28 client.py[line:155] INFO 关闭连接成功
Fri, 10 Jul 2020 01:37:39 client.py[line:152] INFO 发送消息 16660,notify 成功
Fri, 10 Jul 2020 01:37:39 client.py[line:155] INFO 关闭连接成功
Fri, 10 Jul 2020 01:37:48 client.py[line:152] INFO 发送消息 16660,closeserver 成功
Fri, 10 Jul 2020 01:37:48 client.py[line:155] INFO 关闭连接成功
Fri, 10 Jul 2020 01:37:49 configure_data_share_storage.py[line:197] INFO close databases sucess.
Fri, 10 Jul 2020 01:37:49 configure_data_share_storage.py[line:82] INFO close log.
Fri, 10 Jul 2020 01:40:39 configure_data_share_storage.py[line:73] INFO open log sucess.
Fri, 10 Jul 2020 01:40:39 configure_data_share_storage.py[line:185] INFO connect databases - confdatashare.db.
Fri, 10 Jul 2020 01:40:39 configure_data_share_storage.py[line:158] INFO if not exists create table - employees
Fri, 10 Jul 2020 01:40:39 configure_data_share_storage.py[line:169] INFO if not exists create table - svnAccounts
Fri, 10 Jul 2020 01:40:39 configure_data_share_storage.py[line:178] INFO create all tables sucess.
Fri, 10 Jul 2020 01:40:40 client.py[line:153] INFO 发送消息 14376,connect 成功
Fri, 10 Jul 2020 01:40:40 client.py[line:156] INFO 关闭连接成功
Fri, 10 Jul 2020 01:40:43 client.py[line:153] INFO 发送消息 notify 成功
Fri, 10 Jul 2020 01:40:43 client.py[line:156] INFO 关闭连接成功
Fri, 10 Jul 2020 01:40:58 client.py[line:153] INFO 发送消息 closeserver 成功
Fri, 10 Jul 2020 01:40:58 client.py[line:156] INFO 关闭连接成功
Fri, 10 Jul 2020 01:41:04 client.py[line:153] INFO 发送消息 closeserver 成功
Fri, 10 Jul 2020 01:41:04 client.py[line:156] INFO 关闭连接成功
Fri, 10 Jul 2020 01:41:05 client.py[line:153] INFO 发送消息 closeserver 成功
Fri, 10 Jul 2020 01:41:05 client.py[line:156] INFO 关闭连接成功
Fri, 10 Jul 2020 01:41:07 client.py[line:153] INFO 发送消息 closeserver 成功
Fri, 10 Jul 2020 01:41:07 client.py[line:156] INFO 关闭连接成功
Fri, 10 Jul 2020 01:41:08 client.py[line:153] INFO 发送消息 closeserver 成功
Fri, 10 Jul 2020 01:41:08 client.py[line:156] INFO 关闭连接成功
Fri, 10 Jul 2020 01:41:09 client.py[line:153] INFO 发送消息 closeserver 成功
Fri, 10 Jul 2020 01:41:09 client.py[line:156] INFO 关闭连接成功
Fri, 10 Jul 2020 01:41:12 configure_data_share_storage.py[line:197] INFO close databases sucess.
Fri, 10 Jul 2020 01:41:12 configure_data_share_storage.py[line:82] INFO close log.
Fri, 10 Jul 2020 01:43:47 configure_data_share_storage.py[line:73] INFO open log sucess.
Fri, 10 Jul 2020 01:43:47 configure_data_share_storage.py[line:185] INFO connect databases - confdatashare.db.
Fri, 10 Jul 2020 01:43:47 configure_data_share_storage.py[line:158] INFO if not exists create table - employees
Fri, 10 Jul 2020 01:43:47 configure_data_share_storage.py[line:169] INFO if not exists create table - svnAccounts
Fri, 10 Jul 2020 01:43:47 configure_data_share_storage.py[line:178] INFO create all tables sucess.
Fri, 10 Jul 2020 01:43:47 client.py[line:153] INFO 发送消息 12608,connect 成功
Fri, 10 Jul 2020 01:43:47 client.py[line:156] INFO 关闭连接成功
Fri, 10 Jul 2020 01:43:49 client.py[line:153] INFO 发送消息 closeserver 成功
Fri, 10 Jul 2020 01:43:49 client.py[line:156] INFO 关闭连接成功
Fri, 10 Jul 2020 01:45:02 configure_data_share_storage.py[line:197] INFO close databases sucess.
Fri, 10 Jul 2020 01:45:02 configure_data_share_storage.py[line:82] INFO close log.
Fri, 10 Jul 2020 01:45:03 configure_data_share_storage.py[line:73] INFO open log sucess.
Fri, 10 Jul 2020 01:45:03 configure_data_share_storage.py[line:185] INFO connect databases - confdatashare.db.
Fri, 10 Jul 2020 01:45:03 configure_data_share_storage.py[line:158] INFO if not exists create table - employees
Fri, 10 Jul 2020 01:45:03 configure_data_share_storage.py[line:169] INFO if not exists create table - svnAccounts
Fri, 10 Jul 2020 01:45:03 configure_data_share_storage.py[line:178] INFO create all tables sucess.
Fri, 10 Jul 2020 01:45:04 client.py[line:153] INFO 发送消息 13076,connect 成功
Fri, 10 Jul 2020 01:45:04 client.py[line:156] INFO 关闭连接成功
Fri, 10 Jul 2020 01:45:05 client.py[line:153] INFO 发送消息 notify 成功
Fri, 10 Jul 2020 01:45:05 client.py[line:156] INFO 关闭连接成功
Fri, 10 Jul 2020 01:45:18 client.py[line:153] INFO 发送消息 closeserver 成功
Fri, 10 Jul 2020 01:45:18 client.py[line:156] INFO 关闭连接成功
Fri, 10 Jul 2020 01:46:14 client.py[line:153] INFO 发送消息 closeserver 成功
Fri, 10 Jul 2020 01:46:14 client.py[line:156] INFO 关闭连接成功
Fri, 10 Jul 2020 01:46:16 client.py[line:153] INFO 发送消息 closeserver 成功
Fri, 10 Jul 2020 01:46:16 client.py[line:156] INFO 关闭连接成功
Fri, 10 Jul 2020 01:46:17 configure_data_share_storage.py[line:197] INFO close databases sucess.
Fri, 10 Jul 2020 01:46:17 configure_data_share_storage.py[line:82] INFO close log.
Fri, 10 Jul 2020 01:48:48 configure_data_share_storage.py[line:73] INFO open log sucess.
Fri, 10 Jul 2020 01:48:48 configure_data_share_storage.py[line:185] INFO connect databases - confdatashare.db.
Fri, 10 Jul 2020 01:48:48 configure_data_share_storage.py[line:158] INFO if not exists create table - employees
Fri, 10 Jul 2020 01:48:48 configure_data_share_storage.py[line:169] INFO if not exists create table - svnAccounts
Fri, 10 Jul 2020 01:48:48 configure_data_share_storage.py[line:178] INFO create all tables sucess.
Fri, 10 Jul 2020 01:48:48 client.py[line:153] INFO 发送消息 15200,connect 成功
Fri, 10 Jul 2020 01:48:48 client.py[line:156] INFO 关闭连接成功
Fri, 10 Jul 2020 01:48:52 client.py[line:153] INFO 发送消息 12944,notify 成功
Fri, 10 Jul 2020 01:48:52 client.py[line:156] INFO 关闭连接成功
Fri, 10 Jul 2020 01:49:15 configure_data_share_storage.py[line:197] INFO close databases sucess.
Fri, 10 Jul 2020 01:49:15 configure_data_share_storage.py[line:82] INFO close log.
Fri, 10 Jul 2020 01:49:26 configure_data_share_storage.py[line:73] INFO open log sucess.
Fri, 10 Jul 2020 01:49:26 configure_data_share_storage.py[line:185] INFO connect databases - confdatashare.db.
Fri, 10 Jul 2020 01:49:26 configure_data_share_storage.py[line:158] INFO if not exists create table - employees
Fri, 10 Jul 2020 01:49:26 configure_data_share_storage.py[line:169] INFO if not exists create table - svnAccounts
Fri, 10 Jul 2020 01:49:26 configure_data_share_storage.py[line:178] INFO create all tables sucess.
Fri, 10 Jul 2020 01:49:26 client.py[line:153] INFO 发送消息 14172,connect 成功
Fri, 10 Jul 2020 01:49:26 client.py[line:156] INFO 关闭连接成功
Fri, 10 Jul 2020 01:49:29 client.py[line:153] INFO 发送消息 17656,notify 成功
Fri, 10 Jul 2020 01:49:29 client.py[line:156] INFO 关闭连接成功
Fri, 10 Jul 2020 01:50:33 client.py[line:153] INFO 发送消息 17656,notify 成功
Fri, 10 Jul 2020 01:50:33 client.py[line:156] INFO 关闭连接成功
Fri, 10 Jul 2020 01:50:41 client.py[line:153] INFO 发送消息 17656,closeserver 成功
Fri, 10 Jul 2020 01:50:41 client.py[line:156] INFO 关闭连接成功
Fri, 10 Jul 2020 01:50:42 configure_data_share_storage.py[line:197] INFO close databases sucess.
Fri, 10 Jul 2020 01:50:42 configure_data_share_storage.py[line:82] INFO close log.
Fri, 10 Jul 2020 01:50:48 configure_data_share_storage.py[line:73] INFO open log sucess.
Fri, 10 Jul 2020 01:50:48 configure_data_share_storage.py[line:185] INFO connect databases - confdatashare.db.
Fri, 10 Jul 2020 01:50:48 configure_data_share_storage.py[line:158] INFO if not exists create table - employees
Fri, 10 Jul 2020 01:50:48 configure_data_share_storage.py[line:169] INFO if not exists create table - svnAccounts
Fri, 10 Jul 2020 01:50:48 configure_data_share_storage.py[line:178] INFO create all tables sucess.
Fri, 10 Jul 2020 01:50:48 client.py[line:153] INFO 发送消息 7332,connect 成功
Fri, 10 Jul 2020 01:50:48 client.py[line:156] INFO 关闭连接成功
Fri, 10 Jul 2020 01:50:50 client.py[line:153] INFO 发送消息 16640,notify 成功
Fri, 10 Jul 2020 01:50:50 client.py[line:156] INFO 关闭连接成功
Fri, 10 Jul 2020 01:52:38 client.py[line:153] INFO 发送消息 16640,closeserver 成功
Fri, 10 Jul 2020 01:52:38 client.py[line:156] INFO 关闭连接成功
Fri, 10 Jul 2020 01:52:40 configure_data_share_storage.py[line:197] INFO close databases sucess.
Fri, 10 Jul 2020 01:52:40 configure_data_share_storage.py[line:82] INFO close log.
Fri, 10 Jul 2020 01:52:46 configure_data_share_storage.py[line:73] INFO open log sucess.
Fri, 10 Jul 2020 01:52:46 configure_data_share_storage.py[line:185] INFO connect databases - confdatashare.db.
Fri, 10 Jul 2020 01:52:46 configure_data_share_storage.py[line:158] INFO if not exists create table - employees
Fri, 10 Jul 2020 01:52:46 configure_data_share_storage.py[line:169] INFO if not exists create table - svnAccounts
Fri, 10 Jul 2020 01:52:46 configure_data_share_storage.py[line:178] INFO create all tables sucess.
Fri, 10 Jul 2020 01:52:47 client.py[line:153] INFO 发送消息 12556,connect 成功
Fri, 10 Jul 2020 01:52:47 client.py[line:156] INFO 关闭连接成功
Fri, 10 Jul 2020 01:52:49 client.py[line:153] INFO 发送消息 12972,notify 成功
Fri, 10 Jul 2020 01:52:49 client.py[line:156] INFO 关闭连接成功
Fri, 10 Jul 2020 01:52:58 client.py[line:153] INFO 发送消息 12972,closeserver 成功
Fri, 10 Jul 2020 01:52:58 client.py[line:156] INFO 关闭连接成功
Fri, 10 Jul 2020 01:52:59 configure_data_share_storage.py[line:197] INFO close databases sucess.
Fri, 10 Jul 2020 01:52:59 configure_data_share_storage.py[line:82] INFO close log.
Fri, 10 Jul 2020 01:55:23 configure_data_share_storage.py[line:73] INFO open log sucess.
Fri, 10 Jul 2020 01:55:23 configure_data_share_storage.py[line:185] INFO connect databases - confdatashare.db.
Fri, 10 Jul 2020 01:55:23 configure_data_share_storage.py[line:158] INFO if not exists create table - employees
Fri, 10 Jul 2020 01:55:23 configure_data_share_storage.py[line:169] INFO if not exists create table - svnAccounts
Fri, 10 Jul 2020 01:55:23 configure_data_share_storage.py[line:178] INFO create all tables sucess.
Fri, 10 Jul 2020 01:55:23 client.py[line:154] INFO 发送消息 2076,connect 成功
Fri, 10 Jul 2020 01:55:23 client.py[line:157] INFO 关闭连接成功
Fri, 10 Jul 2020 01:55:54 configure_data_share_storage.py[line:73] INFO open log sucess.
Fri, 10 Jul 2020 01:55:54 configure_data_share_storage.py[line:185] INFO connect databases - confdatashare.db.
Fri, 10 Jul 2020 01:55:54 configure_data_share_storage.py[line:158] INFO if not exists create table - employees
Fri, 10 Jul 2020 01:55:54 configure_data_share_storage.py[line:169] INFO if not exists create table - svnAccounts
Fri, 10 Jul 2020 01:55:54 configure_data_share_storage.py[line:178] INFO create all tables sucess.
Fri, 10 Jul 2020 01:55:54 client.py[line:154] INFO 发送消息 3220,connect 成功
Fri, 10 Jul 2020 01:55:54 client.py[line:157] INFO 关闭连接成功
Fri, 10 Jul 2020 01:56:47 client.py[line:154] INFO 发送消息 2276,notify 成功
Fri, 10 Jul 2020 01:56:47 client.py[line:157] INFO 关闭连接成功
Fri, 10 Jul 2020 01:56:55 client.py[line:154] INFO 发送消息 12716,notify 成功
Fri, 10 Jul 2020 01:56:55 client.py[line:157] INFO 关闭连接成功
Fri, 10 Jul 2020 01:59:22 client.py[line:154] INFO 发送消息 2276,closeserver 成功
Fri, 10 Jul 2020 01:59:22 client.py[line:157] INFO 关闭连接成功
Fri, 10 Jul 2020 01:59:26 configure_data_share_storage.py[line:197] INFO close databases sucess.
Fri, 10 Jul 2020 01:59:26 configure_data_share_storage.py[line:82] INFO close log.
Fri, 10 Jul 2020 01:59:31 configure_data_share_storage.py[line:73] INFO open log sucess.
Fri, 10 Jul 2020 01:59:31 configure_data_share_storage.py[line:185] INFO connect databases - confdatashare.db.
Fri, 10 Jul 2020 01:59:31 configure_data_share_storage.py[line:158] INFO if not exists create table - employees
Fri, 10 Jul 2020 01:59:31 configure_data_share_storage.py[line:169] INFO if not exists create table - svnAccounts
Fri, 10 Jul 2020 01:59:31 configure_data_share_storage.py[line:178] INFO create all tables sucess.
Fri, 10 Jul 2020 01:59:31 client.py[line:154] INFO 发送消息 11828,connect 成功
Fri, 10 Jul 2020 01:59:31 client.py[line:157] INFO 关闭连接成功
Fri, 10 Jul 2020 01:59:41 configure_data_share_storage.py[line:197] INFO close databases sucess.
Fri, 10 Jul 2020 01:59:41 configure_data_share_storage.py[line:82] INFO close log.
Fri, 10 Jul 2020 01:59:43 configure_data_share_storage.py[line:73] INFO open log sucess.
Fri, 10 Jul 2020 01:59:43 configure_data_share_storage.py[line:185] INFO connect databases - confdatashare.db.
Fri, 10 Jul 2020 01:59:43 configure_data_share_storage.py[line:158] INFO if not exists create table - employees
Fri, 10 Jul 2020 01:59:43 configure_data_share_storage.py[line:169] INFO if not exists create table - svnAccounts
Fri, 10 Jul 2020 01:59:43 configure_data_share_storage.py[line:178] INFO create all tables sucess.
Fri, 10 Jul 2020 01:59:43 client.py[line:154] INFO 发送消息 7452,connect 成功
Fri, 10 Jul 2020 01:59:43 client.py[line:157] INFO 关闭连接成功
Fri, 10 Jul 2020 01:59:46 client.py[line:154] INFO 发送消息 10812,notify 成功
Fri, 10 Jul 2020 01:59:46 client.py[line:157] INFO 关闭连接成功
Fri, 10 Jul 2020 02:00:51 client.py[line:154] INFO 发送消息 10812,closeserver 成功
Fri, 10 Jul 2020 02:00:51 client.py[line:157] INFO 关闭连接成功
Fri, 10 Jul 2020 02:00:52 configure_data_share_storage.py[line:197] INFO close databases sucess.
Fri, 10 Jul 2020 02:00:52 configure_data_share_storage.py[line:82] INFO close log.
Fri, 10 Jul 2020 02:00:58 configure_data_share_storage.py[line:73] INFO open log sucess.
Fri, 10 Jul 2020 02:00:58 configure_data_share_storage.py[line:185] INFO connect databases - confdatashare.db.
Fri, 10 Jul 2020 02:00:58 configure_data_share_storage.py[line:158] INFO if not exists create table - employees
Fri, 10 Jul 2020 02:00:58 configure_data_share_storage.py[line:169] INFO if not exists create table - svnAccounts
Fri, 10 Jul 2020 02:00:58 configure_data_share_storage.py[line:178] INFO create all tables sucess.
Fri, 10 Jul 2020 02:00:59 client.py[line:154] INFO 发送消息 19284,connect 成功
Fri, 10 Jul 2020 02:00:59 client.py[line:157] INFO 关闭连接成功
Fri, 10 Jul 2020 02:01:03 configure_data_share_storage.py[line:197] INFO close databases sucess.
Fri, 10 Jul 2020 02:01:03 configure_data_share_storage.py[line:82] INFO close log.
Fri, 10 Jul 2020 02:01:05 configure_data_share_storage.py[line:73] INFO open log sucess.
Fri, 10 Jul 2020 02:01:05 configure_data_share_storage.py[line:185] INFO connect databases - confdatashare.db.
Fri, 10 Jul 2020 02:01:05 configure_data_share_storage.py[line:158] INFO if not exists create table - employees
Fri, 10 Jul 2020 02:01:05 configure_data_share_storage.py[line:169] INFO if not exists create table - svnAccounts
Fri, 10 Jul 2020 02:01:05 configure_data_share_storage.py[line:178] INFO create all tables sucess.
Fri, 10 Jul 2020 02:01:05 client.py[line:154] INFO 发送消息 13984,connect 成功
Fri, 10 Jul 2020 02:01:05 client.py[line:157] INFO 关闭连接成功
Fri, 10 Jul 2020 02:01:09 client.py[line:154] INFO 发送消息 8332,notify 成功
Fri, 10 Jul 2020 02:01:09 client.py[line:157] INFO 关闭连接成功
Fri, 10 Jul 2020 02:01:31 configure_data_share_storage.py[line:197] INFO close databases sucess.
Fri, 10 Jul 2020 02:01:31 configure_data_share_storage.py[line:82] INFO close log.
Fri, 10 Jul 2020 02:01:32 configure_data_share_storage.py[line:73] INFO open log sucess.
Fri, 10 Jul 2020 02:01:32 configure_data_share_storage.py[line:185] INFO connect databases - confdatashare.db.
Fri, 10 Jul 2020 02:01:32 configure_data_share_storage.py[line:158] INFO if not exists create table - employees
Fri, 10 Jul 2020 02:01:32 configure_data_share_storage.py[line:169] INFO if not exists create table - svnAccounts
Fri, 10 Jul 2020 02:01:32 configure_data_share_storage.py[line:178] INFO create all tables sucess.
Fri, 10 Jul 2020 02:01:33 client.py[line:154] INFO 发送消息 11044,connect 成功
Fri, 10 Jul 2020 02:01:33 client.py[line:157] INFO 关闭连接成功
Fri, 10 Jul 2020 02:01:37 client.py[line:154] INFO 发送消息 5104,notify 成功
Fri, 10 Jul 2020 02:01:37 client.py[line:157] INFO 关闭连接成功
Fri, 10 Jul 2020 13:33:24 client.py[line:114] INFO 发送消息 11044,connect 成功
Fri, 10 Jul 2020 13:33:24 client.py[line:117] INFO 关闭连接成功
Fri, 10 Jul 2020 13:33:28 client.py[line:114] INFO 发送消息 12972,closeserver 成功
Fri, 10 Jul 2020 13:33:28 client.py[line:117] INFO 关闭连接成功
Fri, 10 Jul 2020 13:34:12 client.py[line:114] INFO 发送消息 13420,connect 成功
Fri, 10 Jul 2020 13:34:12 client.py[line:117] INFO 关闭连接成功
Fri, 10 Jul 2020 13:34:33 client.py[line:114] INFO 发送消息 13356,PAxE5LNNcXFotqSkX7JiKjDEYBQdKg97dFA788g7VMRrnQ1/4b7hyK1gzWt7F7Gx1c2H36re3nhGlNzqDVzEomDIs504NsPTJlcwhG7LUXMl4nJKlhHsDRGADMpP0xg8IpdFRri/v8XlPS5mUAkww2zr2Ch7Z+mx86++h92I+HI= 成功
Fri, 10 Jul 2020 13:34:33 client.py[line:117] INFO 关闭连接成功
Fri, 10 Jul 2020 13:37:50 client.py[line:114] INFO 发送消息 13356,closeserver 成功
Fri, 10 Jul 2020 13:37:50 client.py[line:117] INFO 关闭连接成功
Fri, 10 Jul 2020 13:38:10 client.py[line:114] INFO 发送消息 13344,connect 成功
Fri, 10 Jul 2020 13:38:10 client.py[line:117] INFO 关闭连接成功
Fri, 10 Jul 2020 13:38:18 client.py[line:114] INFO 发送消息 8396,fd45GvhMAgxPWarWVSLxLKBBvkk1nCqApZtUgy6dEqkSNIMgHZk33nQOrdNtwowcqXYSEEbaV4+xKybfMdX98VWN9nFD5zrXpN278psvMJOrOoIAt8BD/rTUoDQjkTQBfmePRVl/XyBQMzRiD3123XDYwY9ON7L0OvV9bDl4i0o= 成功
Fri, 10 Jul 2020 13:38:18 client.py[line:117] INFO 关闭连接成功
Fri, 10 Jul 2020 14:08:46 client.py[line:114] INFO 发送消息 8396,jwnuLCUGsZqd0v6rxaAdI2l9WMRiBFDjp6PY/CgiNihM0zlLqP0s0IE4KsTcw5EWyCal2GCOEeWguYKSRAvwiQDDPyrx8ogJgAp+UxFLC6HswbILk3APiZX3kFJ49TqLkmFSRXkXilW6oCtK/iv5l6M/5Oc45+wwqYad+pYxtvU= 成功
Fri, 10 Jul 2020 14:08:46 client.py[line:117] INFO 关闭连接成功
Fri, 10 Jul 2020 14:09:44 client.py[line:114] INFO 发送消息 13336,connect 成功
Fri, 10 Jul 2020 14:09:44 client.py[line:117] INFO 关闭连接成功
Fri, 10 Jul 2020 14:11:13 client.py[line:114] INFO 发送消息 9648,fsANGIUg1yFcy9SPYZRDKb4Zw2WQAevbyslh9+WNumBFotP8Ubt01n0GWIId5qXz6TIcqkBBVRYZ
KuvtazvawRBXDKw6To0WlT+zyjuBS8jo+bcxqVGCdE6zUH9NOygwm0D4LZWaNeQHLkyK4+TUABQv
ypzJYb7KbvyuuWhWLXc=
 成功
Fri, 10 Jul 2020 14:11:13 client.py[line:117] INFO 关闭连接成功
Fri, 10 Jul 2020 14:14:31 client.py[line:114] INFO 发送消息 11104,connect 成功
Fri, 10 Jul 2020 14:14:31 client.py[line:117] INFO 关闭连接成功
Fri, 10 Jul 2020 14:14:45 client.py[line:114] INFO 发送消息 14220,t3KTkyodVrlLxBjw4mlU/noU+Bxu0j5nQyFuXF9g8zomoUx4bGd/9XduHj1odSzBeJcf2OjpZBQV
+IGhqJ5KgxfPqJCuFmWAud8vkDeO2jT6T4KJIdfOQ1lBohHswUiYXUgn3azXRKR8powcw/45V7ru
OTxkLXaNWcm2OuavS6A=
 成功
Fri, 10 Jul 2020 14:14:45 client.py[line:117] INFO 关闭连接成功
Fri, 10 Jul 2020 14:14:52 client.py[line:114] INFO 发送消息 14220,notify 成功
Fri, 10 Jul 2020 14:14:52 client.py[line:117] INFO 关闭连接成功
Fri, 10 Jul 2020 15:00:04 client.py[line:114] INFO 发送消息 13268,connect 成功
Fri, 10 Jul 2020 15:00:04 client.py[line:117] INFO 关闭连接成功
Fri, 10 Jul 2020 15:00:25 client.py[line:114] INFO 发送消息 11828,Xuo3Dgeh4zSyQfb0o3F4nB5IW9ape9r/+UV3jVbvoIVSHeA8UX33k+oDVowIHxltjzFnyKhUm7/t
pG4GLXQESd78DhZOtzdfZE2+ffV4Gm6PW7k3hJ8J/9lWjmMTQQJZtSh/CaNyqoEqI4E7HGHvPtXP
/OP1yO3QeMO9nR35kfs=
 成功
Fri, 10 Jul 2020 15:00:25 client.py[line:117] INFO 关闭连接成功
Fri, 10 Jul 2020 15:00:35 client.py[line:114] INFO 发送消息 11828,notify 成功
Fri, 10 Jul 2020 15:00:35 client.py[line:117] INFO 关闭连接成功
Fri, 10 Jul 2020 15:00:42 client.py[line:114] INFO 发送消息 11828,closeserver 成功
Fri, 10 Jul 2020 15:00:42 client.py[line:117] INFO 关闭连接成功
Fri, 10 Jul 2020 15:16:05 client.py[line:114] INFO 发送消息 13268,connect 成功
Fri, 10 Jul 2020 15:16:05 client.py[line:117] INFO 关闭连接成功
Fri, 10 Jul 2020 15:16:08 client.py[line:114] INFO 发送消息 12932,notify 成功
Fri, 10 Jul 2020 15:16:08 client.py[line:117] INFO 关闭连接成功
Fri, 10 Jul 2020 15:16:22 client.py[line:114] INFO 发送消息 12932,notify 成功
Fri, 10 Jul 2020 15:16:22 client.py[line:117] INFO 关闭连接成功
Fri, 10 Jul 2020 15:16:24 client.py[line:114] INFO 发送消息 12932,notify 成功
Fri, 10 Jul 2020 15:16:24 client.py[line:117] INFO 关闭连接成功
Fri, 10 Jul 2020 15:17:00 client.py[line:114] INFO 发送消息 10036,connect 成功
Fri, 10 Jul 2020 15:17:00 client.py[line:117] INFO 关闭连接成功
Fri, 10 Jul 2020 15:17:01 client.py[line:114] INFO 发送消息 13968,closeserver 成功
Fri, 10 Jul 2020 15:17:01 client.py[line:117] INFO 关闭连接成功
Fri, 10 Jul 2020 17:28:36 client.py[line:114] INFO 发送消息 13584,connect 成功
Fri, 10 Jul 2020 17:28:36 client.py[line:117] INFO 关闭连接成功
Fri, 10 Jul 2020 17:28:52 client.py[line:114] INFO 发送消息 12828,connect 成功
Fri, 10 Jul 2020 17:28:52 client.py[line:117] INFO 关闭连接成功
Fri, 10 Jul 2020 17:29:58 client.py[line:114] INFO 发送消息 12496,notify 成功
Fri, 10 Jul 2020 17:29:58 client.py[line:117] INFO 关闭连接成功
Fri, 10 Jul 2020 18:04:04 client.py[line:114] INFO 发送消息 12496,notify 成功
Fri, 10 Jul 2020 18:04:04 client.py[line:117] INFO 关闭连接成功
Fri, 10 Jul 2020 18:32:09 client.py[line:114] INFO 发送消息 12496,closeserver 成功
Fri, 10 Jul 2020 18:32:09 client.py[line:117] INFO 关闭连接成功
Fri, 10 Jul 2020 18:32:41 client.py[line:114] INFO 发送消息 12828,connect 成功
Fri, 10 Jul 2020 18:32:41 client.py[line:117] INFO 关闭连接成功
Fri, 10 Jul 2020 18:32:47 client.py[line:114] INFO 发送消息 12828,connect 成功
Fri, 10 Jul 2020 18:32:47 client.py[line:117] INFO 关闭连接成功
Fri, 10 Jul 2020 18:33:05 client.py[line:114] INFO 发送消息 9400,closeserver 成功
Fri, 10 Jul 2020 18:33:05 client.py[line:117] INFO 关闭连接成功
Fri, 10 Jul 2020 18:34:14 client.py[line:114] INFO 发送消息 13900,connect 成功
Fri, 10 Jul 2020 18:34:14 client.py[line:117] INFO 关闭连接成功
Fri, 10 Jul 2020 18:34:16 client.py[line:114] INFO 发送消息 11148,closeserver 成功
Fri, 10 Jul 2020 18:34:16 client.py[line:117] INFO 关闭连接成功
Fri, 10 Jul 2020 18:34:34 client.py[line:114] INFO 发送消息 11148,closeserver 成功
Fri, 10 Jul 2020 18:34:34 client.py[line:117] INFO 关闭连接成功
Fri, 10 Jul 2020 18:34:43 client.py[line:114] INFO 发送消息 8672,connect 成功
Fri, 10 Jul 2020 18:34:43 client.py[line:117] INFO 关闭连接成功
Fri, 10 Jul 2020 18:34:49 client.py[line:114] INFO 发送消息 13984,connect 成功
Fri, 10 Jul 2020 18:34:49 client.py[line:117] INFO 关闭连接成功
Fri, 10 Jul 2020 18:34:54 client.py[line:114] INFO 发送消息 8892,notify 成功
Fri, 10 Jul 2020 18:34:54 client.py[line:117] INFO 关闭连接成功
Fri, 10 Jul 2020 18:36:23 client.py[line:114] INFO 发送消息 12804,closeserver 成功
Fri, 10 Jul 2020 18:36:23 client.py[line:117] INFO 关闭连接成功
Fri, 10 Jul 2020 18:37:05 client.py[line:114] INFO 发送消息 12808,connect 成功
Fri, 10 Jul 2020 18:37:05 client.py[line:117] INFO 关闭连接成功
Fri, 10 Jul 2020 18:37:09 client.py[line:114] INFO 发送消息 13528,connect 成功
Fri, 10 Jul 2020 18:37:09 client.py[line:117] INFO 关闭连接成功
Fri, 10 Jul 2020 18:37:12 client.py[line:114] INFO 发送消息 13492,notify 成功
Fri, 10 Jul 2020 18:37:12 client.py[line:117] INFO 关闭连接成功
Fri, 10 Jul 2020 18:41:19 client.py[line:114] INFO 发送消息 14304,closeserver 成功
Fri, 10 Jul 2020 18:41:19 client.py[line:117] INFO 关闭连接成功
Fri, 10 Jul 2020 18:44:42 client.py[line:116] INFO 发送消息 12780,connect 成功
Fri, 10 Jul 2020 18:44:42 client.py[line:119] INFO 关闭连接成功
Fri, 10 Jul 2020 18:44:50 client.py[line:116] INFO 发送消息 5524,connect 成功
Fri, 10 Jul 2020 18:44:50 client.py[line:119] INFO 关闭连接成功
Fri, 10 Jul 2020 18:44:53 client.py[line:116] INFO 发送消息 7272,notify 成功
Fri, 10 Jul 2020 18:44:53 client.py[line:119] INFO 关闭连接成功
Fri, 10 Jul 2020 18:45:10 client.py[line:116] INFO 发送消息 13916,notify 成功
Fri, 10 Jul 2020 18:45:10 client.py[line:119] INFO 关闭连接成功
Fri, 10 Jul 2020 18:45:25 client.py[line:116] INFO 发送消息 10580,connect 成功
Fri, 10 Jul 2020 18:45:25 client.py[line:119] INFO 关闭连接成功
Fri, 10 Jul 2020 18:45:27 client.py[line:116] INFO 发送消息 11044,notify 成功
Fri, 10 Jul 2020 18:45:27 client.py[line:119] INFO 关闭连接成功
Fri, 10 Jul 2020 18:45:42 client.py[line:116] INFO 发送消息 7272,notify 成功
Fri, 10 Jul 2020 18:45:42 client.py[line:119] INFO 关闭连接成功
Fri, 10 Jul 2020 18:45:51 client.py[line:116] INFO 发送消息 9764,connect 成功
Fri, 10 Jul 2020 18:45:51 client.py[line:119] INFO 关闭连接成功
Fri, 10 Jul 2020 18:45:54 client.py[line:116] INFO 发送消息 12480,notify 成功
Fri, 10 Jul 2020 18:45:54 client.py[line:119] INFO 关闭连接成功
Fri, 10 Jul 2020 18:46:12 client.py[line:116] INFO 发送消息 12480,notify 成功
Fri, 10 Jul 2020 18:46:12 client.py[line:119] INFO 关闭连接成功
Fri, 10 Jul 2020 18:46:17 client.py[line:116] INFO 发送消息 12480,closeserver 成功
Fri, 10 Jul 2020 18:46:17 client.py[line:119] INFO 关闭连接成功
Fri, 10 Jul 2020 18:47:37 client.py[line:116] INFO 发送消息 9188,connect 成功
Fri, 10 Jul 2020 18:47:37 client.py[line:119] INFO 关闭连接成功
Fri, 10 Jul 2020 18:47:43 client.py[line:116] INFO 发送消息 12880,connect 成功
Fri, 10 Jul 2020 18:47:43 client.py[line:119] INFO 关闭连接成功
Fri, 10 Jul 2020 18:48:29 client.py[line:116] INFO 发送消息 13844,zDmYRr4vpVPYkvtf/LYM8DYeCkxRS0zzCrBBoMlyCLo0SpGze++kwQij/Q9abSpz7rPasjTfWM1K
QqQNNdL083LtnwlwLV9flrjc6lrR59du2h1ECHmqSGPiGkbUzwrVdIZkln5O8AhmLeqMqI/TnlI9
8CXRqYVMvWiVpVWvg1A=
 成功
Fri, 10 Jul 2020 18:48:29 client.py[line:119] INFO 关闭连接成功
Fri, 10 Jul 2020 18:49:09 client.py[line:116] INFO 发送消息 13844,yrW1bFI791uM9JVor13E0Im81yWJhSSgUzOj3NUCGV/bzhz5oP7OjQwkodfIKCEvwfCmOu12xG0Q
I1ZXSXjTWphB7PnPNIv0bxCrlU3qhvtqnyXnJPvAp5mCOHEdMDekPJHQo2ny07PmVMx+nDiJlAAa
l5I9YxP8dOOqqjqXLn0=
 成功
Fri, 10 Jul 2020 18:49:09 client.py[line:119] INFO 关闭连接成功
Fri, 10 Jul 2020 18:49:30 client.py[line:116] INFO 发送消息 13484,K4WdhFXi+/O5XLZ/rOveoAOG81SqVSS5v8HbBcPVdHD7ScgvIr//4r4c8DAuhj0EkHjnyyhZTWic
JWEjA453PPzTqydLgL/BcISqVOGbLeuapGLcwBAianPPZmbOMNVMMVNG9cD4SK3Z8UB9f12COjBt
qTvNImmrUoB0GBwD0DA=
 成功
Fri, 10 Jul 2020 18:49:30 client.py[line:119] INFO 关闭连接成功
Fri, 10 Jul 2020 18:50:52 client.py[line:116] INFO 发送消息 13844,VG9NhYA/cRbSs+pL+jfB8Ee+9VGx89+1L/rqp9PiIj/HiYiuJMREoX6HmwEhW1PZAS11CdZfhioy
EnhzjQpjwmxoYcWLvFncnRLcSqjiwkwupnWjdolJfOupdO3y/7hDsphI1ccxmoupJsaDATyHnapl
VPJDV2rAtPP5wEDXyO4=
 成功
Fri, 10 Jul 2020 18:50:52 client.py[line:119] INFO 关闭连接成功
Fri, 10 Jul 2020 18:50:57 client.py[line:116] INFO 发送消息 13484,ihn9eA2+Kz5dk3bn4ON61gB/UnTSoTBNv3vHlaCaaDFRbh+ySFZFrSXUp9GJXF3pfMEbA2QAjWOT
PloFNbVmjs/6ANymBSKjGUslOc3hdYw3tVuTBAYLPxRnH1ty/eanAt9uLcNndF4Hqnk1EsELqW2t
9Fn9vW01pZOB9yR3cyA=
 成功
Fri, 10 Jul 2020 18:50:57 client.py[line:119] INFO 关闭连接成功
Fri, 10 Jul 2020 18:51:29 client.py[line:116] INFO 发送消息 13844,URvpkYpc2jW20oFeXkLROHWw/A8ZA5pu07JTuagnvVpiqQ7tBCaU1HEuhT5YQXR5nAoQG5RBiX3N
834L7hMt0rhF6Z+jIYLvxwbHF578jb3lxSMKBQdF4ZTmOaJp5svYjnHYxECMJPXV0OQ7Dd9tSa5s
xjQi2BNr9v9iKES0OPo=
 成功
Fri, 10 Jul 2020 18:51:29 client.py[line:119] INFO 关闭连接成功
Fri, 10 Jul 2020 18:53:43 client.py[line:116] INFO 发送消息 13844,uWIkzY3pVXcqec89W/hxRSBjGAD/lQ0HqyKL0+UcpzNPKxXs/3y786HKZ836g+QLCvvwYe6IaFzq
KJJ8Afj/g41GUCZ5A/wm0KmyU1VtflAr/iyqt8Yc7u7xeSeY2ksVIZ96k9Z+ijH169yP7Nm3kUul
RCFVSvD7fyyIHYxz0IY=
 成功
Fri, 10 Jul 2020 18:53:43 client.py[line:119] INFO 关闭连接成功
Fri, 10 Jul 2020 18:53:49 client.py[line:116] INFO 发送消息 13484,Yth0ht//BRtDM4titvlSf4Ed7l9wvin8y51u5lWvQTHREoe1UVVkVS2wgKe0juPR4tUGgTZdp1NU
856AkH7o7ZdcdAHh8Bx+d0s0NdjWA4oc75U2OrBoV6jQblyN7lkwx8DjoMhIFC6DcCtDwNEIols3
XN0XJPSk8FAcmotrIUA=
 成功
Fri, 10 Jul 2020 18:53:49 client.py[line:119] INFO 关闭连接成功
Fri, 10 Jul 2020 18:55:12 client.py[line:116] INFO 发送消息 13844,jmxJJjd0SV9tVgdTdJIbWDveeWzvL7L97KzDCLs/yFD8lndJS8R2Sc0+l0sWgUFWZo1eea90Uc5m
4rMWd3hxhZQkn4xM3ADBMz1S8eFJkTkViqcBBq8R2gMPUQfbQOtuL+HXolJ2imP1ipkEkQVKoqxa
sZzdB0Zn3ZABrxovrF0=
 成功
Fri, 10 Jul 2020 18:55:12 client.py[line:119] INFO 关闭连接成功
Fri, 10 Jul 2020 18:55:23 client.py[line:116] INFO 发送消息 13844,GlB7X3iNsnk8kYVYVYANyoCafpRZqzVfTyLU2nJtEgEg1dGquTCQ0SNzYg1grRnfAkw6fGK7iR0k
XWG9tRBtlrkIBy2Ga+Z5hfLnNzikcGyEZk2Zoy6CRHxuQnZQoHeb/i3g1wAAifsH44Pb/yTxFYA4
uBLQH+MQdkoNT5JvNgc=
 成功
Fri, 10 Jul 2020 18:55:23 client.py[line:119] INFO 关闭连接成功
Fri, 10 Jul 2020 18:59:02 client.py[line:116] INFO 发送消息 13844,UjIIfA5JnqRjTBvo5LO4P0dCi+6JNz+E9YVjgXiGDhSAfdsIQcLlaB8nXYt+NgcIIx92DWo+jnjc
7wykki4h7othz4sZUtpOo55/xhywwBeiXjzsLT1ngYbFMPgYNTobvQAsu3O7bL12n7WqYZzNUVUC
YwiZXLy//yTSA8ddvsQ=
 成功
Fri, 10 Jul 2020 18:59:02 client.py[line:119] INFO 关闭连接成功
Fri, 10 Jul 2020 18:59:12 client.py[line:116] INFO 发送消息 13844,Uh5ST4x/Qme9/3NCHukV8YMMgTeSThbYw5v1pyCx6fYNpOltlbSv4yn99Bi5mJoxuanKBeVnp9Y2
1B4jhLJ0tpnKSZ3iHmRz0Q+O7jgzyIaeuH25p8rsl4wzExbvgmNV0leqsR9Cr3nLG8jCFlThYyw4
t6AtAV3pNgZQ9L1rGaA=
 成功
Fri, 10 Jul 2020 18:59:12 client.py[line:119] INFO 关闭连接成功
Fri, 10 Jul 2020 19:04:10 client.py[line:116] INFO 发送消息 13844,nAMSj7RCq0MRIbVQxUv+eCJCZ0J3dblgKdjdkDnRbM7PR+krnjQuc82atlCtg7Vks3vubK8/IEUK
N/2Z5A7O1TJQnYaGsDLry4anpkWsh4Y/1B2tXsBuvWocIbtcO14iidCVs58H/r9JsUbUGfajW2qK
OmZdBOxc2FVG2asern4=
 成功
Fri, 10 Jul 2020 19:04:10 client.py[line:119] INFO 关闭连接成功
Fri, 10 Jul 2020 19:04:24 client.py[line:116] INFO 发送消息 13844,o1sRsN4XWgyZws0RWMGdlpimwmGDEqWKkb9hAQsRGGNCcCwq+185I6Wbj8PH2eQ3tvPuqIB7S7TI
q+YoXNUlclbP0KzLJughryHotODn7NB5FsgrBMHZb5fJNEjg5rU7LXubvR1/b26mB9ViiZTX/20A
26X5DEk72C0xTf3EHHo=
 成功
Fri, 10 Jul 2020 19:04:24 client.py[line:119] INFO 关闭连接成功
Fri, 10 Jul 2020 19:11:36 client.py[line:116] INFO 发送消息 13844,xjh0vFLHVDDIKjJ/aCwrjDb5nmO8LN0Tb2H0amb2faRBO6sl9YWwqyflBAPOGf0FR9DxWsSkLbp+
mRlnw8M1/TZ6VIgK3cRkurXQexmz20ivicqkDtzSpYFonnWysSzUMhKwRZA+dNh1CJLyN7AJiwWJ
z4CyU78vC+qk5tngq+o=
 成功
Fri, 10 Jul 2020 19:11:36 client.py[line:119] INFO 关闭连接成功
Fri, 10 Jul 2020 19:11:43 client.py[line:116] INFO 发送消息 13484,D3Xv7W7vTj/EUs5WyXOpEqRhVumHudkOBmdkMGN/SWuRgtpIsVhaC0TV69a1kCoiunyhrm2Zfw0h
QFUvPwn5azbgdPBW0ekmrtQ4Kvdq1SAPrzgiOzGmWyfqyOWFPepZ9+D1cwMEFu2/NkziSr8Ia4zl
218ulE3VXGadVMJSgKI=
 成功
Fri, 10 Jul 2020 19:11:43 client.py[line:119] INFO 关闭连接成功
Fri, 10 Jul 2020 19:12:49 client.py[line:116] INFO 发送消息 13844,WCDAWEY3BiLtLXsltlKk3/38GQUZ06QOdeokVm8DvLjcHbi5yyCcqY7QkYXOokmlg1SbO08Bz2U8
xIJyDMQQi7jK/0ncvxesNuMXjVv+9lO1joVN5GtUKJQ9ws3cKUm2WuQbXNl+gDv9jn1ASkbB7U06
ZejdbaLbGBO6RL1YegI=
 成功
Fri, 10 Jul 2020 19:12:49 client.py[line:119] INFO 关闭连接成功
Fri, 10 Jul 2020 19:15:15 client.py[line:116] INFO 发送消息 13484,g5H+Tmuy2YKOd+pXm76yB3RKz0Pi+J7xtv0whBWys0DZC+pDbBnztsHcDtRcGDA4Zmj06uafm1fg
gmpyW3jJI44n4xzL3cD7BjF3Vg6puCsyTt0z0uhH7FmjDxeXdzr2wMCfVRSBfyF2XKqWk7vmBmBf
MQ/GALMVoqq8EvDhPAg=
 成功
Fri, 10 Jul 2020 19:15:15 client.py[line:119] INFO 关闭连接成功
Fri, 10 Jul 2020 19:15:25 client.py[line:116] INFO 发送消息 13844,OtClkgME6SwzLwrTd1cXctXU7+eWg8mX1yLLXjk7s5Fo2z6n6cxlfRpmjgSSATb7ME4sNca+Qe9d
cq271A3l9TH9UZm+qTDTMzPEYS/yuq/fosa8nKr8vo1shYw38n0WEi9VA4f9LeAnwCz9L3mKGxc9
GgXloTn55IwpbYAdhPs=
 成功
Fri, 10 Jul 2020 19:15:25 client.py[line:119] INFO 关闭连接成功
Fri, 10 Jul 2020 19:16:03 client.py[line:116] INFO 发送消息 13844,kTI74Wa1a52pE1CRIblcxXmGJXtyXuxUn6+GOr4inJeV3fz2X2BADeNHfyNkIVsGrcpe2ILL53M/
DWKHbJmEnVDYoy+5Z5UltSguJF5RobY0EISqiRyYwDMGnxGGLEQaFbMTTyarC9WpIbMbThI2irSn
92Y3V3sUordkw7GFh1g=
 成功
Fri, 10 Jul 2020 19:16:03 client.py[line:119] INFO 关闭连接成功
Sat, 11 Jul 2020 09:28:20 client.py[line:112] INFO 发送消息 12880,connect 成功
Sat, 11 Jul 2020 09:28:20 client.py[line:115] INFO 关闭连接成功
Sat, 11 Jul 2020 09:28:28 client.py[line:112] INFO 发送消息 19016,gVF2SZRNXe0cd/YadJhhnuBobGvHraeoWFRtN8u/s6a+RujNDAn/pD2PIHktyz+Eu+sgh2vd7uYj
3gxqWiIj9Og3YOPzJoZLIRPFNaFe+WmK30/MBNJfuIUWeOH3VuuMMkWzdFecCu7/rsdAlCsxHWSH
X4pAYLua+86sE19Rw2w=
 成功
Sat, 11 Jul 2020 09:28:28 client.py[line:115] INFO 关闭连接成功
Sat, 11 Jul 2020 09:32:25 client.py[line:112] INFO 发送消息 18968,connect 成功
Sat, 11 Jul 2020 09:32:25 client.py[line:115] INFO 关闭连接成功
Sat, 11 Jul 2020 09:32:28 client.py[line:112] INFO 发送消息 10968,Ded6qAyfsqb9PB4oYZBkK5oLQP3pON7QMjcQj8crtnZpg/yVpiWpCe7rq6wvaVnB1+DUnAy2twZM
c504pA1XDfL9PWPsQECBTEyGfLQTxntqqdTSIoLQkaKj4RJhC89jxTuQwCtT4KMVBOzQtbO0jmon
vlp4Zt7BNNpJ9zqsStw=
 成功
Sat, 11 Jul 2020 09:32:28 client.py[line:115] INFO 关闭连接成功
Sat, 11 Jul 2020 09:32:41 client.py[line:112] INFO 发送消息 19016,notify 成功
Sat, 11 Jul 2020 09:32:41 client.py[line:115] INFO 关闭连接成功
Sat, 11 Jul 2020 09:33:05 client.py[line:112] INFO 发送消息 14712,connect 成功
Sat, 11 Jul 2020 09:33:05 client.py[line:115] INFO 关闭连接成功
Sat, 11 Jul 2020 09:33:07 client.py[line:112] INFO 发送消息 5592,notify 成功
Sat, 11 Jul 2020 09:33:07 client.py[line:115] INFO 关闭连接成功
Sat, 11 Jul 2020 09:33:46 client.py[line:112] INFO 发送消息 10968,XuhG1Xb1hV9jLDXn2Q8keiN3fb24+BSWAz1MsC43B3JS76YyJ9xYx1FCCzUNt7cpWIUh6GIQDcsR
zBjH2/3cI4gUIWj5rGzG3TstHFwdUtel2o28LTYRkw+ruAOq5tXzYDopOo7B+Q8A/yzJ99ymLm44
LtYMAmYXQX2WhNrAUEg=
 成功
Sat, 11 Jul 2020 09:33:46 client.py[line:115] INFO 关闭连接成功
Sat, 11 Jul 2020 09:40:34 client.py[line:112] INFO 发送消息 10968,X561nqfUt7D98kS7xCZiEoc+svP6fN8ktKua2E/x3KNtctrkrXof0d2Gl2lB+wVFob2Apwu87aPy
DIz0PEduvK36Swz3IrSmS/AeQ3V+5M9FmMjpcD1VnABiyH6zvSGblUT1BxpA7evc576VoOiHXjgk
akMR8mYO6zWhZmJ1pIQ=
 成功
Sat, 11 Jul 2020 09:40:34 client.py[line:115] INFO 关闭连接成功
Sat, 11 Jul 2020 09:40:39 client.py[line:112] INFO 发送消息 5592,notify 成功
Sat, 11 Jul 2020 09:40:39 client.py[line:115] INFO 关闭连接成功
Sat, 11 Jul 2020 11:20:54 client.py[line:112] INFO 发送消息 10968,fArNk+JeLvYjhocuI9C71vAKNaUeQIT1Sjqfv81N8omaWb2Mmc7QSr2c2hk47AB9iEIOIO9YSneH
ErBnqXkKB4CLahllZS0Vhfb4gS24tbOdEV6AxCohZ/xjL8GSDgLKudhxaF+J02u+w8NLecE/Pami
XhvXjpcfyz9MTcaxD+8=
 成功
Sat, 11 Jul 2020 11:20:54 client.py[line:115] INFO 关闭连接成功
Sat, 11 Jul 2020 11:21:18 client.py[line:112] INFO 发送消息 5592,NIYIiV/N/RavMaS8vpXlJPZNfq6vKSO/MRsIWQZWW1ZRO08+8GkDTiVk7Qvxir1ZOlliuL56VJ1j
kenNElggFs9t+34MFShJdr4NLlajvtN9U8yfWeeOKXiRkhVPhKty+9YRVv+9C9Nt6CZefdVwZ9/X
e12McQ+ek8GH+/XgK4o=
 成功
Sat, 11 Jul 2020 11:21:18 client.py[line:115] INFO 关闭连接成功
Sat, 11 Jul 2020 11:21:24 client.py[line:112] INFO 发送消息 10968,xnpAuzYVQhIjVE6zEMoPJkE/FWTVf5CCr59owYnJKpq9vjqp3VGfJGzfzdGfICrOZIrIEvbH+dr9
9ESdwx60fKYkjkn5NfjRDIZzvwOtNHOsnpLwZFR4bLzAmcPalP/lBk08oLGk3++GfVVSw18SylYQ
GEuDzpQqpKQ0TkG7oOE=
 成功
Sat, 11 Jul 2020 11:21:24 client.py[line:115] INFO 关闭连接成功
Sat, 11 Jul 2020 11:21:35 client.py[line:112] INFO 发送消息 5592,notify 成功
Sat, 11 Jul 2020 11:21:35 client.py[line:115] INFO 关闭连接成功
Sat, 11 Jul 2020 11:21:55 client.py[line:112] INFO 发送消息 10968,notify 成功
Sat, 11 Jul 2020 11:21:55 client.py[line:115] INFO 关闭连接成功
Sat, 11 Jul 2020 11:23:33 client.py[line:112] INFO 发送消息 5592,LRVkA6+C7+vV5UcLoNnA2mUjiRSdF/U9cQNH06nPn/1ok7jPk1ASqso7leFvc5p2sUrUQSYlJMYZ
gl2AU8Ja/dzG7ykM+T6CH4Zabl3+qoFHUukWvcfaj3Y613JL97yY5g+KwbSCWW12d/ur4E3ZrmI8
6aBwNkV54DzIZOjiW5w=
 成功
Sat, 11 Jul 2020 11:23:33 client.py[line:115] INFO 关闭连接成功
Sat, 11 Jul 2020 11:23:34 client.py[line:112] INFO 发送消息 5592,e8g8pzNjUNSDKxnOEnB8xSO+tKllEBhDrlQRGJaiQ97bJZqOolJent++l8uO8yZTQz6d+JFJdPsH
StQcGnRE6GMT7AC5p79deidjHXoG0XfT3AJmAZR00RmMupUoKTigIpJoxN4il+9qiGaEjA1/GfdN
dYSpgD66/Gj+vN/Ppr0=
 成功
Sat, 11 Jul 2020 11:23:34 client.py[line:115] INFO 关闭连接成功
Sat, 11 Jul 2020 11:23:45 client.py[line:112] INFO 发送消息 10968,knpiRdIMxBxYZ7kxc3hFe+w3/LFbgqxyXlygV80cr6uyQW5adp0FRgKuXH73x4C07z0IQna+Lo5O
fKpnQj+34/ehI+rwulIYpDppDE9eN7CuvK8y2gPYkgLuosaIuJEUklxG+AaySnaobo7YSRTM9IOX
zk9sbqMyZmmOnLETVvI=
 成功
Sat, 11 Jul 2020 11:23:45 client.py[line:115] INFO 关闭连接成功
Sat, 11 Jul 2020 11:23:48 client.py[line:112] INFO 发送消息 10968,i26OXtTx/mUaQ5cd9wOT2wH8tA2c3gn0NpACs0whE9g1QU1C/rzZL34nmrLKH3W2jI9/AWBA2XTT
H2mo+p5UtUrsMwHy10O5lJyVt4nRDw8gP8GZZ+oXAQFj3KMt9CQq2bU89LvTcPo8CrVYfBRBTB+B
6xEYf5R6o9tkvLz5h7A=
 成功
Sat, 11 Jul 2020 11:23:48 client.py[line:115] INFO 关闭连接成功
Sat, 11 Jul 2020 14:18:18 client.py[line:114] INFO 发送消息 7780,connect 成功
Sat, 11 Jul 2020 14:18:18 client.py[line:117] INFO 关闭连接成功
Sat, 11 Jul 2020 15:44:56 client.py[line:159] INFO 发送消息 15144,z 成功
Sat, 11 Jul 2020 15:44:56 client.py[line:162] INFO 关闭连接成功
Sat, 11 Jul 2020 15:47:51 client.py[line:159] INFO 发送消息 3152,notify 成功
Sat, 11 Jul 2020 15:47:51 client.py[line:162] INFO 关闭连接成功
Sat, 11 Jul 2020 15:48:09 client.py[line:159] INFO 发送消息 3152,closeserver 成功
Sat, 11 Jul 2020 15:48:09 client.py[line:162] INFO 关闭连接成功
Sat, 11 Jul 2020 15:51:37 client.py[line:159] INFO 发送消息 14920,notify 成功
Sat, 11 Jul 2020 15:51:37 client.py[line:162] INFO 关闭连接成功
Sat, 11 Jul 2020 15:52:46 client.py[line:159] INFO 发送消息 14920,closeserver 成功
Sat, 11 Jul 2020 15:52:46 client.py[line:162] INFO 关闭连接成功
Sat, 11 Jul 2020 15:52:54 client.py[line:159] INFO 发送消息 14920,notify 成功
Sat, 11 Jul 2020 15:52:54 client.py[line:162] INFO 关闭连接成功
Sat, 11 Jul 2020 15:54:03 client.py[line:97] INFO exit client.
Sat, 11 Jul 2020 15:54:11 client.py[line:97] INFO exit client.
Sat, 11 Jul 2020 15:58:40 client.py[line:157] INFO 发送消息 8296,connect 成功
Sat, 11 Jul 2020 15:58:40 client.py[line:160] INFO 关闭连接成功
Sat, 11 Jul 2020 15:58:50 client.py[line:157] INFO 发送消息 6740,notify 成功
Sat, 11 Jul 2020 15:58:50 client.py[line:160] INFO 关闭连接成功
Sat, 11 Jul 2020 15:59:04 client.py[line:157] INFO 发送消息 6740,closeserver 成功
Sat, 11 Jul 2020 15:59:04 client.py[line:160] INFO 关闭连接成功
Sat, 11 Jul 2020 15:59:07 client.py[line:97] INFO exit client.
Sat, 11 Jul 2020 16:09:15 client.py[line:97] INFO exit client.
Sat, 11 Jul 2020 16:11:01 client.py[line:97] INFO exit client.
