Thu, 09 Jul 2020 12:39:18 server.py[line:60] INFO 服务器收到消息1: 9308,close
Thu, 09 Jul 2020 12:44:42 server.py[line:60] INFO 服务器收到消息1: 323
Thu, 09 Jul 2020 12:44:45 server.py[line:60] INFO 服务器收到消息2: 21311111111
Thu, 09 Jul 2020 12:45:00 server.py[line:60] INFO 服务器收到消息3: dddsa
Thu, 09 Jul 2020 12:45:01 server.py[line:60] INFO 服务器收到消息4: aaaa
Thu, 09 Jul 2020 12:45:03 server.py[line:60] INFO 服务器收到消息5: sssx
Thu, 09 Jul 2020 12:45:04 server.py[line:60] INFO 服务器收到消息6: cvbdf
Thu, 09 Jul 2020 12:45:17 server.py[line:58] INFO 断开连接
Thu, 09 Jul 2020 12:45:17 server.py[line:73] INFO 服务端关闭成功
Thu, 09 Jul 2020 12:53:28 server.py[line:60] INFO 服务器收到消息1: 8736,23
Thu, 09 Jul 2020 13:10:21 server.py[line:65] INFO 服务器收到消息1: 8736,dsa
Thu, 09 Jul 2020 13:12:19 server.py[line:67] INFO 服务器收到消息1: 10080,ddd
Thu, 09 Jul 2020 13:12:19 server.py[line:73] ERROR 出现异常断开连接
Thu, 09 Jul 2020 13:12:19 server.py[line:82] INFO 服务端关闭成功
Thu, 09 Jul 2020 13:13:38 server.py[line:66] INFO 服务器收到消息1: 932,323
Thu, 09 Jul 2020 13:13:38 server.py[line:72] ERROR 出现异常断开连接
Thu, 09 Jul 2020 13:13:38 server.py[line:81] INFO 服务端关闭成功
Thu, 09 Jul 2020 13:15:13 server.py[line:68] INFO 服务器收到消息1: 932,clsoe
Thu, 09 Jul 2020 13:15:13 server.py[line:74] ERROR 出现异常断开连接
Thu, 09 Jul 2020 13:15:13 server.py[line:83] INFO 服务端关闭成功
Thu, 09 Jul 2020 13:15:28 server.py[line:68] INFO 服务器收到消息1: 23
Thu, 09 Jul 2020 13:15:28 server.py[line:74] ERROR 出现异常断开连接
Thu, 09 Jul 2020 13:15:28 server.py[line:83] INFO 服务端关闭成功
Thu, 09 Jul 2020 13:16:37 server.py[line:60] INFO 服务器收到消息1: 11024,23
Thu, 09 Jul 2020 13:17:36 server.py[line:61] INFO 服务器收到消息1: 9716,2333
Thu, 09 Jul 2020 13:17:36 server.py[line:68] ERROR 出现异常断开连接
Thu, 09 Jul 2020 13:17:38 server.py[line:61] INFO 服务器收到消息2: 9716,112
Thu, 09 Jul 2020 13:17:38 server.py[line:68] ERROR 出现异常断开连接
Thu, 09 Jul 2020 13:17:41 server.py[line:61] INFO 服务器收到消息3: 9716,32134533
Thu, 09 Jul 2020 13:17:41 server.py[line:68] ERROR 出现异常断开连接
Thu, 09 Jul 2020 13:17:44 server.py[line:61] INFO 服务器收到消息4: 9716,123344
Thu, 09 Jul 2020 13:17:44 server.py[line:68] ERROR 出现异常断开连接
Thu, 09 Jul 2020 13:17:51 server.py[line:61] INFO 服务器收到消息5: 9716,1w
Thu, 09 Jul 2020 13:17:51 server.py[line:68] ERROR 出现异常断开连接
Thu, 09 Jul 2020 13:17:52 server.py[line:61] INFO 服务器收到消息6: 9716,eq
Thu, 09 Jul 2020 13:17:52 server.py[line:68] ERROR 出现异常断开连接
Thu, 09 Jul 2020 13:17:55 server.py[line:61] INFO 服务器收到消息7: 9716,close
Thu, 09 Jul 2020 13:17:55 server.py[line:68] ERROR 出现异常断开连接
Thu, 09 Jul 2020 13:19:06 server.py[line:64] INFO 服务器收到消息1: 11016,we
Thu, 09 Jul 2020 13:19:06 server.py[line:71] ERROR 出现异常断开连接
Thu, 09 Jul 2020 13:19:07 server.py[line:64] INFO 服务器收到消息2: 11016,23
Thu, 09 Jul 2020 13:19:07 server.py[line:71] ERROR 出现异常断开连接
Thu, 09 Jul 2020 13:19:08 server.py[line:64] INFO 服务器收到消息3: 11016,dfgg
Thu, 09 Jul 2020 13:19:08 server.py[line:71] ERROR 出现异常断开连接
Thu, 09 Jul 2020 13:19:09 server.py[line:64] INFO 服务器收到消息4: 11016,ss
Thu, 09 Jul 2020 13:19:09 server.py[line:71] ERROR 出现异常断开连接
Thu, 09 Jul 2020 13:19:10 server.py[line:64] INFO 服务器收到消息5: 11016,close
Thu, 09 Jul 2020 13:19:10 server.py[line:71] ERROR 出现异常断开连接
Thu, 09 Jul 2020 13:20:10 server.py[line:64] INFO 服务器收到消息6: 9648,ew
Thu, 09 Jul 2020 13:20:10 server.py[line:71] ERROR 出现异常断开连接
Thu, 09 Jul 2020 13:20:12 server.py[line:64] INFO 服务器收到消息7: 9648,2321
Thu, 09 Jul 2020 13:20:12 server.py[line:71] ERROR 出现异常断开连接
Thu, 09 Jul 2020 13:20:13 server.py[line:64] INFO 服务器收到消息8: 9648,close
Thu, 09 Jul 2020 13:20:13 server.py[line:71] ERROR 出现异常断开连接
Thu, 09 Jul 2020 13:20:33 server.py[line:65] INFO 服务器收到消息1: 9624,close
Thu, 09 Jul 2020 13:20:33 server.py[line:72] ERROR 出现异常断开连接
Thu, 09 Jul 2020 13:21:25 server.py[line:65] INFO 服务器收到消息2: 1884,ds
Thu, 09 Jul 2020 13:21:25 server.py[line:72] ERROR 出现异常断开连接
Thu, 09 Jul 2020 13:21:26 server.py[line:65] INFO 服务器收到消息3: 1884,sa
Thu, 09 Jul 2020 13:21:26 server.py[line:72] ERROR 出现异常断开连接
Thu, 09 Jul 2020 13:21:27 server.py[line:65] INFO 服务器收到消息4: 1884,sadasd
Thu, 09 Jul 2020 13:21:27 server.py[line:72] ERROR 出现异常断开连接
Thu, 09 Jul 2020 13:21:27 server.py[line:65] INFO 服务器收到消息5: 1884,wqeqw
Thu, 09 Jul 2020 13:21:27 server.py[line:72] ERROR 出现异常断开连接
Thu, 09 Jul 2020 13:21:28 server.py[line:65] INFO 服务器收到消息6: 1884,easd
Thu, 09 Jul 2020 13:21:28 server.py[line:72] ERROR 出现异常断开连接
Thu, 09 Jul 2020 13:21:28 server.py[line:65] INFO 服务器收到消息7: 1884,d
Thu, 09 Jul 2020 13:21:28 server.py[line:72] ERROR 出现异常断开连接
Thu, 09 Jul 2020 13:21:28 server.py[line:65] INFO 服务器收到消息8: 1884,asd
Thu, 09 Jul 2020 13:21:28 server.py[line:72] ERROR 出现异常断开连接
Thu, 09 Jul 2020 13:21:28 server.py[line:65] INFO 服务器收到消息9: 1884,as
Thu, 09 Jul 2020 13:21:28 server.py[line:72] ERROR 出现异常断开连接
Thu, 09 Jul 2020 13:21:29 server.py[line:65] INFO 服务器收到消息10: 1884,da
Thu, 09 Jul 2020 13:21:29 server.py[line:72] ERROR 出现异常断开连接
Thu, 09 Jul 2020 13:21:29 server.py[line:65] INFO 服务器收到消息11: 1884,sd
Thu, 09 Jul 2020 13:21:29 server.py[line:72] ERROR 出现异常断开连接
Thu, 09 Jul 2020 13:21:29 server.py[line:65] INFO 服务器收到消息12: 1884,as
Thu, 09 Jul 2020 13:21:29 server.py[line:72] ERROR 出现异常断开连接
Thu, 09 Jul 2020 13:21:29 server.py[line:65] INFO 服务器收到消息13: 1884,d
Thu, 09 Jul 2020 13:21:29 server.py[line:72] ERROR 出现异常断开连接
Thu, 09 Jul 2020 13:21:29 server.py[line:65] INFO 服务器收到消息14: 1884,asd
Thu, 09 Jul 2020 13:21:29 server.py[line:72] ERROR 出现异常断开连接
Thu, 09 Jul 2020 13:21:29 server.py[line:65] INFO 服务器收到消息15: 1884,as
Thu, 09 Jul 2020 13:21:29 server.py[line:72] ERROR 出现异常断开连接
Thu, 09 Jul 2020 13:21:30 server.py[line:65] INFO 服务器收到消息16: 1884,da
Thu, 09 Jul 2020 13:21:30 server.py[line:72] ERROR 出现异常断开连接
Thu, 09 Jul 2020 13:21:30 server.py[line:65] INFO 服务器收到消息17: 1884,s
Thu, 09 Jul 2020 13:21:30 server.py[line:72] ERROR 出现异常断开连接
Thu, 09 Jul 2020 13:21:41 server.py[line:71] INFO 服务器收到消息1: ds
Thu, 09 Jul 2020 13:21:41 server.py[line:78] ERROR 出现异常断开连接
Thu, 09 Jul 2020 13:21:43 server.py[line:67] INFO 断开连接
Thu, 09 Jul 2020 13:21:43 server.py[line:88] INFO 服务端关闭成功
Thu, 09 Jul 2020 13:26:52 server.py[line:84] INFO 服务器收到消息1: sd
Thu, 09 Jul 2020 13:26:52 server.py[line:91] ERROR 出现异常断开连接
Thu, 09 Jul 2020 13:26:53 server.py[line:84] INFO 服务器收到消息2: 321
Thu, 09 Jul 2020 13:26:53 server.py[line:91] ERROR 出现异常断开连接
Thu, 09 Jul 2020 13:26:54 server.py[line:84] INFO 服务器收到消息3: 421
Thu, 09 Jul 2020 13:26:54 server.py[line:91] ERROR 出现异常断开连接
Thu, 09 Jul 2020 13:26:55 server.py[line:84] INFO 服务器收到消息4: 22
Thu, 09 Jul 2020 13:26:55 server.py[line:91] ERROR 出现异常断开连接
Thu, 09 Jul 2020 13:26:56 server.py[line:84] INFO 服务器收到消息5: 3312
Thu, 09 Jul 2020 13:26:56 server.py[line:91] ERROR 出现异常断开连接
Thu, 09 Jul 2020 13:26:57 server.py[line:80] INFO 断开连接
Thu, 09 Jul 2020 13:26:57 server.py[line:101] INFO 服务端关闭成功
Thu, 09 Jul 2020 13:27:28 server.py[line:84] INFO 服务器收到消息1: ds
Thu, 09 Jul 2020 13:27:28 server.py[line:91] ERROR 出现异常断开连接
Thu, 09 Jul 2020 13:27:29 server.py[line:84] INFO 服务器收到消息2: asd
Thu, 09 Jul 2020 13:27:29 server.py[line:91] ERROR 出现异常断开连接
Thu, 09 Jul 2020 13:27:31 server.py[line:80] INFO 断开连接
Thu, 09 Jul 2020 13:27:31 server.py[line:101] INFO 服务端关闭成功
Thu, 09 Jul 2020 13:31:22 server.py[line:84] INFO 服务器收到消息1: query
Thu, 09 Jul 2020 13:31:22 server.py[line:91] ERROR 出现异常断开连接
Thu, 09 Jul 2020 13:31:40 server.py[line:80] INFO 断开连接
Thu, 09 Jul 2020 13:31:40 server.py[line:101] INFO 服务端关闭成功
Fri, 10 Jul 2020 01:14:24 server.py[line:86] INFO 服务器收到消息1: notify
Fri, 10 Jul 2020 01:14:31 server.py[line:93] ERROR 出现异常断开连接
Fri, 10 Jul 2020 01:14:39 server.py[line:86] INFO 服务器收到消息2: closeserver
Fri, 10 Jul 2020 01:14:39 server.py[line:93] ERROR 出现异常断开连接
Fri, 10 Jul 2020 01:50:50 server.py[line:86] INFO 服务器收到消息1: notify
Fri, 10 Jul 2020 01:51:03 server.py[line:93] ERROR 出现异常断开连接
Fri, 10 Jul 2020 01:52:49 server.py[line:86] INFO 服务器收到消息1: notify
Fri, 10 Jul 2020 01:52:55 server.py[line:93] ERROR 出现异常断开连接
Fri, 10 Jul 2020 01:56:47 server.py[line:86] INFO 服务器收到消息1: notify
Fri, 10 Jul 2020 01:56:52 server.py[line:93] ERROR 出现异常断开连接
Fri, 10 Jul 2020 01:56:55 server.py[line:86] INFO 服务器收到消息2: notify
Fri, 10 Jul 2020 01:56:57 server.py[line:93] ERROR 出现异常断开连接
Fri, 10 Jul 2020 01:59:46 server.py[line:86] INFO 服务器收到消息1: notify
Fri, 10 Jul 2020 02:01:09 server.py[line:86] INFO 服务器收到消息1: notify
Fri, 10 Jul 2020 02:01:26 server.py[line:93] ERROR 出现异常断开连接
Fri, 10 Jul 2020 15:00:35 server.py[line:86] INFO 服务器收到消息1: notify
Fri, 10 Jul 2020 15:00:39 server.py[line:93] ERROR 出现异常断开连接
Fri, 10 Jul 2020 17:29:58 server.py[line:86] INFO 服务器收到消息1: notify
Fri, 10 Jul 2020 17:30:01 server.py[line:93] ERROR 出现异常断开连接
Fri, 10 Jul 2020 18:04:04 server.py[line:86] INFO 服务器收到消息2: notify
Fri, 10 Jul 2020 18:04:07 server.py[line:93] ERROR 出现异常断开连接
Fri, 10 Jul 2020 18:34:54 server.py[line:86] INFO 服务器收到消息1: notify
Fri, 10 Jul 2020 18:35:06 server.py[line:93] ERROR 出现异常断开连接
Fri, 10 Jul 2020 18:37:12 server.py[line:86] INFO 服务器收到消息1: notify
Fri, 10 Jul 2020 18:37:12 server.py[line:86] INFO 服务器收到消息1: notify
Fri, 10 Jul 2020 18:37:24 server.py[line:93] ERROR 出现异常断开连接
Fri, 10 Jul 2020 18:37:25 server.py[line:93] ERROR 出现异常断开连接
Fri, 10 Jul 2020 18:44:54 server.py[line:88] INFO 服务器收到消息1: notify
Fri, 10 Jul 2020 18:45:08 server.py[line:95] ERROR 出现异常断开连接
Fri, 10 Jul 2020 18:45:11 server.py[line:88] INFO 服务器收到消息2: notify
Fri, 10 Jul 2020 18:45:17 server.py[line:95] ERROR 出现异常断开连接
Fri, 10 Jul 2020 18:45:27 server.py[line:88] INFO 服务器收到消息1: notify
Fri, 10 Jul 2020 18:45:28 server.py[line:88] INFO 服务器收到消息3: notify
Fri, 10 Jul 2020 18:45:39 server.py[line:95] ERROR 出现异常断开连接
Fri, 10 Jul 2020 18:45:40 server.py[line:95] ERROR 出现异常断开连接
Fri, 10 Jul 2020 18:45:42 server.py[line:88] INFO 服务器收到消息2: notify
Fri, 10 Jul 2020 18:45:43 server.py[line:88] INFO 服务器收到消息4: notify
Fri, 10 Jul 2020 18:45:44 server.py[line:95] ERROR 出现异常断开连接
Fri, 10 Jul 2020 18:45:45 server.py[line:95] ERROR 出现异常断开连接
Fri, 10 Jul 2020 18:45:54 server.py[line:88] INFO 服务器收到消息1: notify
Fri, 10 Jul 2020 18:45:54 server.py[line:88] INFO 服务器收到消息3: notify
Fri, 10 Jul 2020 18:46:03 server.py[line:95] ERROR 出现异常断开连接
Fri, 10 Jul 2020 18:46:04 server.py[line:95] ERROR 出现异常断开连接
Fri, 10 Jul 2020 18:46:12 server.py[line:88] INFO 服务器收到消息2: notify
Fri, 10 Jul 2020 18:46:14 server.py[line:95] ERROR 出现异常断开连接
Sat, 11 Jul 2020 09:32:43 server.py[line:88] INFO 服务器收到消息1: notify
Sat, 11 Jul 2020 09:32:52 server.py[line:95] ERROR 出现异常断开连接
Sat, 11 Jul 2020 09:33:09 server.py[line:88] INFO 服务器收到消息1: notify
Sat, 11 Jul 2020 09:33:09 server.py[line:88] INFO 服务器收到消息2: notify
Sat, 11 Jul 2020 09:33:32 server.py[line:95] ERROR 出现异常断开连接
Sat, 11 Jul 2020 09:33:35 server.py[line:95] ERROR 出现异常断开连接
Sat, 11 Jul 2020 09:40:41 server.py[line:88] INFO 服务器收到消息2: notify
Sat, 11 Jul 2020 09:40:41 server.py[line:88] INFO 服务器收到消息3: notify
Sat, 11 Jul 2020 09:48:25 server.py[line:95] ERROR 出现异常断开连接
Sat, 11 Jul 2020 09:48:26 server.py[line:95] ERROR 出现异常断开连接
Sat, 11 Jul 2020 11:21:37 server.py[line:88] INFO 服务器收到消息3: notify
Sat, 11 Jul 2020 11:21:37 server.py[line:88] INFO 服务器收到消息4: notify
Sat, 11 Jul 2020 11:21:51 server.py[line:95] ERROR 出现异常断开连接
Sat, 11 Jul 2020 11:21:51 server.py[line:95] ERROR 出现异常断开连接
Sat, 11 Jul 2020 11:21:57 server.py[line:88] INFO 服务器收到消息4: notify
Sat, 11 Jul 2020 11:21:57 server.py[line:88] INFO 服务器收到消息5: notify
Sat, 11 Jul 2020 11:22:30 server.py[line:95] ERROR 出现异常断开连接
Sat, 11 Jul 2020 11:22:33 server.py[line:95] ERROR 出现异常断开连接
Sat, 11 Jul 2020 15:58:50 server.py[line:88] INFO 服务器收到消息1: notify
Sat, 11 Jul 2020 15:58:59 server.py[line:95] ERROR 出现异常断开连接
Sat, 11 Jul 2020 16:20:20 client.py[line:172] INFO 发送消息 10328,connect 成功
Sat, 11 Jul 2020 16:20:20 client.py[line:175] INFO 关闭连接成功
Sat, 11 Jul 2020 16:21:52 client.py[line:172] INFO 发送消息 15028,connect 成功
Sat, 11 Jul 2020 16:21:52 client.py[line:175] INFO 关闭连接成功
Sat, 11 Jul 2020 16:22:28 client.py[line:172] INFO 发送消息 2800,connect 成功
Sat, 11 Jul 2020 16:22:28 client.py[line:175] INFO 关闭连接成功
Sat, 11 Jul 2020 16:23:33 client.py[line:172] INFO 发送消息 8968,connect 成功
Sat, 11 Jul 2020 16:23:33 client.py[line:175] INFO 关闭连接成功
Sat, 11 Jul 2020 16:26:34 client.py[line:180] INFO 发送消息 17944,connect 成功
Sat, 11 Jul 2020 16:26:34 client.py[line:183] INFO 关闭连接成功
Sat, 11 Jul 2020 16:26:42 client.py[line:180] INFO 发送消息 17944,notify 成功
Sat, 11 Jul 2020 16:26:42 client.py[line:183] INFO 关闭连接成功
Sat, 11 Jul 2020 16:26:44 server.py[line:89] ERROR 出现异常断开连接
Sat, 11 Jul 2020 16:26:44 server.py[line:89] ERROR 出现异常断开连接
Sat, 11 Jul 2020 16:26:44 server.py[line:89] ERROR 出现异常断开连接
Sat, 11 Jul 2020 16:28:05 client.py[line:180] INFO 发送消息 15012,connect 成功
Sat, 11 Jul 2020 16:28:05 client.py[line:183] INFO 关闭连接成功
Sat, 11 Jul 2020 16:28:08 client.py[line:180] INFO 发送消息 15012,notify 成功
Sat, 11 Jul 2020 16:28:08 client.py[line:183] INFO 关闭连接成功
Sat, 11 Jul 2020 16:28:10 server.py[line:83] INFO 服务器收到消息1: notify
Sat, 11 Jul 2020 16:28:16 server.py[line:90] ERROR 出现异常断开连接
Sat, 11 Jul 2020 16:28:19 client.py[line:174] ERROR 输入了空的消息
Sat, 11 Jul 2020 16:31:41 client.py[line:180] INFO 发送消息 13768,connect 成功
Sat, 11 Jul 2020 16:31:41 client.py[line:183] INFO 关闭连接成功
Sat, 11 Jul 2020 16:54:42 client.py[line:206] INFO 发送消息 1716,connect 成功
Sat, 11 Jul 2020 16:54:42 client.py[line:209] INFO 关闭连接成功
Sat, 11 Jul 2020 16:56:20 client.py[line:207] INFO 发送消息 1716,connect 成功
Sat, 11 Jul 2020 16:56:20 client.py[line:210] INFO 关闭连接成功
Sat, 11 Jul 2020 16:57:00 client.py[line:207] INFO 发送消息 1716,connect 成功
Sat, 11 Jul 2020 16:57:00 client.py[line:210] INFO 关闭连接成功
Sat, 11 Jul 2020 16:57:00 client.py[line:207] INFO 发送消息 1716,qry ('employees') 成功
Sat, 11 Jul 2020 16:57:00 client.py[line:210] INFO 关闭连接成功
Sat, 11 Jul 2020 16:58:46 client.py[line:209] INFO 发送消息 1716,connect 成功
Sat, 11 Jul 2020 16:58:46 client.py[line:212] INFO 关闭连接成功
Sat, 11 Jul 2020 16:58:46 client.py[line:209] INFO 发送消息 1716,qry ('employees') 成功
Sat, 11 Jul 2020 16:58:46 client.py[line:212] INFO 关闭连接成功
Sat, 11 Jul 2020 16:59:40 client.py[line:209] INFO 发送消息 xo29UFcEuhAtZP5eknVpd7858xkMka/vfD3YrkT4e8uB1RxsrkTxdVBKSUNJ0p3pwxql2VOLfmcR
PUM1KTnDjKopZzWo/2CJfV+vd+7eIk125g0CRtRgKk00E+uGU4i5VJ66Dv/PVAVPZSXlm6g69OtZ
Dtiz1Qbd7C9bOhN1xug=
 成功
Sat, 11 Jul 2020 16:59:40 client.py[line:212] INFO 关闭连接成功
Sat, 11 Jul 2020 16:59:40 client.py[line:209] INFO 发送消息 sABu5rmVyQKYIfC1fhKexY+PfvPX06qfbwLBsQ8A5ggYBRL2Ui83W788ht6km1uuMZ19TxzMYe22
Mn4xRPLmVDSL+W+WkaEFkuLocPV84rf7k/XsFkG+AWAw1YjCD4A4100LT5EPlcL3LJRbEq6V5oJJ
mwU2bNolAJnzI9f/PRQ=
 成功
Sat, 11 Jul 2020 16:59:40 client.py[line:212] INFO 关闭连接成功
Sat, 11 Jul 2020 17:00:46 client.py[line:209] INFO 发送消息 w5zEfWsK1wrpYVCpezFvykwJ/3noSpViE3sgiVJbPqg/Rh3jjQrhfYDVyuvZRRtTE7d5lnbSoDi3
E3MHAI/mF2v7wFwEAB+MU3NaZ5wn9uvERVejnxEbEnLny6UvhkfVBErV4+8K29s/8JfEVxekRNJl
Meu8cKa+1jhPFyluL4Y=
 成功
Sat, 11 Jul 2020 17:00:46 client.py[line:212] INFO 关闭连接成功
Sat, 11 Jul 2020 17:00:54 client.py[line:209] INFO 发送消息 Dgsr2xYYRUdHpiE0Vzao6T9fQsKrfmK2JHIirD0XeKISOWF+XpYqyHmueuVpp8f+Kv52hYbb+IGi
6WWjinK0e1HrWSSp+oDcSocpF6895bvo8DVxWfu+Ddv8/MYtGKqWwIT0o4RxH3p4fj2Fs3bKs4Of
CY+zF1k6QdswE3Osb0g=
 成功
Sat, 11 Jul 2020 17:00:54 client.py[line:212] INFO 关闭连接成功
Sat, 11 Jul 2020 17:01:02 client.py[line:209] INFO 发送消息 Ffux7TPdn65U/SlYTsg2XOew9g0SsFk06WoUxEASysXcHLWcuh4Gzti+pAdTNSSNqsdtcaU/Neon
Vp1vWgW9UGeq5FQTKgFs0/yZ8cS9G+yiOxiPa2RQ7HLJCv8ij0yNMXe0b2AYHMHfKTOs1VVDgKTN
K34XLqI7oC1mFKH48wg=
 成功
Sat, 11 Jul 2020 17:01:02 client.py[line:212] INFO 关闭连接成功
Sat, 11 Jul 2020 17:01:06 client.py[line:209] INFO 发送消息 XYY/weSykBiuvyQYry4u1Rvo1vrP+BsHz9+yVvApbK17f4jz8zFU2/wVD9ly9s/7uU4TU9ncRAEp
MtRIrHP+jxK0hfsh/HuZRvQ7TShxdNTpzObv5rHIKMV2fBBq0yuIWtC9ZlhsJUUquhCE9pI38Ogd
18Wihvy5xwUW4sxr8iU=
 成功
Sat, 11 Jul 2020 17:01:06 client.py[line:212] INFO 关闭连接成功
Sat, 11 Jul 2020 17:03:08 client.py[line:212] INFO 发送消息 T/7dkiIQW6PhM/O+ddFqS2fEY4/k+ArQT/L/Z+gqrXBoSym+/vBdyd2mVPAfVR7BN27OMEFM6muu
C8YnVEo9ISYpZ13ckHZid7K97IYBbqOmkV7oKGQuXGWjTkXpSeayLEyfK5VmsWaR/HtRhixrKK3y
QTq/n5K5Nl35VdRI9jY=
 成功
Sat, 11 Jul 2020 17:03:08 client.py[line:215] INFO 关闭连接成功
Sat, 11 Jul 2020 17:03:11 client.py[line:212] INFO 发送消息 Cl3aqanCtZNSY580jmSRO43okjLQiCwdS9jeST7BTzJikj5b1/T/jHfVnWZlWK7ngGI1SCNFGZjX
MpETLc5mUKIFhNFG+19S5ydyiDjNIyZNLSvnGUJInzleObdym8r1rWQ3BDhg/KMk/jcARRE8EqyX
P0KDlDG+zmaxgYHTzcc=
 成功
Sat, 11 Jul 2020 17:03:11 client.py[line:215] INFO 关闭连接成功
Sat, 11 Jul 2020 17:05:27 client.py[line:212] INFO 发送消息 OYKmuEuQVx0U5F8UwdLE2Agz7ziaF2WldpQw2eQ54KrkPpl0wPrpKtqCk+zOaak0dxaEFT9AgDJO
w+QqCQQAkiDq7Ix0+J8+1ZaGnZwPtOfJdzz6OOfIBRG3u2Ric6VSqwHa5MEGXcm37nraIpUKX8q3
fTeiDiPwspuFGg/EYbU=
 成功
Sat, 11 Jul 2020 17:05:27 client.py[line:215] INFO 关闭连接成功
Sat, 11 Jul 2020 17:05:58 client.py[line:102] INFO exit client.
Sat, 11 Jul 2020 17:06:02 client.py[line:212] INFO 发送消息 GJlxrZx9C0Th6FHEWWhoBjQ164SG/RcKXD9T7ZEa3ccQ8sh+uLw44MyYTuo7WaTJ11xR/juCqXxP
C/ciz9JIRXZh0vzvFK1EuH++hbkrxzPPswTVZEZpoQ54Bd+FOJsBFLXlXbtNQUDjQDyTrHi70HdD
QzY/QjnLaFrSEQNMzrg=
 成功
Sat, 11 Jul 2020 17:06:02 client.py[line:215] INFO 关闭连接成功
Sat, 11 Jul 2020 17:11:59 client.py[line:212] INFO 发送消息 ZbK4LoxCJcDGO+4mTuVcwHWO7fj5GRUUgJtcVAgXj6wUm1EeK8UgomwGia4joBWkoesEgNBmIyQU
kYi7eKeQx3R9IXlIrqeWdxfHk8IH1Ld9BuDn0UcgjBTwzuNKPbs4A5+h1WQCe8czjykSsW/++wq2
8TnPolKyK8K5ZxC1vIk=
 成功
Sat, 11 Jul 2020 17:11:59 client.py[line:215] INFO 关闭连接成功
Sat, 11 Jul 2020 17:12:29 client.py[line:102] INFO exit client.
Sat, 11 Jul 2020 17:12:33 client.py[line:212] INFO 发送消息 aw9KBaB2SNxoEEq5l1hnLlOJrX1Lu3gcW6IdhafmDQ4dfSdV2s6Frw95boNWC33PyI/0lmrNAHlu
sEP/louwOg7+iUMuUuM9PUVzgjYPlXdNmCE2hWUhbdLS3EOvZlMguiNGpqCHsSeM3zrHLeR1fla9
DzpRSFuwOdylXmGII+8=
 成功
Sat, 11 Jul 2020 17:12:33 client.py[line:215] INFO 关闭连接成功
Sat, 11 Jul 2020 17:13:42 client.py[line:102] INFO exit client.
Sat, 11 Jul 2020 17:13:45 client.py[line:212] INFO 发送消息 SLiSUyHkB0ej7h21SurdAkVBSzyzc9FMw6phy5mz3VGrK4dHU1SY6tAMlSdbwJ9mFCIs0TAdqZfq
zJqKmUuzaRXISPOgpC+uvjs9oeAH1YcZZ+RDiPkoENjriOaRPonGmxZtu2oqNOHO4mY6a3iz1Itr
G/LErugsB5g01juUeXU=
 成功
Sat, 11 Jul 2020 17:13:45 client.py[line:215] INFO 关闭连接成功
Sat, 11 Jul 2020 17:13:49 client.py[line:212] INFO 发送消息 zAMn8kuPAPkA1poflMGhOLnv/qS7S6OgdeuzuqyNKpJjCjtxVf9K0EBs/V7N1aOWb2khyQC8UQ60
8Ys8Lf6mO+JQzxrc8tO1h5gnNFMNMERCpIFiPDWHFoMR7xZnIpAydewZ1xI8g41/jDnt9NZuvZml
RFnmIw/YUw7gp8uI5sc=
 成功
Sat, 11 Jul 2020 17:13:49 client.py[line:215] INFO 关闭连接成功
Sat, 11 Jul 2020 17:14:43 client.py[line:212] INFO 发送消息 Rcp4umP0r6RA7J6JpV4eF/a4boTN4+U1Z/hm4WOViXLTxbv7HV70mKHRshfb9scAqqm9ItIsUk4T
L3ev9KC+hGhIAuXeKcQ3pkRGtYxtvzbWty1QCZJ/h6wrbmXjri0zj8GEzfeQf4bLA5DYWWgiS27v
FllChNURue5yOFmiCvI=
 成功
Sat, 11 Jul 2020 17:14:43 client.py[line:215] INFO 关闭连接成功
Sat, 11 Jul 2020 17:14:43 server.py[line:83] INFO 服务器收到消息1: notify
Sat, 11 Jul 2020 17:14:49 server.py[line:90] ERROR 出现异常断开连接
Sat, 11 Jul 2020 17:15:00 client.py[line:212] INFO 发送消息 Qr1/Rf02lyGIcxqGi1tLCqdMk5oZrLZuLeAzu88m/XD6OGTTWlZNamWkwb8gdx4b/LgTYnl8nNYJ
WL6M29QyG/chOTTrX1yIpmGKbXOWqyHBqukzqIQYJyLc2TlYDhYuVC67ZNuMIMGqPIDoyBlLW80m
32rDEUCS4GXKRNwYgdk=
 成功
Sat, 11 Jul 2020 17:15:00 client.py[line:215] INFO 关闭连接成功
Sat, 11 Jul 2020 17:15:00 server.py[line:83] INFO 服务器收到消息2: notify
Sat, 11 Jul 2020 17:15:03 server.py[line:90] ERROR 出现异常断开连接
Sat, 11 Jul 2020 17:15:24 client.py[line:102] INFO exit client.
Sat, 11 Jul 2020 17:16:11 client.py[line:212] INFO 发送消息 DExbtvtthiKZJ7Reernse70NHalO1WCOlfBQlGDaWD4SLw9fxDJiumoD0iYtwGgVWIekVlESQxsF
YSGluliI2kHupKccd2skvT59rZjDieqdWHmiwpEenXUCoH7TF613KoRdxpFck79YjfEOwmndJLDT
Z8VD81j9dK0kAmZpPNs=
 成功
Sat, 11 Jul 2020 17:16:11 client.py[line:215] INFO 关闭连接成功
Sat, 11 Jul 2020 17:16:15 client.py[line:212] INFO 发送消息 Ih0knwE3TvxHuuu8OUJUQ1Mc8ad9XkacV01ECPg/tqI58A/hYktAShB0mSNvgQg4itCe/DFZYUGt
xb1sQrL9uE4wvVwqUf/QqXuNd462bIEAAzXKdre4BRuP/OBAfefh2icUdiwhmFzQK61OWmoNdkGC
io3ZiWTLTbTGl3k+dW0=
 成功
Sat, 11 Jul 2020 17:16:15 client.py[line:215] INFO 关闭连接成功
Sat, 11 Jul 2020 17:16:31 client.py[line:212] INFO 发送消息 eMyCqt1+B4Iw4AiHd2/09Ywl3JxHMdZbH707MqJSY9o1irlvR3VcPu8WEffjMgFGkW12nKaWrefu
Rrhb0eK9x5Dpd2YHs3LK13yrDzdm9tr0gkqOZjFMsUF/FtevQ+Kuijw049LHtZz/SnxZkv1Zjw9L
iXAand/AGtSjWcVo5pc=
 成功
Sat, 11 Jul 2020 17:16:31 client.py[line:215] INFO 关闭连接成功
Sat, 11 Jul 2020 17:16:31 client.py[line:212] INFO 发送消息 gveHuN79l6H1OH9WWFABYsZ3XRrDBHLfx3//A9RhmYae7UF5r1oYEIWs9/9/ZeEj89F/ek5PCBkB
AxmznFjWnp9JJdbCk89wRY3SUQ1dgj1pnTRjy1npn2++U5XIL3NQ81O01jHunVBPYhzrMtjHJg5v
VfX5PtulZf6w6CyIkPc=
 成功
Sat, 11 Jul 2020 17:16:31 client.py[line:215] INFO 关闭连接成功
Sat, 11 Jul 2020 17:19:33 client.py[line:212] INFO 发送消息 ey1t4cjWQmESc0mMEB3BkwnfhfZvUMg7MolyRdolQf2XbyoyksYBhu95aC8HI5aT5y8uFMPQf0pw
L5aQmhVXDTnm4q/b0DhhIG2EbRnuj4+EsGR8agnFgjMyt/IDSBYaDiMVL4PKt1q9mQgDJFiPgKMX
mQmKCfKpOjM+wWj1Osk=
 成功
Sat, 11 Jul 2020 17:19:33 client.py[line:215] INFO 关闭连接成功
Sat, 11 Jul 2020 17:19:33 client.py[line:212] INFO 发送消息 xUFSoQJjqIw1+DsjHGIphEZKjf0MRllLldSSaWDXoeStXgtQ6KzY/x46z0KSADfYHBm59xsV4emB
V6sSo4wdDnwcgxZ+zI0JuIzejjN4DZs+8aW26K9o23DvERJr8e1nE7MonGijnSrQLFstNSa2+kF8
3MJP3pYL51F+Ul5hgg0=
 成功
Sat, 11 Jul 2020 17:19:33 client.py[line:215] INFO 关闭连接成功
Sat, 11 Jul 2020 17:19:49 client.py[line:212] INFO 发送消息 C7vF2lyq4xx7gxr6538NUC8mSMWel+J5CszVf/XAKTMzH/NtG9ceIhpC3Ei2xOw1FxEA63XoSF9u
JSf4cr1H9ogxbkLAt4J3ycn7ibTPblQq841nmVxdoeiNa88CkxB2zxFIQAlXyw9u4ReORSHj978Z
km6AQEQEwLrt5+qYLcw=
 成功
Sat, 11 Jul 2020 17:19:49 client.py[line:215] INFO 关闭连接成功
Sat, 11 Jul 2020 17:19:49 client.py[line:212] INFO 发送消息 WT9qxk6IaRZ133wUxzk0wDc/W0DX5IwAe0m0JvE1ZRKjb9jDbF6UXe08uCv4K57bsRAVInd9pe05
+EYbCRasqjUadZKCX0jwfS2GpWnB8JBxdqDGF+Jht6Ix8ct0cvW+hal4+qGQNMTlRnxGcPjYKkRJ
+7neYf/Y5Cx0ks5Fgm4=
 成功
Sat, 11 Jul 2020 17:19:49 client.py[line:215] INFO 关闭连接成功
Sat, 11 Jul 2020 17:36:54 client.py[line:212] INFO 发送消息 Ze+JJO8vIhw4IyaXcxPdg/qbAneFTV625imYtw/6DMWhjES34rywYEWegLDSEr+Sx5C31XiqAGtW
Qk4p3YRPjLq4CpeHiVTxAiercukUgLqQ5oyx1GBo9ybot52GggSpyfAtrHshJr9YPaTXxhjGIDr8
Zj2JYefvK8gtq7OCUCA=
 成功
Sat, 11 Jul 2020 17:36:54 client.py[line:215] INFO 关闭连接成功
Sat, 11 Jul 2020 17:36:59 client.py[line:212] INFO 发送消息 AO8OFQd8Oqgd1ZiHwkOLAWrR7gz7LnakaOmYCtNjw65yBoQWGyrk+FuPHDE1gFSGyKBPinqo4+V8
j+wado/DO1mHOyRr97oPSCtlI6yV2njDmGa4kkppl5zXGt+WrhHR9Kab9kzji8rgkJmSynYvkLD/
0nzA+p4P4++xSEQieEs=
 成功
Sat, 11 Jul 2020 17:36:59 client.py[line:215] INFO 关闭连接成功
Sat, 11 Jul 2020 17:37:25 client.py[line:102] INFO exit client.
Sat, 11 Jul 2020 17:37:28 client.py[line:212] INFO 发送消息 Jth+T8ewP+Q40kDTVB13O62lo1bb+pZMhnRdBQHuMTddEsZHXN6vuBeXJi0cCneBoR9y3tTq+dy9
JkN9fwu4kAt5CBhit7pomhCfKyZGdAcRTkxDALEWlR9uhFkqDfY+01a9pGp3uGz645tAZRNhOGYy
LEw9myq5AMrEskW/oAU=
 成功
Sat, 11 Jul 2020 17:37:28 client.py[line:215] INFO 关闭连接成功
Sat, 11 Jul 2020 17:37:59 client.py[line:212] INFO 发送消息 MT0Yyv/D7LYLNyxT1UIFTRKKmyY0gX8mdN+/ekXiasHrF+N+tgeWe9QTcViPvcJH1EZrBbRAoPTg
0IMEPoiQZ3e6fxWP17+sNL4D9INSGVkJi4IjX/VCWbc21xOHfFnW+Q4hjuSxqEXd0xvGc71ZKIFh
tbeoWN8exkOVEvCPLJM=
 成功
Sat, 11 Jul 2020 17:37:59 client.py[line:215] INFO 关闭连接成功
Sat, 11 Jul 2020 17:38:32 client.py[line:212] INFO 发送消息 GSUUkbi0McuZshF3QCd6Mnr5KrJfNioPYP7FWNMO3/nMDpphRHCEG/eao3wN52POv4Ckew/E/56/
HEBh2QzezzwoH3KqdkMRq4est1SB4OomEHqCQX7SwjOHAMsziXRIEIKq3NAXg5yvYEQ4Fn+fdSjG
IF889rG0D4aafHfrGn8=
 成功
Sat, 11 Jul 2020 17:38:32 client.py[line:215] INFO 关闭连接成功
Sat, 11 Jul 2020 17:39:12 client.py[line:212] INFO 发送消息 Fb/pJphJsrKqd3KEwX28QlNfHgEQUk0foqTimHrr+wdjp0h1rViOxpN4Fiyy0OKoU4ZwqSTPOf8A
pSEyBrn1xLvBC0aeaXXYoIr2vrtFYFh+AaFVHTuLqTnRNjWv9L3hfFvZHvj3awlbI2SPA4VORDlg
tCcr3axWTtZOaTXJppI=
 成功
Sat, 11 Jul 2020 17:39:12 client.py[line:215] INFO 关闭连接成功
Sat, 11 Jul 2020 17:39:22 client.py[line:212] INFO 发送消息 sJ4VcwDr0AZaLftsI9D91X1SkAQsgVo4+c4vPFWl3gj4TUoHwaOJblmG+NTd9/XyNIbt+7NmkQjZ
A0eBxGGpxfeyqivq33kO11BZ3TuebvK/QPKU524XI54uuBF90aPEBBoKJxl+be4JMnqGSFnb+Pzo
aUdF66DpOHUN/8/oNcM=
 成功
Sat, 11 Jul 2020 17:39:22 client.py[line:215] INFO 关闭连接成功
Sat, 11 Jul 2020 17:39:33 client.py[line:212] INFO 发送消息 o1Cgyl3XgTd4ttziUl40QxIXQ8N44qupPxZll0pBFROZDkCKfCoIZZRFvh0RlDbxzcBXcBnj0fPj
L5+OCJLpoabdjHkeF/7iZWklMwJy9Q8RuWpMrp7lV7v2/AedZM63HAw5Dwwqt8GBbF/LuJoBrMIN
2eSr/cXfl+w62eNxVIo=
 成功
Sat, 11 Jul 2020 17:39:33 client.py[line:215] INFO 关闭连接成功
Sat, 11 Jul 2020 17:39:59 client.py[line:102] INFO exit client.
Sat, 11 Jul 2020 17:40:23 client.py[line:212] INFO 发送消息 mxlIZDjDDEpQX2AiUXGVarvA/yspFwjHISzAdNXH32RxtqRRAnRCFPMZRFIeW42ucJNWwDW0goUx
tBl41mivh+M7RerF88ZcxEFsWM9BQntcurG/FWot+AMjVAWmX2ZR9THTmSnoNWdTI+Jje0IlCye5
C6EFlKEwe06Q5xoWZWg=
 成功
Sat, 11 Jul 2020 17:40:23 client.py[line:215] INFO 关闭连接成功
Sat, 11 Jul 2020 17:40:23 client.py[line:212] INFO 发送消息 XqszCpiCCWwDQ4fO6i4u4utq+IsBWQueaGZUHeiDh0taglHrmH7u87FCpCagXB1VWOpRNARAyx4Q
4KyrA8uuWxQvA1m95mETRqXxQ1a5zI7g0vzuHgymeXMveez+JvRjL9Y1vtolYjo53ISkJ45ZSC6/
+3zO/12EE1j6y/PWCww=
 成功
Sat, 11 Jul 2020 17:40:23 client.py[line:215] INFO 关闭连接成功
Sat, 11 Jul 2020 17:42:02 client.py[line:212] INFO 发送消息 NGq4y+MrJbe1j20+tYRPursoBOgozKdOV4G91SAqgYy8jzyDLoCt6dj2BPWb1l8dlN9I2yVjDvGT
eOMfvkuSIpA8C/fi14z9iGzM5fE3wnV7ZiwcpgkqdPu6+SP+UMGhoL7PGiZykN5KBI6dBywAKYCb
7IKNpMeIWpAV1FqlrhA=
 成功
Sat, 11 Jul 2020 17:42:02 client.py[line:215] INFO 关闭连接成功
Sat, 11 Jul 2020 17:42:02 client.py[line:212] INFO 发送消息 LPmXVQkDt+TT291PVScBCzWyJtQpfdid+BIdXRKC8yeKCKfsk7sBT1/roC3hIEIs7hDP0OspTIET
SnXGeJl/68TIk5mkRsMW/KLCDLrYo6nDy86ZvCw4/pBcXSCz+aky81YnpvYlxzCeHeKwxQsaFbyE
EBRYn/OM+xG6XtiQuWk=
 成功
Sat, 11 Jul 2020 17:42:02 client.py[line:215] INFO 关闭连接成功
Sat, 11 Jul 2020 17:42:28 client.py[line:212] INFO 发送消息 S3UNiOtlZrg9fqDHTDKbuB4dkBhrPJZJnjk9/9+uEWW+VUyObUpJSLXbDrwCpa21YT1XYxL3jjCs
BydKWaRto/hghKmlrT8culXlkPC9jDwTNTVLhaQ4+NO/N50ijvVTBFb4MwD7kL/it9X/xUaHXiyh
cVK2jSTURt8d07BcqXU=
 成功
Sat, 11 Jul 2020 17:42:28 client.py[line:215] INFO 关闭连接成功
Sat, 11 Jul 2020 17:42:28 client.py[line:212] INFO 发送消息 NjWoDaN3/kcroter0n62wIMQ8MHIG2ykVzb1jpfVWbEsRcyuXI2E2PevGQVeh96obdR8MGi9oWi5
8l2xjDv9xVAg3i3rj7rh1XBMkG6t3nVAUfiJ1/LvVLkMgRbN33mQJpJMbqbEEQ8vYrtMG/G/gdhi
ejJWUNT61zs/sxpcfk4=
 成功
Sat, 11 Jul 2020 17:42:28 client.py[line:215] INFO 关闭连接成功
Sat, 11 Jul 2020 17:42:37 client.py[line:212] INFO 发送消息 QLDUr5ewYcFMcYD2Q4L3Z4XKJvrpCnXKYiAizB/ityg85lpdPKvNwhGauHf47jEx51rk4c31O6S/
j9xIay4UQ3sxVh3qApgXfPD4UapMJjnLOnq9jG8gHV2ATaMPE/CbZ5LRPY9nplnOy1nqGjUBaS3u
nbY4arb1la2EZweKg6M=
 成功
Sat, 11 Jul 2020 17:42:37 client.py[line:215] INFO 关闭连接成功
Sat, 11 Jul 2020 17:42:37 client.py[line:212] INFO 发送消息 JTObgtMevAa9sr04pl1yqaucQI4+2R3CxlO0mE5uJik2fhYcbzz4SB0AYsubERB3CEdbVYyDmUOH
JPMm1mtblk9aciqg4/WRQJvCVF4Gk+p0AcEUdeJUKoL89H6gLOn8goN+BHXV7ebGnN0abO4o4E8w
DH9Fd1YhyxN+I1sb3aU=
 成功
Sat, 11 Jul 2020 17:42:37 client.py[line:215] INFO 关闭连接成功
Sat, 11 Jul 2020 17:42:37 client.py[line:212] INFO 发送消息 bk9cCfUqTPUGDsqOQtAuKr+ZTuvcRe381VvwtSVivjY7h2PwxWojXxM7zN3W+AbVuD8Vdt8SVURY
SNOO1YrQwF8vAcp/oVl1IrxQSjbQ7teJk/2XqCPhPJAvyGeUYgV5bf3bVJb4KiQ/DAIyIIkD1h2x
HLxIJ37PSBK2fW21vxw=
 成功
Sat, 11 Jul 2020 17:42:37 client.py[line:215] INFO 关闭连接成功
Sat, 11 Jul 2020 17:42:37 client.py[line:212] INFO 发送消息 Sv26DuGDxdpuXZjFDwmdu0BaOIR5XjjUbiP7AUx7Ts49O3K+6No1SpB8Vi8CMaShnSCl8mBrBQBa
rJVHRYaGF61J90YWYI8t/7xlbFCG2ZyfzzviWjHW/qHcGVSA7izeJTX/uBnYnuqyoSfdd+Yg4f8f
lHIFMAJkZ6Qn2vfCGdQ=
 成功
Sat, 11 Jul 2020 17:42:37 client.py[line:215] INFO 关闭连接成功
Sat, 11 Jul 2020 17:45:47 client.py[line:212] INFO 发送消息 T2xHEyo+l+tT7zIRxBjnPWmr/BkQ/BL+HCKPKpw68xqR5b68Vi9ylUnI7/K6zFUnsPaRyZy25l7j
U4sHxEw2Gr9RBjFlI7toMFY9Uklw7IPsUwGxuHiMK/6C6xWuytVw1hfGLPBqPhQp6VsqZn90WzeS
AfFA8ikbgKz5HN8s7To=
 成功
Sat, 11 Jul 2020 17:45:47 client.py[line:215] INFO 关闭连接成功
Sat, 11 Jul 2020 17:45:47 client.py[line:212] INFO 发送消息 Pq1hNDviSm9M+0qbGERKd5kAoBbiKWRD4tz/xIQKd2ZtLBs+qD0jf30TplwHCg7Gy3VRagp3YR/i
xtF06CJwJ/NS1V3BNUTgiuOMNF6MFg/w2TJbaOx905Wc/zDzk27BVCVKt13C/Etw4twr9BPyDhXg
bjiFhx8N7vd8zmrvBsI=
 成功
Sat, 11 Jul 2020 17:45:47 client.py[line:215] INFO 关闭连接成功
Sat, 11 Jul 2020 17:45:47 client.py[line:212] INFO 发送消息 D9e+A83hG7B5JSeRRBc6eT/KRt9qkW1GoUAPk+oZejV18V0/gZWpcntj/ZNT4SBvz+ATUw5AptvN
6D7apeicpYoCQikj57GM+bKAJN54yoowa8NAc/qoFhw5sspyTOLiaWLer1EWT/yMexwYv3Amq30F
AYzO0LDQvXcY3bRN5sE=
 成功
Sat, 11 Jul 2020 17:45:47 client.py[line:215] INFO 关闭连接成功
Sat, 11 Jul 2020 17:45:47 client.py[line:212] INFO 发送消息 qXP5gixjauXuNJrELsgPG5Z5f4Ok3AN/Zm5vMVvthiNHIFtv0aZjO3450s+1fuFiXkD0ovN+ghNn
Tqy41Aspp4Rv68ru2KhB7NdQwT4U9b3geQ7QA/LYvfaQq5q4C/sbizHbAPs++BpPUcMyAw2FMoq4
DmzDTcTD7+yBlPMzzIk=
 成功
Sat, 11 Jul 2020 17:45:47 client.py[line:215] INFO 关闭连接成功
Sat, 11 Jul 2020 17:49:58 client.py[line:212] INFO 发送消息 f6T0WesXq33+8NH6phYc2RngUXE/kKZRoCEat3VC8Uw29iOCBlHGGxC8m0o2q79PxSWkdUr5j8Zl
tus7HKSDE2BHcxNZ82SpHL0xYJC1bmn4Z/Ot9TGL4YtfxN65rYI+NTIRKWmQBGmaGNahCwz/1+gH
Nopg6IyS0rQB463zTGk=
 成功
Sat, 11 Jul 2020 17:49:58 client.py[line:215] INFO 关闭连接成功
Sat, 11 Jul 2020 17:49:58 client.py[line:212] INFO 发送消息 TF50Cf6rP0cUzFtefvWY6MXx4mti6tJNGqWQujlBjjWTZ+xW2Mp3mbZ79pFbCWVLx6vhD7mR7G8v
Ekvu1YxnZ7loqLjIu2aKwROAM9UXHdHtyUkCzfwji28iO8XAaXXDC7k49ETr2/TqyWocZWY+34U0
zrY8TtNN5VJpqdKDsdM=
 成功
Sat, 11 Jul 2020 17:49:58 client.py[line:215] INFO 关闭连接成功
Sat, 11 Jul 2020 17:49:59 client.py[line:212] INFO 发送消息 QRh+l2aONG9uzOP2Ua+tc/mbJaNdQiDzaEjR+DjI7g1gK3JofNDUMS+JRNlDqFXF+FeWiz/21l1H
q23HHCVQ55gZkqxtQuYXtUFgpqBuhlAOo2t2djJ5+7hkhRTVzPStulCGvYLe2MOLLSmdOb5zfExD
/iBEas29ak/8uy5LsAU=
 成功
Sat, 11 Jul 2020 17:49:59 client.py[line:215] INFO 关闭连接成功
Sat, 11 Jul 2020 17:49:59 client.py[line:212] INFO 发送消息 zyz0LgGeg7b14+rk1gEGiKPGwqqNIv+VaLXc8os3A9avqai4wMGVTyRS35t9+Y/IvTXgTPbPvi+C
CSaXXrn444Zr1z5a05ztZfPbNOiOzJXgGB+i5F9Zbd0RoFrWhtcLSzVPvFeObZn7owdoeTz45ajH
Owz6JGcbfkBJ8xgDLKU=
 成功
Sat, 11 Jul 2020 17:49:59 client.py[line:215] INFO 关闭连接成功
Sat, 11 Jul 2020 17:52:41 client.py[line:212] INFO 发送消息 qizr6/g3BwP8hWicXiO9S9ZvBJ722lvLDSu+LRKM0U8Lp9bEWUqdWoKHFcaqSGU8ZuSyQ5VoD7F8
b215tmplsNDJvod2UKn4lUVv6ITOiar2/Ijv9r5RJul0hm1kHIfn2r0WrwCmDCG470PwDbB5jEQW
v246ZnHOGj4Sy1/imNY=
 成功
Sat, 11 Jul 2020 17:52:41 client.py[line:215] INFO 关闭连接成功
Sat, 11 Jul 2020 17:52:41 client.py[line:212] INFO 发送消息 KsmQ75SJj2jbHDcaYQ/F2xn8YYDv/5MpRJ9O3Ismq50nraJDGY7mzxmGwUzPNoLmBd1rTFDYB/up
A6C31RdQ6ArELyN+eGWhcp+lt0m9oQm0iH+CUza94alw75C04GTTXo9sbbN3VGwlolxSDLXDj5Pa
TUybHBtuYqCa+zmgu1U=
 成功
Sat, 11 Jul 2020 17:52:41 client.py[line:215] INFO 关闭连接成功
Sat, 11 Jul 2020 17:52:41 client.py[line:212] INFO 发送消息 QnZ7zk/ZgCza+mf4i+0TMKmu7XRvmC0G6tSEfk3PpGw0vNmJQAgqlPZY6/5yBFNTrhLe2LSjfJX1
rWEWAt009SXMri7YSyD/H06hClmP+ZlLbqubZRhM3OpUs7+zos9WsdV66lsvzE0tb1bZvMbb0TgN
rLuDtHujY8FzFv5n3Js=
 成功
Sat, 11 Jul 2020 17:52:41 client.py[line:215] INFO 关闭连接成功
Sat, 11 Jul 2020 17:52:41 client.py[line:212] INFO 发送消息 Oaw/CSZeY3fTPHxnJ308QctONNrg8pcmOvtemiqS0sn10jxn9EaBgKgY7FnTTF9/8k5sZHvv01Ih
7tAbdQkcHU2zGxejeND9GfjgNrGs65P3tmAEV1AnlWd+6yJEl3/OvV2016Qpdv+5UyKJVID5m1JP
isdZFYJR9SL5FrNh8Ms=
 成功
Sat, 11 Jul 2020 17:52:41 client.py[line:215] INFO 关闭连接成功
Sat, 11 Jul 2020 17:54:47 client.py[line:212] INFO 发送消息 on+ursEI4aW9He66T30o+g8tOo+AzzE4ssM84M0+xDeVHwlOBgwkj3wqhEmoxpqMYTl0nyqgk6ip
GzIj5K26wYXD0UmVhUkYKf6/z2Ux6CXTNJuOFIYehBNdGomhgh8x7jGeeuQNZGxWyvaw+ydEMQ7V
8+tXFFjtLdm1QXVl79M=
 成功
Sat, 11 Jul 2020 17:54:47 client.py[line:215] INFO 关闭连接成功
Sat, 11 Jul 2020 17:54:47 client.py[line:212] INFO 发送消息 k0/WrNCVCcn0vo44qj9rmQGHYjed4KVKXeY0Tu/ceBTso8tazQ4sF4rAz8MDbHxvOhrxuUNg+Y3E
E28uBR/UUi6/W7Dzy9gUhdBo/AV1caFEVqEdE+65/eMKbVMNP8VcELdATtq0EpGavZEP3z4/FQN8
xdbrqOGe8KlW2NYilaw=
 成功
Sat, 11 Jul 2020 17:54:47 client.py[line:215] INFO 关闭连接成功
Sat, 11 Jul 2020 17:54:48 client.py[line:212] INFO 发送消息 zMd0QCimAsDQ+Uec/ijmO8zwTvpG9flESwlyu21rn2MqEDthHPxM0LiJ92X0eqkOJgIwZAg/Q8UT
ZzsYd3XSI2ePxHdBeqTaU/xcsnz0CFsyboLvd0F2Xaab3T8hEDfNfXyPsvCiAWwlbVTIZcTAPsE/
qZe47gHuke45urPFPnw=
 成功
Sat, 11 Jul 2020 17:54:48 client.py[line:215] INFO 关闭连接成功
Sat, 11 Jul 2020 17:54:48 client.py[line:212] INFO 发送消息 o821Cgtgbft4Zb6Bl7kWoR4127w8o/yWiKiy5g938enaF56e1NqIidFKxJQ/aev4dc31eGnNOfg8
ttMkuBXxkevkbhN5SpresVYQ+/WbPk3rXUvUB91GYpODfRvnogBNrS4vCxnxoTOGJZmHsiybxD/5
S4fbqDCAHvScYVLTqYc=
 成功
Sat, 11 Jul 2020 17:54:48 client.py[line:215] INFO 关闭连接成功
Sat, 11 Jul 2020 17:55:39 client.py[line:212] INFO 发送消息 Dhur/twtlmURwjRnoomLirtLdNdw94BmaYVMWk8Tn9awm9NJOQIc7tQ+bWmcf2QFCz00eHzsNfWe
o9j/EQVsd6aWpHO18yz42ecnZe/Ffv706BCSiVV7UgGjExjE3MYewAy+x21nI85XH88IYkYdd5EU
QFDWf6BP5hFWH20fWiM=
 成功
Sat, 11 Jul 2020 17:55:39 client.py[line:215] INFO 关闭连接成功
Sat, 11 Jul 2020 17:56:36 client.py[line:102] INFO exit client.
Sat, 11 Jul 2020 17:57:03 client.py[line:212] INFO 发送消息 SHJlquhYW3mtq5gSXYePC/mBfSAv4ETIbwYhmqwO5bgSv0LXuejTP3JRFiZkiRvK7beagLmiYgLe
iERIVYzzAhaM/FTvDLhBby/57qYLNk0rzMwEFFECf8j+jI6O/oNal2K1AvNg/ISdknFlucTOGiTI
6mYgZiYSYlGR3ZqT5+s=
 成功
Sat, 11 Jul 2020 17:57:03 client.py[line:215] INFO 关闭连接成功
Sat, 11 Jul 2020 17:57:27 client.py[line:212] INFO 发送消息 ZEDZUDlkkzeoLQGV2UGaiw+91Tzk2rb+gxX01mryktbR3ZxRgIpkT6S0oyN66tb1oB4X3gpWZ9S9
1oUYkEoju0yl2yrIYX76+6fZPa69mpdV9MIJCdjuP5r6PXuvRM8l5huaiUjrjwqXvVBPwpjgfLhw
+JweW+yZAWFWhKMp/7I=
 成功
Sat, 11 Jul 2020 17:57:27 client.py[line:215] INFO 关闭连接成功
Sat, 11 Jul 2020 17:57:37 client.py[line:212] INFO 发送消息 Fs9+UAmiJmDlIYsYqMpmGRmEoZE+gWYXMZV1iHLNDRu5dsLe9BcGuiqrDEYdtVhhF2SkEyIUsL8H
TD1aOUwtNlWOlZCgmhnqY6O+V3SWLB4iKOKsAF4YFV4Aec9+WjvMQjtqbHUnUJ4AK6bIPik0LHWR
yhNORO07h5dwXz8G6a8=
 成功
Sat, 11 Jul 2020 17:57:37 client.py[line:215] INFO 关闭连接成功
Sat, 11 Jul 2020 17:57:53 client.py[line:212] INFO 发送消息 xRVFxf+It+6D0nVznH5hihV8KPu3J3a1ECkmFOO4kcPxx4DMokmZebZgLcgS1z91z3y6AblxdZ08
SyGDj+WbO8g3pvBsQHGH7plK1PnhMHwFOwH3MM+kqsvlaGnXMuAs2pBYwGJDtPV3Dam1fST8BalH
pnrZCmzSQ5UKlR8EmKY=
 成功
Sat, 11 Jul 2020 17:57:53 client.py[line:215] INFO 关闭连接成功
Sat, 11 Jul 2020 17:59:39 client.py[line:212] INFO 发送消息 F8/FFzzbePIviRQRwpVWye0yrPGaY7zSoXU/dzxnk4WWO3fPtCXTH2lotGRc4JDY+6zVjaF/lGnp
u7iyXo8eTw1Gp12AEgRjcd4SR2KTn6obBoPPb/gkmHBqpIIEn0++SnUYHuD9gG4cWsV1yJDYu45a
T1eor9ho2WKhlmyZD1g=
 成功
Sat, 11 Jul 2020 17:59:39 client.py[line:215] INFO 关闭连接成功
Sat, 11 Jul 2020 17:59:55 client.py[line:102] INFO exit client.
Sat, 11 Jul 2020 17:59:58 client.py[line:212] INFO 发送消息 J5gzUPtKF1O0dSa+XJ7x1DKdSjFsblnHKbHSZnXCrsOB5SE4Vt7duHtx8YQs6R7/YHXDvolvuqTx
iyfwvgCaRCxbo5iHuKS76wTMCSDFjKrb+W/g0MeP7zfVDCJB5ORwpapf0pGtfQtEUg9hMRSCv1kQ
TgNMWjhU1+V8zflyNCM=
 成功
Sat, 11 Jul 2020 17:59:58 client.py[line:215] INFO 关闭连接成功
Sat, 11 Jul 2020 18:00:02 client.py[line:212] INFO 发送消息 FaBHvzyIL4nG/F5smXj9JMUkqKYoPS/jcNb8LLn6vypFO9c1Ww2XnzZoJI/q1s1WEzMl+rOI4q8p
hAboRflRxF61DzlM1JpDJkKuA+sxbpmB6eTM57eOUnHtPIWgDjhGpvjHtFzWSrTFKOeLH24Awg79
VobTyLNHr3lkb48/uGM=
 成功
Sat, 11 Jul 2020 18:00:02 client.py[line:215] INFO 关闭连接成功
Sat, 11 Jul 2020 18:00:17 client.py[line:102] INFO exit client.
Sat, 11 Jul 2020 18:00:20 client.py[line:212] INFO 发送消息 WaaVCDLSgBdJ69EfEAuqETeEgFeElAY5mAevTHENpUjQLne4ZMP1twhRWB0VP1fmeShP2WFxA313
9nV5dS1pj0AA1KLaJpBVEhudp72av/e9C6Uz7jMJkC/7lTk+bshVrAoD6OjUt1cRt8l5r3MtqlW7
xog+/3lf/iYj6GXA0Jo=
 成功
Sat, 11 Jul 2020 18:00:20 client.py[line:215] INFO 关闭连接成功
