Wed, 08 Jul 2020 19:29:34 client.py[line:26] INFO das 发送成功
Wed, 08 Jul 2020 19:30:26 client.py[line:26] INFO dsa 发送成功
Wed, 08 Jul 2020 19:30:33 client.py[line:26] INFO da 发送成功
Wed, 08 Jul 2020 19:30:38 client.py[line:26] INFO d 发送成功
Wed, 08 Jul 2020 19:30:42 client.py[line:26] INFO s 发送成功
Wed, 08 Jul 2020 19:30:43 client.py[line:26] INFO a 发送成功
Wed, 08 Jul 2020 19:30:48 client.py[line:26] INFO lo 发送成功
Wed, 08 Jul 2020 19:30:51 client.py[line:26] INFO notify 发送成功
Wed, 08 Jul 2020 19:30:58 client.py[line:26] INFO close 发送成功
Wed, 08 Jul 2020 19:30:58 client.py[line:28] INFO 断开连接
Wed, 08 Jul 2020 19:30:58 client.py[line:32] INFO 关闭连接成功
Wed, 08 Jul 2020 19:40:41 client.py[line:26] INFO 发送消息 das 成功
Wed, 08 Jul 2020 19:40:43 client.py[line:26] INFO 发送消息 sa 成功
Wed, 08 Jul 2020 19:40:45 client.py[line:26] INFO 发送消息 vcccx 成功
Wed, 08 Jul 2020 19:40:47 client.py[line:26] INFO 发送消息 3432 成功
Wed, 08 Jul 2020 19:40:48 client.py[line:26] INFO 发送消息 wqe 成功
Wed, 08 Jul 2020 19:40:50 client.py[line:26] INFO 发送消息 sda 成功
Wed, 08 Jul 2020 19:40:52 client.py[line:26] INFO 发送消息 qwe 成功
Wed, 08 Jul 2020 19:40:53 client.py[line:26] INFO 发送消息 sad 成功
Wed, 08 Jul 2020 19:40:55 client.py[line:26] INFO 发送消息 asd 成功
Wed, 08 Jul 2020 19:40:57 client.py[line:26] INFO 发送消息 asd 成功
Wed, 08 Jul 2020 19:40:59 client.py[line:26] INFO 发送消息 szc 成功
Wed, 08 Jul 2020 19:41:05 client.py[line:26] INFO 发送消息 notify 成功
Wed, 08 Jul 2020 19:41:19 client.py[line:26] INFO 发送消息 close 成功
Wed, 08 Jul 2020 19:41:19 client.py[line:28] INFO 断开连接
Wed, 08 Jul 2020 19:41:19 client.py[line:32] INFO 关闭连接成功
